<?xml version="1.0" encoding="utf-8"?>
<TestRun id="fa782363-44dd-430a-b007-5160f16310c2" name="@lijiajundeMac-mini 2025-12-19 14:19:50" xmlns="http://microsoft.com/schemas/VisualStudio/TeamTest/2010">
  <Times creation="2025-12-19T14:19:50.4360700+08:00" queuing="2025-12-19T14:19:50.4360700+08:00" start="2025-12-19T14:19:49.6680440+08:00" finish="2025-12-19T14:19:50.4715090+08:00" />
  <TestSettings name="default" id="84859688-f5a5-418f-a7e8-dceac651adfa">
    <Deployment runDeploymentRoot="_lijiajundeMac-mini_2025-12-19_14_19_50" />
  </TestSettings>
  <Results>
    <UnitTestResult executionId="5281b03a-85e4-44f7-a1ec-52cbcd233501" testId="6cef61c8-b1ef-afd3-6982-ccdef7fd84c8" testName="Old8Lang.Tests.Interpreter.Modules.Integration.ComplexImportScenariosTests.Import_ModuleFactoryPattern_ShouldCreateDynamicModules" computerName="lijiajundeMac-mini" duration="00:00:00.0002121" startTime="2025-12-19T14:19:50.4010950+08:00" endTime="2025-12-19T14:19:50.4019790+08:00" testType="13cdc9d9-ddb5-4fa4-a97d-d965ccfc6d4b" outcome="Failed" testListId="8c84fa94-04c1-424b-9868-57a2d4851a1d" relativeResultsDirectory="5281b03a-85e4-44f7-a1ec-52cbcd233501">
      <Output>
        <ErrorInfo>
          <Message>System.IO.FileNotFoundException : 测试文件不存在: /Users/luckyfish/Documents/Project/RiderProjects/Old8Lang/Old8Lang.Tests/bin/Debug/net10.0/../../../OldLib/factory_test.old8</Message>
          <StackTrace>   at Old8Lang.Tests.Interpreter.Modules.Core.ModuleImportTestBase.ExecuteCodeFile(String relativeFilePath) in /Users/luckyfish/Documents/Project/RiderProjects/Old8Lang/Old8Lang.Tests/Interpreter/Modules/Core/ModuleImportTestBase.cs:line 39
   at Old8Lang.Tests.Interpreter.Modules.Integration.ComplexImportScenariosTests.Import_ModuleFactoryPattern_ShouldCreateDynamicModules() in /Users/luckyfish/Documents/Project/RiderProjects/Old8Lang/Old8Lang.Tests/Interpreter/Modules/Integration/ComplexImportScenariosTests.cs:line 385
   at System.Reflection.MethodBaseInvoker.InterpretedInvoke_Method(Object obj, IntPtr* args)
   at System.Reflection.MethodBaseInvoker.InvokeWithNoArgs(Object obj, BindingFlags invokeAttr)</StackTrace>
        </ErrorInfo>
      </Output>
    </UnitTestResult>
    <UnitTestResult executionId="53179ac5-0823-4a80-b50e-9db4a7ca4010" testId="69c5ff04-1d40-f211-cd80-66924d255562" testName="Old8Lang.Tests.Interpreter.Modules.ErrorHandling.CircularDependencyTests.Import_SelfDependency_ShouldBeRejected" computerName="lijiajundeMac-mini" duration="00:00:00.0024584" startTime="2025-12-19T14:19:50.3864380+08:00" endTime="2025-12-19T14:19:50.3877380+08:00" testType="13cdc9d9-ddb5-4fa4-a97d-d965ccfc6d4b" outcome="Failed" testListId="8c84fa94-04c1-424b-9868-57a2d4851a1d" relativeResultsDirectory="53179ac5-0823-4a80-b50e-9db4a7ca4010">
      <Output>
        <ErrorInfo>
          <Message>System.IO.FileNotFoundException : 测试文件不存在: /Users/luckyfish/Documents/Project/RiderProjects/Old8Lang/Old8Lang.Tests/bin/Debug/net10.0/../../../OldLib/self_dependency_test.old8</Message>
          <StackTrace>   at Old8Lang.Tests.Interpreter.Modules.Core.ModuleImportTestBase.ExecuteCodeFile(String relativeFilePath) in /Users/luckyfish/Documents/Project/RiderProjects/Old8Lang/Old8Lang.Tests/Interpreter/Modules/Core/ModuleImportTestBase.cs:line 39
   at Old8Lang.Tests.Interpreter.Modules.ErrorHandling.CircularDependencyTests.Import_SelfDependency_ShouldBeRejected() in /Users/luckyfish/Documents/Project/RiderProjects/Old8Lang/Old8Lang.Tests/Interpreter/Modules/ErrorHandling/CircularDependencyTests.cs:line 144
   at System.Reflection.MethodBaseInvoker.InterpretedInvoke_Method(Object obj, IntPtr* args)
   at System.Reflection.MethodBaseInvoker.InvokeWithNoArgs(Object obj, BindingFlags invokeAttr)</StackTrace>
        </ErrorInfo>
      </Output>
    </UnitTestResult>
    <UnitTestResult executionId="98d2f6a7-60ab-49a4-8307-61efb9d17c8e" testId="1f13ee0d-6c7a-0580-09d7-2fa70bc28546" testName="Old8Lang.Tests.Interpreter.Modules.AdvancedImport.ConditionalImportTests.Import_ConditionalWithFalseCondition_ShouldSkipModule" computerName="lijiajundeMac-mini" duration="00:00:00.0006570" startTime="2025-12-19T14:19:50.4161810+08:00" endTime="2025-12-19T14:19:50.4174730+08:00" testType="13cdc9d9-ddb5-4fa4-a97d-d965ccfc6d4b" outcome="Failed" testListId="8c84fa94-04c1-424b-9868-57a2d4851a1d" relativeResultsDirectory="98d2f6a7-60ab-49a4-8307-61efb9d17c8e">
      <Output>
        <ErrorInfo>
          <Message>System.IO.FileNotFoundException : 测试文件不存在: /Users/luckyfish/Documents/Project/RiderProjects/Old8Lang/Old8Lang.Tests/bin/Debug/net10.0/../../../OldLib/conditional_false_test.old8</Message>
          <StackTrace>   at Old8Lang.Tests.Interpreter.Modules.Core.ModuleImportTestBase.ExecuteCodeFile(String relativeFilePath) in /Users/luckyfish/Documents/Project/RiderProjects/Old8Lang/Old8Lang.Tests/Interpreter/Modules/Core/ModuleImportTestBase.cs:line 39
   at Old8Lang.Tests.Interpreter.Modules.AdvancedImport.ConditionalImportTests.Import_ConditionalWithFalseCondition_ShouldSkipModule() in /Users/luckyfish/Documents/Project/RiderProjects/Old8Lang/Old8Lang.Tests/Interpreter/Modules/AdvancedImport/ConditionalImportTests.cs:line 94
   at System.Reflection.MethodBaseInvoker.InterpretedInvoke_Method(Object obj, IntPtr* args)
   at System.Reflection.MethodBaseInvoker.InvokeWithNoArgs(Object obj, BindingFlags invokeAttr)</StackTrace>
        </ErrorInfo>
      </Output>
    </UnitTestResult>
    <UnitTestResult executionId="4cfced0d-0a94-4215-9836-7f4cbade8678" testId="ec4da5bd-ee4e-d22b-434d-f126e0deda8b" testName="Old8Lang.Tests.Interpreter.Modules.BasicImport.SimpleImportTests.Import_MultipleFunctions_ShouldImportAllFunctions" computerName="lijiajundeMac-mini" duration="00:00:00.1319380" startTime="2025-12-19T14:19:50.2494640+08:00" endTime="2025-12-19T14:19:50.3918010+08:00" testType="13cdc9d9-ddb5-4fa4-a97d-d965ccfc6d4b" outcome="Failed" testListId="8c84fa94-04c1-424b-9868-57a2d4851a1d" relativeResultsDirectory="4cfced0d-0a94-4215-9836-7f4cbade8678">
      <Output>
        <StdOut>执行异常: \x1b[31m[IMPORT_ERROR]\x1b[0m 无法导入模块 'math'
  尝试的路径:
    - Users/luckyfish/Documents/Project/RiderProjects/Old8Lang/Old8LangLib/OldLib/Math.old8
    - /Users/luckyfish/Documents/Project/RiderProjects/Old8Lang/Old8LangLib/OldLib/Math.old8
    - /Users/luckyfish/Documents/Project/RiderProjects/Old8Lang/Old8LangLib/OldLib/Math.old8
    - /Users/luckyfish/Documents/Project/RiderProjects/Old8Lang/Old8LangLib/OldLib/Math.old8
\x1b[34m时间:\x1b[0m 2025-12-19 14:19:50.379
\x1b[34m请求ID:\x1b[0m 20018150-5e81-46db-83c8-fc4f2ef2bc6c
\x1b[34m位置:\x1b[0m 1:1
\x1b[34m上下文:\x1b[0m
\x1b[34m  0\x1b[0m | // 懒导入测试模块
\x1b[34m  1\x1b[0m | func CalculateLargeNumber() -&gt; double {
\x1b[34m      \x1b[0m | \x1b[31m^ 错误发生在这里\x1b[0m
\x1b[34m  2\x1b[0m |     // 模拟一个耗时的数学计算
\x1b[32m建议:\x1b[0m 请检查模块名称是否正确，或者模块是否存在

堆栈跟踪:    at Old8Lang.AST.Statement.ImportStatement.Run(VariateManager manager) in /Users/luckyfish/Documents/Project/RiderProjects/Old8Lang/Old8Lang/AST/Statement/ImportStatement.cs:line 166
   at Old8Lang.AST.Statement.BlockStatement.ImportRun(VariateManager manager) in /Users/luckyfish/Documents/Project/RiderProjects/Old8Lang/Old8Lang/AST/Statement/BlockStatement.cs:line 198
   at Old8Lang.AST.Statement.BlockStatement.RunStandard(VariateManager manager) in /Users/luckyfish/Documents/Project/RiderProjects/Old8Lang/Old8Lang/AST/Statement/BlockStatement.cs:line 60
   at Old8Lang.AST.Statement.BlockStatement.Run(VariateManager manager) in /Users/luckyfish/Documents/Project/RiderProjects/Old8Lang/Old8Lang/AST/Statement/BlockStatement.cs:line 49
   at Old8Lang.Tests.Interpreter.Modules.Core.ModuleImportTestBase.ExecuteCodeFile(String relativeFilePath) in /Users/luckyfish/Documents/Project/RiderProjects/Old8Lang/Old8Lang.Tests/Interpreter/Modules/Core/ModuleImportTestBase.cs:line 49</StdOut>
        <ErrorInfo>
          <Message>Assert.Null() Failure: Value is not null
Expected: null
Actual:   Old8Lang.Error.ImportError: \u001b[31m[IMPORT_ERROR]\u001b[0m 无法导入模块 'math'
  尝试的路径:
    - Users/luckyfish/Documents/Project/RiderProjects/Old8Lang/Old8LangLib/OldLib/Math.old8
    - /Users/luckyfish/Documents/Project/RiderProjects/Old8Lang/Old8LangLib/OldLib/Math.old8
    - /Users/luckyfish/Documents/Project/RiderProjects/Old8Lang/Old8LangLib/OldLib/Math.old8
    - /Users/luckyfish/Documents/Project/RiderProjects/Old8Lang/Old8LangLib/OldLib/Math.old8
\u001b[34m时间:\u001b[0m 2025-12-19 14:19:50.379
\u001b[34m请求ID:\u001b[0m 20018150-5e81-46db-83c8-fc4f2ef2bc6c
\u001b[34m位置:\u001b[0m 1:1
\u001b[34m上下文:\u001b[0m
\u001b[34m  0\u001b[0m | // 懒导入测试模块
\u001b[34m  1\u001b[0m | func CalculateLargeNumber() -&gt; double {
\u001b[34m      \u001b[0m | \u001b[31m^ 错误发生在这里\u001b[0m
\u001b[34m  2\u001b[0m |     // 模拟一个耗时的数学计算
\u001b[32m建议:\u001b[0m 请检查模块名称是否正确，或者模块是否存在

   at Old8Lang.AST.Statement.ImportStatement.Run(VariateManager manager) in /Users/luckyfish/Documents/Project/RiderProjects/Old8Lang/Old8Lang/AST/Statement/ImportStatement.cs:line 166
   at Old8Lang.AST.Statement.BlockStatement.ImportRun(VariateManager manager) in /Users/luckyfish/Documents/Project/RiderProjects/Old8Lang/Old8Lang/AST/Statement/BlockStatement.cs:line 198
   at Old8Lang.AST.Statement.BlockStatement.RunStandard(VariateManager manager) in /Users/luckyfish/Documents/Project/RiderProjects/Old8Lang/Old8Lang/AST/Statement/BlockStatement.cs:line 60
   at Old8Lang.AST.Statement.BlockStatement.Run(VariateManager manager) in /Users/luckyfish/Documents/Project/RiderProjects/Old8Lang/Old8Lang/AST/Statement/BlockStatement.cs:line 49
   at Old8Lang.Tests.Interpreter.Modules.Core.ModuleImportTestBase.ExecuteCodeFile(String relativeFilePath) in /Users/luckyfish/Documents/Project/RiderProjects/Old8Lang/Old8Lang.Tests/Interpreter/Modules/Core/ModuleImportTestBase.cs:line 49</Message>
          <StackTrace>   at Old8Lang.Tests.Interpreter.Modules.BasicImport.SimpleImportTests.Import_MultipleFunctions_ShouldImportAllFunctions() in /Users/luckyfish/Documents/Project/RiderProjects/Old8Lang/Old8Lang.Tests/Interpreter/Modules/BasicImport/SimpleImportTests.cs:line 65
   at System.Reflection.MethodBaseInvoker.InterpretedInvoke_Method(Object obj, IntPtr* args)
   at System.Reflection.MethodBaseInvoker.InvokeWithNoArgs(Object obj, BindingFlags invokeAttr)</StackTrace>
        </ErrorInfo>
      </Output>
    </UnitTestResult>
    <UnitTestResult executionId="e4513913-2414-4c5f-bd53-56b4d11c88ed" testId="76236781-44e8-51f2-ab3c-a4af4ad857f2" testName="Old8Lang.Tests.Interpreter.Modules.ErrorHandling.ImportErrorTests.Import_ReadOnlyModuleFile_ShouldHandleGracefully" computerName="lijiajundeMac-mini" duration="00:00:00.0003133" startTime="2025-12-19T14:19:50.4183850+08:00" endTime="2025-12-19T14:19:50.4184010+08:00" testType="13cdc9d9-ddb5-4fa4-a97d-d965ccfc6d4b" outcome="Failed" testListId="8c84fa94-04c1-424b-9868-57a2d4851a1d" relativeResultsDirectory="e4513913-2414-4c5f-bd53-56b4d11c88ed">
      <Output>
        <ErrorInfo>
          <Message>System.IO.FileNotFoundException : 测试文件不存在: /Users/luckyfish/Documents/Project/RiderProjects/Old8Lang/Old8Lang.Tests/bin/Debug/net10.0/../../../OldLib/readonly_test.old8</Message>
          <StackTrace>   at Old8Lang.Tests.Interpreter.Modules.Core.ModuleImportTestBase.ExecuteCodeFile(String relativeFilePath) in /Users/luckyfish/Documents/Project/RiderProjects/Old8Lang/Old8Lang.Tests/Interpreter/Modules/Core/ModuleImportTestBase.cs:line 39
   at Old8Lang.Tests.Interpreter.Modules.ErrorHandling.ImportErrorTests.Import_ReadOnlyModuleFile_ShouldHandleGracefully() in /Users/luckyfish/Documents/Project/RiderProjects/Old8Lang/Old8Lang.Tests/Interpreter/Modules/ErrorHandling/ImportErrorTests.cs:line 213
   at System.Reflection.MethodBaseInvoker.InterpretedInvoke_Method(Object obj, IntPtr* args)
   at System.Reflection.MethodBaseInvoker.InvokeWithNoArgs(Object obj, BindingFlags invokeAttr)</StackTrace>
        </ErrorInfo>
      </Output>
    </UnitTestResult>
    <UnitTestResult executionId="02f8a9ed-4153-4faa-8eb8-4887fc849ea1" testId="a849c249-06fa-f2bc-eeee-c328f622ba2e" testName="Old8Lang.Tests.Interpreter.Modules.BasicImport.WildcardImportTests.Import_WildcardSyntax_ShouldSupportDifferentSyntax(wildcardSyntax: &quot;*&quot;, description: &quot;star wildcard&quot;)" computerName="lijiajundeMac-mini" duration="00:00:00.0001699" startTime="2025-12-19T14:19:50.4077680+08:00" endTime="2025-12-19T14:19:50.4082070+08:00" testType="13cdc9d9-ddb5-4fa4-a97d-d965ccfc6d4b" outcome="Failed" testListId="8c84fa94-04c1-424b-9868-57a2d4851a1d" relativeResultsDirectory="02f8a9ed-4153-4faa-8eb8-4887fc849ea1">
      <Output>
        <ErrorInfo>
          <Message>System.IO.FileNotFoundException : 测试文件不存在: /Users/luckyfish/Documents/Project/RiderProjects/Old8Lang/Old8Lang.Tests/bin/Debug/net10.0/../../../OldLib/wildcard_syntax_star_wildcard.old8</Message>
          <StackTrace>   at Old8Lang.Tests.Interpreter.Modules.Core.ModuleImportTestBase.ExecuteCodeFile(String relativeFilePath) in /Users/luckyfish/Documents/Project/RiderProjects/Old8Lang/Old8Lang.Tests/Interpreter/Modules/Core/ModuleImportTestBase.cs:line 39
   at Old8Lang.Tests.Interpreter.Modules.BasicImport.WildcardImportTests.Import_WildcardSyntax_ShouldSupportDifferentSyntax(String wildcardSyntax, String description) in /Users/luckyfish/Documents/Project/RiderProjects/Old8Lang/Old8Lang.Tests/Interpreter/Modules/BasicImport/WildcardImportTests.cs:line 301
   at InvokeStub_WildcardImportTests.Import_WildcardSyntax_ShouldSupportDifferentSyntax(Object, Span`1)
   at System.Reflection.MethodBaseInvoker.InvokeWithFewArgs(Object obj, BindingFlags invokeAttr, Binder binder, Object[] parameters, CultureInfo culture)</StackTrace>
        </ErrorInfo>
      </Output>
    </UnitTestResult>
    <UnitTestResult executionId="5d10e60c-117b-435f-8e1d-ac39e686813e" testId="877e401e-2150-6dbb-c4fb-4e9579c4b306" testName="Old8Lang.Tests.Interpreter.Modules.ErrorHandling.ImportErrorTests.Import_CircularDependency_ShouldBeHandled" computerName="lijiajundeMac-mini" duration="00:00:00.0002864" startTime="2025-12-19T14:19:50.4077810+08:00" endTime="2025-12-19T14:19:50.4083570+08:00" testType="13cdc9d9-ddb5-4fa4-a97d-d965ccfc6d4b" outcome="Failed" testListId="8c84fa94-04c1-424b-9868-57a2d4851a1d" relativeResultsDirectory="5d10e60c-117b-435f-8e1d-ac39e686813e">
      <Output>
        <StdOut>执行异常: \x1b[31m[IMPORT_ERROR]\x1b[0m 无法导入模块 'MathLib'
  尝试的路径:
    - /Users/luckyfish/Documents/Project/RiderProjects/Old8Lang/Old8Lang.Tests/bin/Debug/net10.0/../../../OldLib/MathLib.old8
\x1b[34m时间:\x1b[0m 2025-12-19 14:19:50.391
\x1b[34m请求ID:\x1b[0m be3235fe-5bb6-4a08-b691-53508ce28def
\x1b[34m位置:\x1b[0m 1:1
\x1b[34m上下文:\x1b[0m
\x1b[34m  0\x1b[0m | import "MathLib"
\x1b[34m  1\x1b[0m | result &lt;- Abs(-5)
\x1b[34m      \x1b[0m | \x1b[31m^ 错误发生在这里\x1b[0m
\x1b[32m建议:\x1b[0m 请检查模块名称是否正确，或者模块是否存在

堆栈跟踪:    at Old8Lang.AST.Statement.ImportStatement.Run(VariateManager manager) in /Users/luckyfish/Documents/Project/RiderProjects/Old8Lang/Old8Lang/AST/Statement/ImportStatement.cs:line 221
   at Old8Lang.AST.Statement.BlockStatement.ImportRun(VariateManager manager) in /Users/luckyfish/Documents/Project/RiderProjects/Old8Lang/Old8Lang/AST/Statement/BlockStatement.cs:line 198
   at Old8Lang.AST.Statement.BlockStatement.RunStandard(VariateManager manager) in /Users/luckyfish/Documents/Project/RiderProjects/Old8Lang/Old8Lang/AST/Statement/BlockStatement.cs:line 60
   at Old8Lang.AST.Statement.BlockStatement.Run(VariateManager manager) in /Users/luckyfish/Documents/Project/RiderProjects/Old8Lang/Old8Lang/AST/Statement/BlockStatement.cs:line 49
   at Old8Lang.Tests.Interpreter.Modules.Core.ModuleImportTestBase.ExecuteCodeFile(String relativeFilePath) in /Users/luckyfish/Documents/Project/RiderProjects/Old8Lang/Old8Lang.Tests/Interpreter/Modules/Core/ModuleImportTestBase.cs:line 49</StdOut>
        <ErrorInfo>
          <Message>Assert.Null() Failure: Value is not null
Expected: null
Actual:   Old8Lang.Error.ImportError: \u001b[31m[IMPORT_ERROR]\u001b[0m 无法导入模块 'MathLib'
  尝试的路径:
    - /Users/luckyfish/Documents/Project/RiderProjects/Old8Lang/Old8Lang.Tests/bin/Debug/net10.0/../../../OldLib/MathLib.old8
\u001b[34m时间:\u001b[0m 2025-12-19 14:19:50.391
\u001b[34m请求ID:\u001b[0m be3235fe-5bb6-4a08-b691-53508ce28def
\u001b[34m位置:\u001b[0m 1:1
\u001b[34m上下文:\u001b[0m
\u001b[34m  0\u001b[0m | import "MathLib"
\u001b[34m  1\u001b[0m | result &lt;- Abs(-5)
\u001b[34m      \u001b[0m | \u001b[31m^ 错误发生在这里\u001b[0m
\u001b[32m建议:\u001b[0m 请检查模块名称是否正确，或者模块是否存在

   at Old8Lang.AST.Statement.ImportStatement.Run(VariateManager manager) in /Users/luckyfish/Documents/Project/RiderProjects/Old8Lang/Old8Lang/AST/Statement/ImportStatement.cs:line 221
   at Old8Lang.AST.Statement.BlockStatement.ImportRun(VariateManager manager) in /Users/luckyfish/Documents/Project/RiderProjects/Old8Lang/Old8Lang/AST/Statement/BlockStatement.cs:line 198
   at Old8Lang.AST.Statement.BlockStatement.RunStandard(VariateManager manager) in /Users/luckyfish/Documents/Project/RiderProjects/Old8Lang/Old8Lang/AST/Statement/BlockStatement.cs:line 60
   at Old8Lang.AST.Statement.BlockStatement.Run(VariateManager manager) in /Users/luckyfish/Documents/Project/RiderProjects/Old8Lang/Old8Lang/AST/Statement/BlockStatement.cs:line 49
   at Old8Lang.Tests.Interpreter.Modules.Core.ModuleImportTestBase.ExecuteCodeFile(String relativeFilePath) in /Users/luckyfish/Documents/Project/RiderProjects/Old8Lang/Old8Lang.Tests/Interpreter/Modules/Core/ModuleImportTestBase.cs:line 49</Message>
          <StackTrace>   at Old8Lang.Tests.Interpreter.Modules.ErrorHandling.ImportErrorTests.Import_CircularDependency_ShouldBeHandled() in /Users/luckyfish/Documents/Project/RiderProjects/Old8Lang/Old8Lang.Tests/Interpreter/Modules/ErrorHandling/ImportErrorTests.cs:line 40
   at System.Reflection.MethodBaseInvoker.InterpretedInvoke_Method(Object obj, IntPtr* args)
   at System.Reflection.MethodBaseInvoker.InvokeWithNoArgs(Object obj, BindingFlags invokeAttr)</StackTrace>
        </ErrorInfo>
      </Output>
    </UnitTestResult>
    <UnitTestResult executionId="73d90322-7065-4522-a8e7-f64d975dfb5d" testId="e977f18d-974a-c1a3-9720-966f7312183c" testName="Old8Lang.Tests.Interpreter.Modules.AdvancedImport.LazyImportTests.Import_LazyNewSyntax_ShouldWorkWithNewSyntax" computerName="lijiajundeMac-mini" duration="00:00:00.0015734" startTime="2025-12-19T14:19:50.4164420+08:00" endTime="2025-12-19T14:19:50.4177090+08:00" testType="13cdc9d9-ddb5-4fa4-a97d-d965ccfc6d4b" outcome="Failed" testListId="8c84fa94-04c1-424b-9868-57a2d4851a1d" relativeResultsDirectory="73d90322-7065-4522-a8e7-f64d975dfb5d">
      <Output>
        <StdOut>执行异常: \x1b[31m[SYNTAX_ERROR]\x1b[0m 语法错误：无法识别的主表达式类型 'Lazy'，值为 'lazy'。建议检查表达式结构是否正确。
\x1b[34m时间:\x1b[0m 2025-12-19 14:19:50.396
\x1b[34m请求ID:\x1b[0m 33c68404-63c6-4323-8776-0bab1b2f82eb
\x1b[34m位置:\x1b[0m /Users/luckyfish/Documents/Project/RiderProjects/Old8Lang/Old8Lang.Tests/bin/Debug/net10.0/../../../OldLib/ImportTests_Import_LazyImport.new.old8(2:2)
\x1b[34m上下文:\x1b[0m
\x1b[34m  0\x1b[0m | // 懒导入测试 - 只有在实际使用时才加载模块
\x1b[34m  1\x1b[0m | lazy import "lazy_math"
\x1b[34m  2\x1b[0m | 
\x1b[34m      \x1b[0m |  \x1b[31m^ 错误发生在这里\x1b[0m
\x1b[34m  3\x1b[0m | // 检查模块是否已加载（此时应该还未加载）
\x1b[32m建议:\x1b[0m 请检查语法是否正确

堆栈跟踪:    at Old8Lang.LangParser.Parsers.PrimaryParser.ParsePrimary() in /Users/luckyfish/Documents/Project/RiderProjects/Old8Lang/Old8Lang/LangParser/Parsers/PrimaryParser.cs:line 285
   at Old8Lang.LangParser.Parsers.ExpressionParser.ParsePower() in /Users/luckyfish/Documents/Project/RiderProjects/Old8Lang/Old8Lang/LangParser/Parsers/ExpressionParser.cs:line 204
   at Old8Lang.LangParser.Parsers.ExpressionParser.ParseNumberOpera2() in /Users/luckyfish/Documents/Project/RiderProjects/Old8Lang/Old8Lang/LangParser/Parsers/ExpressionParser.cs:line 158
   at Old8Lang.LangParser.Parsers.ExpressionParser.ParseNumberOpera1() in /Users/luckyfish/Documents/Project/RiderProjects/Old8Lang/Old8Lang/LangParser/Parsers/ExpressionParser.cs:line 140
   at Old8Lang.LangParser.Parsers.ExpressionParser.ParseBinaryExpression() in /Users/luckyfish/Documents/Project/RiderProjects/Old8Lang/Old8Lang/LangParser/Parsers/ExpressionParser.cs:line 121
   at Old8Lang.LangParser.Parsers.ExpressionParser.ParseBoolOpera() in /Users/luckyfish/Documents/Project/RiderProjects/Old8Lang/Old8Lang/LangParser/Parsers/ExpressionParser.cs:line 42
   at Old8Lang.LangParser.Parsers.ExpressionParser.ParseExpression() in /Users/luckyfish/Documents/Project/RiderProjects/Old8Lang/Old8Lang/LangParser/Parsers/ExpressionParser.cs:line 31
   at Old8Lang.LangParser.Parsers.StatementParser.ParseStatement(List`1 modifiers) in /Users/luckyfish/Documents/Project/RiderProjects/Old8Lang/Old8Lang/LangParser/Parsers/StatementParser.cs:line 365
   at Old8Lang.LangParser.LangParser.ParseProgram() in /Users/luckyfish/Documents/Project/RiderProjects/Old8Lang/Old8Lang/LangParser/LangParser.cs:line 137
   at Old8Lang.Interpreter.LangInterpreter.Build(String code, String fileName) in /Users/luckyfish/Documents/Project/RiderProjects/Old8Lang/Old8Lang/Interpreter/LangInterpreter.cs:line 77
   at Old8Lang.Tests.Interpreter.Modules.Core.ModuleImportTestBase.ExecuteCodeFile(String relativeFilePath) in /Users/luckyfish/Documents/Project/RiderProjects/Old8Lang/Old8Lang.Tests/Interpreter/Modules/Core/ModuleImportTestBase.cs:line 48</StdOut>
        <ErrorInfo>
          <Message>Assert.Null() Failure: Value is not null
Expected: null
Actual:   Old8Lang.Error.SyntaxError: \u001b[31m[SYNTAX_ERROR]\u001b[0m 语法错误：无法识别的主表达式类型 'Lazy'，值为 'lazy'。建议检查表达式结构是否正确。
\u001b[34m时间:\u001b[0m 2025-12-19 14:19:50.396
\u001b[34m请求ID:\u001b[0m 33c68404-63c6-4323-8776-0bab1b2f82eb
\u001b[34m位置:\u001b[0m /Users/luckyfish/Documents/Project/RiderProjects/Old8Lang/Old8Lang.Tests/bin/Debug/net10.0/../../../OldLib/ImportTests_Import_LazyImport.new.old8(2:2)
\u001b[34m上下文:\u001b[0m
\u001b[34m  0\u001b[0m | // 懒导入测试 - 只有在实际使用时才加载模块
\u001b[34m  1\u001b[0m | lazy import "lazy_math"
\u001b[34m  2\u001b[0m | 
\u001b[34m      \u001b[0m |  \u001b[31m^ 错误发生在这里\u001b[0m
\u001b[34m  3\u001b[0m | // 检查模块是否已加载（此时应该还未加载）
\u001b[32m建议:\u001b[0m 请检查语法是否正确

   at Old8Lang.LangParser.Parsers.PrimaryParser.ParsePrimary() in /Users/luckyfish/Documents/Project/RiderProjects/Old8Lang/Old8Lang/LangParser/Parsers/PrimaryParser.cs:line 285
   at Old8Lang.LangParser.Parsers.ExpressionParser.ParsePower() in /Users/luckyfish/Documents/Project/RiderProjects/Old8Lang/Old8Lang/LangParser/Parsers/ExpressionParser.cs:line 204
   at Old8Lang.LangParser.Parsers.ExpressionParser.ParseNumberOpera2() in /Users/luckyfish/Documents/Project/RiderProjects/Old8Lang/Old8Lang/LangParser/Parsers/ExpressionParser.cs:line 158
   at Old8Lang.LangParser.Parsers.ExpressionParser.ParseNumberOpera1() in /Users/luckyfish/Documents/Project/RiderProjects/Old8Lang/Old8Lang/LangParser/Parsers/ExpressionParser.cs:line 140
   at Old8Lang.LangParser.Parsers.ExpressionParser.ParseBinaryExpression() in /Users/luckyfish/Documents/Project/RiderProjects/Old8Lang/Old8Lang/LangParser/Parsers/ExpressionParser.cs:line 121
   at Old8Lang.LangParser.Parsers.ExpressionParser.ParseBoolOpera() in /Users/luckyfish/Documents/Project/RiderProjects/Old8Lang/Old8Lang/LangParser/Parsers/ExpressionParser.cs:line 42
   at Old8Lang.LangParser.Parsers.ExpressionParser.ParseExpression() in /Users/luckyfish/Documents/Project/RiderProjects/Old8Lang/Old8Lang/LangParser/Parsers/ExpressionParser.cs:line 31
   at Old8Lang.LangParser.Parsers.StatementParser.ParseStatement(List`1 modifiers) in /Users/luckyfish/Documents/Project/RiderProjects/Old8Lang/Old8Lang/LangParser/Parsers/StatementParser.cs:line 365
   at Old8Lang.LangParser.LangParser.ParseProgram() in /Users/luckyfish/Documents/Project/RiderProjects/Old8Lang/Old8Lang/LangParser/LangParser.cs:line 137
   at Old8Lang.Interpreter.LangInterpreter.Build(String code, String fileName) in /Users/luckyfish/Documents/Project/RiderProjects/Old8Lang/Old8Lang/Interpreter/LangInterpreter.cs:line 77
   at Old8Lang.Tests.Interpreter.Modules.Core.ModuleImportTestBase.ExecuteCodeFile(String relativeFilePath) in /Users/luckyfish/Documents/Project/RiderProjects/Old8Lang/Old8Lang.Tests/Interpreter/Modules/Core/ModuleImportTestBase.cs:line 48</Message>
          <StackTrace>   at Old8Lang.Tests.Interpreter.Modules.AdvancedImport.LazyImportTests.Import_LazyNewSyntax_ShouldWorkWithNewSyntax() in /Users/luckyfish/Documents/Project/RiderProjects/Old8Lang/Old8Lang.Tests/Interpreter/Modules/AdvancedImport/LazyImportTests.cs:line 34
   at System.Reflection.MethodBaseInvoker.InterpretedInvoke_Method(Object obj, IntPtr* args)
   at System.Reflection.MethodBaseInvoker.InvokeWithNoArgs(Object obj, BindingFlags invokeAttr)</StackTrace>
        </ErrorInfo>
      </Output>
    </UnitTestResult>
    <UnitTestResult executionId="6e0c8441-36cb-462c-9b54-23dcf42893d4" testId="b40c0536-0b97-cf46-b640-3cd4446a5f3c" testName="Old8Lang.Tests.Interpreter.Modules.BasicImport.WildcardImportTests.Import_WildcardWithPrivateMembers_ShouldOnlyImportPublic" computerName="lijiajundeMac-mini" duration="00:00:00.0003070" startTime="2025-12-19T14:19:50.4155100+08:00" endTime="2025-12-19T14:19:50.4159150+08:00" testType="13cdc9d9-ddb5-4fa4-a97d-d965ccfc6d4b" outcome="Failed" testListId="8c84fa94-04c1-424b-9868-57a2d4851a1d" relativeResultsDirectory="6e0c8441-36cb-462c-9b54-23dcf42893d4">
      <Output>
        <ErrorInfo>
          <Message>System.IO.FileNotFoundException : 测试文件不存在: /Users/luckyfish/Documents/Project/RiderProjects/Old8Lang/Old8Lang.Tests/bin/Debug/net10.0/../../../OldLib/visibility_test.old8</Message>
          <StackTrace>   at Old8Lang.Tests.Interpreter.Modules.Core.ModuleImportTestBase.ExecuteCodeFile(String relativeFilePath) in /Users/luckyfish/Documents/Project/RiderProjects/Old8Lang/Old8Lang.Tests/Interpreter/Modules/Core/ModuleImportTestBase.cs:line 39
   at Old8Lang.Tests.Interpreter.Modules.BasicImport.WildcardImportTests.Import_WildcardWithPrivateMembers_ShouldOnlyImportPublic() in /Users/luckyfish/Documents/Project/RiderProjects/Old8Lang/Old8Lang.Tests/Interpreter/Modules/BasicImport/WildcardImportTests.cs:line 273
   at System.Reflection.MethodBaseInvoker.InterpretedInvoke_Method(Object obj, IntPtr* args)
   at System.Reflection.MethodBaseInvoker.InvokeWithNoArgs(Object obj, BindingFlags invokeAttr)</StackTrace>
        </ErrorInfo>
      </Output>
    </UnitTestResult>
    <UnitTestResult executionId="04bf29bf-0f50-4dfa-82ae-97d41823e39f" testId="4bf9b0d3-25c7-cc00-8584-6bef2d92558d" testName="Old8Lang.Tests.Interpreter.Modules.BasicImport.SelectiveImportTests.Import_SelectiveClasses_ShouldImportClassDefinitions" computerName="lijiajundeMac-mini" duration="00:00:00.0014587" startTime="2025-12-19T14:19:50.3986530+08:00" endTime="2025-12-19T14:19:50.4023760+08:00" testType="13cdc9d9-ddb5-4fa4-a97d-d965ccfc6d4b" outcome="Failed" testListId="8c84fa94-04c1-424b-9868-57a2d4851a1d" relativeResultsDirectory="04bf29bf-0f50-4dfa-82ae-97d41823e39f">
      <Output>
        <ErrorInfo>
          <Message>System.IO.FileNotFoundException : 测试文件不存在: /Users/luckyfish/Documents/Project/RiderProjects/Old8Lang/Old8Lang.Tests/bin/Debug/net10.0/../../../OldLib/selective_class_test.old8</Message>
          <StackTrace>   at Old8Lang.Tests.Interpreter.Modules.Core.ModuleImportTestBase.ExecuteCodeFile(String relativeFilePath) in /Users/luckyfish/Documents/Project/RiderProjects/Old8Lang/Old8Lang.Tests/Interpreter/Modules/Core/ModuleImportTestBase.cs:line 39
   at Old8Lang.Tests.Interpreter.Modules.BasicImport.SelectiveImportTests.Import_SelectiveClasses_ShouldImportClassDefinitions() in /Users/luckyfish/Documents/Project/RiderProjects/Old8Lang/Old8Lang.Tests/Interpreter/Modules/BasicImport/SelectiveImportTests.cs:line 216
   at System.Reflection.MethodBaseInvoker.InterpretedInvoke_Method(Object obj, IntPtr* args)
   at System.Reflection.MethodBaseInvoker.InvokeWithNoArgs(Object obj, BindingFlags invokeAttr)</StackTrace>
        </ErrorInfo>
      </Output>
    </UnitTestResult>
    <UnitTestResult executionId="5d250563-b197-4c8b-9e60-a6d465efd283" testId="4101d8d5-9805-1494-117c-85b9d1c5d182" testName="Old8Lang.Tests.Interpreter.Modules.BasicImport.SelectiveImportTests.Import_SelectiveFunctions_ShouldImportOnlySpecifiedFunctions" computerName="lijiajundeMac-mini" duration="00:00:00.1231366" startTime="2025-12-19T14:19:50.2804170+08:00" endTime="2025-12-19T14:19:50.3951810+08:00" testType="13cdc9d9-ddb5-4fa4-a97d-d965ccfc6d4b" outcome="Failed" testListId="8c84fa94-04c1-424b-9868-57a2d4851a1d" relativeResultsDirectory="5d250563-b197-4c8b-9e60-a6d465efd283">
      <Output>
        <StdOut>执行异常: \x1b[31m[SYNTAX_ERROR]\x1b[0m 语法错误：表达式 'const' 不能作为独立语句使用。
建议：
  1. 如果要赋值，请使用 'variable &lt;- const' 格式
  2. 如果要调用函数，请添加函数调用 'const(arguments)' 格式
  3. 如果要返回值，请使用 'return const' 格式
\x1b[34m时间:\x1b[0m 2025-12-19 14:19:50.380
\x1b[34m请求ID:\x1b[0m 5dca73f4-222e-4107-8144-f74603ddcd99
\x1b[34m位置:\x1b[0m 11:9
\x1b[34m上下文:\x1b[0m
\x1b[34m  9\x1b[0m | 
\x1b[34m 10\x1b[0m | const PI &lt;- 3.14159265359
\x1b[34m 11\x1b[0m | 
\x1b[34m      \x1b[0m |         \x1b[31m^ 错误发生在这里\x1b[0m
\x1b[34m 12\x1b[0m | func HeavyOperation() -&gt; string {
\x1b[32m建议:\x1b[0m 请检查语法是否正确

堆栈跟踪:    at Old8Lang.LangParser.Parsers.StatementParser.ParseStatement(List`1 modifiers) in /Users/luckyfish/Documents/Project/RiderProjects/Old8Lang/Old8Lang/LangParser/Parsers/StatementParser.cs:line 389
   at Old8Lang.LangParser.LangParser.ParseProgram() in /Users/luckyfish/Documents/Project/RiderProjects/Old8Lang/Old8Lang/LangParser/LangParser.cs:line 137
   at Old8Lang.Interpreter.LangInterpreter.Build(String code, String fileName) in /Users/luckyfish/Documents/Project/RiderProjects/Old8Lang/Old8Lang/Interpreter/LangInterpreter.cs:line 77
   at Old8Lang.AST.Statement.ImportStatement.Run(VariateManager manager) in /Users/luckyfish/Documents/Project/RiderProjects/Old8Lang/Old8Lang/AST/Statement/ImportStatement.cs:line 274
   at Old8Lang.AST.Statement.BlockStatement.ImportRun(VariateManager manager) in /Users/luckyfish/Documents/Project/RiderProjects/Old8Lang/Old8Lang/AST/Statement/BlockStatement.cs:line 198
   at Old8Lang.AST.Statement.BlockStatement.RunStandard(VariateManager manager) in /Users/luckyfish/Documents/Project/RiderProjects/Old8Lang/Old8Lang/AST/Statement/BlockStatement.cs:line 60
   at Old8Lang.AST.Statement.BlockStatement.Run(VariateManager manager) in /Users/luckyfish/Documents/Project/RiderProjects/Old8Lang/Old8Lang/AST/Statement/BlockStatement.cs:line 49
   at Old8Lang.Tests.Interpreter.Modules.Core.ModuleImportTestBase.ExecuteCodeFile(String relativeFilePath) in /Users/luckyfish/Documents/Project/RiderProjects/Old8Lang/Old8Lang.Tests/Interpreter/Modules/Core/ModuleImportTestBase.cs:line 49</StdOut>
        <ErrorInfo>
          <Message>Assert.Null() Failure: Value is not null
Expected: null
Actual:   Old8Lang.Error.SyntaxError: \u001b[31m[SYNTAX_ERROR]\u001b[0m 语法错误：表达式 'const' 不能作为独立语句使用。
建议：
  1. 如果要赋值，请使用 'variable &lt;- const' 格式
  2. 如果要调用函数，请添加函数调用 'const(arguments)' 格式
  3. 如果要返回值，请使用 'return const' 格式
\u001b[34m时间:\u001b[0m 2025-12-19 14:19:50.380
\u001b[34m请求ID:\u001b[0m 5dca73f4-222e-4107-8144-f74603ddcd99
\u001b[34m位置:\u001b[0m 11:9
\u001b[34m上下文:\u001b[0m
\u001b[34m  9\u001b[0m | 
\u001b[34m 10\u001b[0m | const PI &lt;- 3.14159265359
\u001b[34m 11\u001b[0m | 
\u001b[34m      \u001b[0m |         \u001b[31m^ 错误发生在这里\u001b[0m
\u001b[34m 12\u001b[0m | func HeavyOperation() -&gt; string {
\u001b[32m建议:\u001b[0m 请检查语法是否正确

   at Old8Lang.LangParser.Parsers.StatementParser.ParseStatement(List`1 modifiers) in /Users/luckyfish/Documents/Project/RiderProjects/Old8Lang/Old8Lang/LangParser/Parsers/StatementParser.cs:line 389
   at Old8Lang.LangParser.LangParser.ParseProgram() in /Users/luckyfish/Documents/Project/RiderProjects/Old8Lang/Old8Lang/LangParser/LangParser.cs:line 137
   at Old8Lang.Interpreter.LangInterpreter.Build(String code, String fileName) in /Users/luckyfish/Documents/Project/RiderProjects/Old8Lang/Old8Lang/Interpreter/LangInterpreter.cs:line 77
   at Old8Lang.AST.Statement.ImportStatement.Run(VariateManager manager) in /Users/luckyfish/Documents/Project/RiderProjects/Old8Lang/Old8Lang/AST/Statement/ImportStatement.cs:line 274
   at Old8Lang.AST.Statement.BlockStatement.ImportRun(VariateManager manager) in /Users/luckyfish/Documents/Project/RiderProjects/Old8Lang/Old8Lang/AST/Statement/BlockStatement.cs:line 198
   at Old8Lang.AST.Statement.BlockStatement.RunStandard(VariateManager manager) in /Users/luckyfish/Documents/Project/RiderProjects/Old8Lang/Old8Lang/AST/Statement/BlockStatement.cs:line 60
   at Old8Lang.AST.Statement.BlockStatement.Run(VariateManager manager) in /Users/luckyfish/Documents/Project/RiderProjects/Old8Lang/Old8Lang/AST/Statement/BlockStatement.cs:line 49
   at Old8Lang.Tests.Interpreter.Modules.Core.ModuleImportTestBase.ExecuteCodeFile(String relativeFilePath) in /Users/luckyfish/Documents/Project/RiderProjects/Old8Lang/Old8Lang.Tests/Interpreter/Modules/Core/ModuleImportTestBase.cs:line 49</Message>
          <StackTrace>   at Old8Lang.Tests.Interpreter.Modules.BasicImport.SelectiveImportTests.Import_SelectiveFunctions_ShouldImportOnlySpecifiedFunctions() in /Users/luckyfish/Documents/Project/RiderProjects/Old8Lang/Old8Lang.Tests/Interpreter/Modules/BasicImport/SelectiveImportTests.cs:line 19
   at System.Reflection.MethodBaseInvoker.InterpretedInvoke_Method(Object obj, IntPtr* args)
   at System.Reflection.MethodBaseInvoker.InvokeWithNoArgs(Object obj, BindingFlags invokeAttr)</StackTrace>
        </ErrorInfo>
      </Output>
    </UnitTestResult>
    <UnitTestResult executionId="fd1b2e86-cb0e-4455-b51b-2b526152003b" testId="a9bcfc67-7be7-52c2-e62e-fcfe5a630d00" testName="Old8Lang.Tests.Interpreter.Modules.BasicImport.WildcardImportTests.Import_Wildcard_ShouldImportAllFunctions" computerName="lijiajundeMac-mini" duration="00:00:00.0003183" startTime="2025-12-19T14:19:50.4169260+08:00" endTime="2025-12-19T14:19:50.4171100+08:00" testType="13cdc9d9-ddb5-4fa4-a97d-d965ccfc6d4b" outcome="Failed" testListId="8c84fa94-04c1-424b-9868-57a2d4851a1d" relativeResultsDirectory="fd1b2e86-cb0e-4455-b51b-2b526152003b">
      <Output>
        <StdOut>执行异常: \x1b[31m[IMPORT_ERROR]\x1b[0m 无法导入模块 'math'
  尝试的路径:
    - Users/luckyfish/Documents/Project/RiderProjects/Old8Lang/Old8LangLib/OldLib/Math.old8
    - /Users/luckyfish/Documents/Project/RiderProjects/Old8Lang/Old8LangLib/OldLib/Math.old8
    - /Users/luckyfish/Documents/Project/RiderProjects/Old8Lang/Old8LangLib/OldLib/Math.old8
    - /Users/luckyfish/Documents/Project/RiderProjects/Old8Lang/Old8LangLib/OldLib/Math.old8
\x1b[34m时间:\x1b[0m 2025-12-19 14:19:50.396
\x1b[34m请求ID:\x1b[0m 71b4b82b-8331-4e7d-87e8-c9640095d28a
\x1b[34m位置:\x1b[0m 1:1
\x1b[34m上下文:\x1b[0m
\x1b[34m  0\x1b[0m | import "math"
\x1b[34m  1\x1b[0m | result &lt;- sqrt(100)
\x1b[34m      \x1b[0m | \x1b[31m^ 错误发生在这里\x1b[0m
\x1b[32m建议:\x1b[0m 请检查模块名称是否正确，或者模块是否存在

堆栈跟踪:    at Old8Lang.AST.Statement.ImportStatement.Run(VariateManager manager) in /Users/luckyfish/Documents/Project/RiderProjects/Old8Lang/Old8Lang/AST/Statement/ImportStatement.cs:line 166
   at Old8Lang.AST.Statement.BlockStatement.ImportRun(VariateManager manager) in /Users/luckyfish/Documents/Project/RiderProjects/Old8Lang/Old8Lang/AST/Statement/BlockStatement.cs:line 198
   at Old8Lang.AST.Statement.BlockStatement.RunStandard(VariateManager manager) in /Users/luckyfish/Documents/Project/RiderProjects/Old8Lang/Old8Lang/AST/Statement/BlockStatement.cs:line 60
   at Old8Lang.AST.Statement.BlockStatement.Run(VariateManager manager) in /Users/luckyfish/Documents/Project/RiderProjects/Old8Lang/Old8Lang/AST/Statement/BlockStatement.cs:line 49
   at Old8Lang.Tests.Interpreter.Modules.Core.ModuleImportTestBase.ExecuteCodeFile(String relativeFilePath) in /Users/luckyfish/Documents/Project/RiderProjects/Old8Lang/Old8Lang.Tests/Interpreter/Modules/Core/ModuleImportTestBase.cs:line 49</StdOut>
        <ErrorInfo>
          <Message>Assert.Null() Failure: Value is not null
Expected: null
Actual:   Old8Lang.Error.ImportError: \u001b[31m[IMPORT_ERROR]\u001b[0m 无法导入模块 'math'
  尝试的路径:
    - Users/luckyfish/Documents/Project/RiderProjects/Old8Lang/Old8LangLib/OldLib/Math.old8
    - /Users/luckyfish/Documents/Project/RiderProjects/Old8Lang/Old8LangLib/OldLib/Math.old8
    - /Users/luckyfish/Documents/Project/RiderProjects/Old8Lang/Old8LangLib/OldLib/Math.old8
    - /Users/luckyfish/Documents/Project/RiderProjects/Old8Lang/Old8LangLib/OldLib/Math.old8
\u001b[34m时间:\u001b[0m 2025-12-19 14:19:50.396
\u001b[34m请求ID:\u001b[0m 71b4b82b-8331-4e7d-87e8-c9640095d28a
\u001b[34m位置:\u001b[0m 1:1
\u001b[34m上下文:\u001b[0m
\u001b[34m  0\u001b[0m | import "math"
\u001b[34m  1\u001b[0m | result &lt;- sqrt(100)
\u001b[34m      \u001b[0m | \u001b[31m^ 错误发生在这里\u001b[0m
\u001b[32m建议:\u001b[0m 请检查模块名称是否正确，或者模块是否存在

   at Old8Lang.AST.Statement.ImportStatement.Run(VariateManager manager) in /Users/luckyfish/Documents/Project/RiderProjects/Old8Lang/Old8Lang/AST/Statement/ImportStatement.cs:line 166
   at Old8Lang.AST.Statement.BlockStatement.ImportRun(VariateManager manager) in /Users/luckyfish/Documents/Project/RiderProjects/Old8Lang/Old8Lang/AST/Statement/BlockStatement.cs:line 198
   at Old8Lang.AST.Statement.BlockStatement.RunStandard(VariateManager manager) in /Users/luckyfish/Documents/Project/RiderProjects/Old8Lang/Old8Lang/AST/Statement/BlockStatement.cs:line 60
   at Old8Lang.AST.Statement.BlockStatement.Run(VariateManager manager) in /Users/luckyfish/Documents/Project/RiderProjects/Old8Lang/Old8Lang/AST/Statement/BlockStatement.cs:line 49
   at Old8Lang.Tests.Interpreter.Modules.Core.ModuleImportTestBase.ExecuteCodeFile(String relativeFilePath) in /Users/luckyfish/Documents/Project/RiderProjects/Old8Lang/Old8Lang.Tests/Interpreter/Modules/Core/ModuleImportTestBase.cs:line 49</Message>
          <StackTrace>   at Old8Lang.Tests.Interpreter.Modules.BasicImport.WildcardImportTests.Import_Wildcard_ShouldImportAllFunctions() in /Users/luckyfish/Documents/Project/RiderProjects/Old8Lang/Old8Lang.Tests/Interpreter/Modules/BasicImport/WildcardImportTests.cs:line 20
   at System.Reflection.MethodBaseInvoker.InterpretedInvoke_Method(Object obj, IntPtr* args)
   at System.Reflection.MethodBaseInvoker.InvokeWithNoArgs(Object obj, BindingFlags invokeAttr)</StackTrace>
        </ErrorInfo>
      </Output>
    </UnitTestResult>
    <UnitTestResult executionId="3b82351e-056c-498d-848e-0eeadbd1c8de" testId="a931e9b5-087a-91cc-7811-7c9680607711" testName="Old8Lang.Tests.Interpreter.Modules.AdvancedImport.DynamicImportTests.Import_DynamicWithAliases_ShouldSupportDynamicAliases" computerName="lijiajundeMac-mini" duration="00:00:00.0002685" startTime="2025-12-19T14:19:50.3868780+08:00" endTime="2025-12-19T14:19:50.3868980+08:00" testType="13cdc9d9-ddb5-4fa4-a97d-d965ccfc6d4b" outcome="Failed" testListId="8c84fa94-04c1-424b-9868-57a2d4851a1d" relativeResultsDirectory="3b82351e-056c-498d-848e-0eeadbd1c8de">
      <Output>
        <ErrorInfo>
          <Message>System.IO.FileNotFoundException : 测试文件不存在: /Users/luckyfish/Documents/Project/RiderProjects/Old8Lang/Old8Lang.Tests/bin/Debug/net10.0/../../../OldLib/dynamic_alias_test.old8</Message>
          <StackTrace>   at Old8Lang.Tests.Interpreter.Modules.Core.ModuleImportTestBase.ExecuteCodeFile(String relativeFilePath) in /Users/luckyfish/Documents/Project/RiderProjects/Old8Lang/Old8Lang.Tests/Interpreter/Modules/Core/ModuleImportTestBase.cs:line 39
   at Old8Lang.Tests.Interpreter.Modules.AdvancedImport.DynamicImportTests.Import_DynamicWithAliases_ShouldSupportDynamicAliases() in /Users/luckyfish/Documents/Project/RiderProjects/Old8Lang/Old8Lang.Tests/Interpreter/Modules/AdvancedImport/DynamicImportTests.cs:line 411
   at System.Reflection.MethodBaseInvoker.InterpretedInvoke_Method(Object obj, IntPtr* args)
   at System.Reflection.MethodBaseInvoker.InvokeWithNoArgs(Object obj, BindingFlags invokeAttr)</StackTrace>
        </ErrorInfo>
      </Output>
    </UnitTestResult>
    <UnitTestResult executionId="38c49db1-af22-458b-8804-3ff7578d3c2d" testId="91456739-0a3e-9497-fb56-568f3ac6fc20" testName="Old8Lang.Tests.Interpreter.Modules.ErrorHandling.ImportErrorTests.Import_InvalidSyntaxInModule_ShouldThrowSyntaxError" computerName="lijiajundeMac-mini" duration="00:00:00.0001890" startTime="2025-12-19T14:19:50.4124800+08:00" endTime="2025-12-19T14:19:50.4130750+08:00" testType="13cdc9d9-ddb5-4fa4-a97d-d965ccfc6d4b" outcome="Failed" testListId="8c84fa94-04c1-424b-9868-57a2d4851a1d" relativeResultsDirectory="38c49db1-af22-458b-8804-3ff7578d3c2d">
      <Output>
        <ErrorInfo>
          <Message>System.IO.FileNotFoundException : 测试文件不存在: /Users/luckyfish/Documents/Project/RiderProjects/Old8Lang/Old8Lang.Tests/bin/Debug/net10.0/../../../OldLib/syntax_error_test.old8</Message>
          <StackTrace>   at Old8Lang.Tests.Interpreter.Modules.Core.ModuleImportTestBase.ExecuteCodeFile(String relativeFilePath) in /Users/luckyfish/Documents/Project/RiderProjects/Old8Lang/Old8Lang.Tests/Interpreter/Modules/Core/ModuleImportTestBase.cs:line 39
   at Old8Lang.Tests.Interpreter.Modules.Core.ModuleImportTestBase.AssertExecutionThrows(String relativeFilePath, Type expectedExceptionType) in /Users/luckyfish/Documents/Project/RiderProjects/Old8Lang/Old8Lang.Tests/Interpreter/Modules/Core/ModuleImportTestBase.cs:line 101
   at Old8Lang.Tests.Interpreter.Modules.ErrorHandling.ImportErrorTests.Import_InvalidSyntaxInModule_ShouldThrowSyntaxError() in /Users/luckyfish/Documents/Project/RiderProjects/Old8Lang/Old8Lang.Tests/Interpreter/Modules/ErrorHandling/ImportErrorTests.cs:line 63
   at System.Reflection.MethodBaseInvoker.InterpretedInvoke_Method(Object obj, IntPtr* args)
   at System.Reflection.MethodBaseInvoker.InvokeWithNoArgs(Object obj, BindingFlags invokeAttr)</StackTrace>
        </ErrorInfo>
      </Output>
    </UnitTestResult>
    <UnitTestResult executionId="ae77339d-e170-4900-9646-ee92ed0ed4b1" testId="e4f5c4ed-a222-978d-2b67-16894cf3114c" testName="Old8Lang.Tests.Interpreter.Modules.BasicImport.AliasImportTests.Import_MultipleAliases_ShouldWorkIndependently" computerName="lijiajundeMac-mini" duration="00:00:00.0003448" startTime="2025-12-19T14:19:50.4143890+08:00" endTime="2025-12-19T14:19:50.4152850+08:00" testType="13cdc9d9-ddb5-4fa4-a97d-d965ccfc6d4b" outcome="Failed" testListId="8c84fa94-04c1-424b-9868-57a2d4851a1d" relativeResultsDirectory="ae77339d-e170-4900-9646-ee92ed0ed4b1">
      <Output>
        <ErrorInfo>
          <Message>System.IO.FileNotFoundException : 测试文件不存在: /Users/luckyfish/Documents/Project/RiderProjects/Old8Lang/Old8Lang.Tests/bin/Debug/net10.0/../../../OldLib/multi_alias_test.old8</Message>
          <StackTrace>   at Old8Lang.Tests.Interpreter.Modules.Core.ModuleImportTestBase.ExecuteCodeFile(String relativeFilePath) in /Users/luckyfish/Documents/Project/RiderProjects/Old8Lang/Old8Lang.Tests/Interpreter/Modules/Core/ModuleImportTestBase.cs:line 39
   at Old8Lang.Tests.Interpreter.Modules.BasicImport.AliasImportTests.Import_MultipleAliases_ShouldWorkIndependently() in /Users/luckyfish/Documents/Project/RiderProjects/Old8Lang/Old8Lang.Tests/Interpreter/Modules/BasicImport/AliasImportTests.cs:line 88
   at System.Reflection.MethodBaseInvoker.InterpretedInvoke_Method(Object obj, IntPtr* args)
   at System.Reflection.MethodBaseInvoker.InvokeWithNoArgs(Object obj, BindingFlags invokeAttr)</StackTrace>
        </ErrorInfo>
      </Output>
    </UnitTestResult>
    <UnitTestResult executionId="9cfd2f91-9cbe-46a8-af0e-3a5b5f90c38c" testId="b1fc669b-81c7-6daf-dd64-15da2ad6f765" testName="Old8Lang.Tests.Interpreter.Modules.Integration.RealWorldUsageTests.Import_ConfigurationManagement_ShouldWorkCorrectly" computerName="lijiajundeMac-mini" duration="00:00:00.0019673" startTime="2025-12-19T14:19:50.2494380+08:00" endTime="2025-12-19T14:19:50.2594670+08:00" testType="13cdc9d9-ddb5-4fa4-a97d-d965ccfc6d4b" outcome="Failed" testListId="8c84fa94-04c1-424b-9868-57a2d4851a1d" relativeResultsDirectory="9cfd2f91-9cbe-46a8-af0e-3a5b5f90c38c">
      <Output>
        <ErrorInfo>
          <Message>System.IO.FileNotFoundException : 测试文件不存在: /Users/luckyfish/Documents/Project/RiderProjects/Old8Lang/Old8Lang.Tests/bin/Debug/net10.0/../../../OldLib/config_app.old8</Message>
          <StackTrace>   at Old8Lang.Tests.Interpreter.Modules.Core.ModuleImportTestBase.ExecuteCodeFile(String relativeFilePath) in /Users/luckyfish/Documents/Project/RiderProjects/Old8Lang/Old8Lang.Tests/Interpreter/Modules/Core/ModuleImportTestBase.cs:line 39
   at Old8Lang.Tests.Interpreter.Modules.Integration.RealWorldUsageTests.Import_ConfigurationManagement_ShouldWorkCorrectly() in /Users/luckyfish/Documents/Project/RiderProjects/Old8Lang/Old8Lang.Tests/Interpreter/Modules/Integration/RealWorldUsageTests.cs:line 336
   at System.Reflection.MethodBaseInvoker.InterpretedInvoke_Method(Object obj, IntPtr* args)
   at System.Reflection.MethodBaseInvoker.InvokeWithNoArgs(Object obj, BindingFlags invokeAttr)</StackTrace>
        </ErrorInfo>
      </Output>
    </UnitTestResult>
    <UnitTestResult executionId="7f0b375f-6dd8-4537-a7e3-bcdf695b7932" testId="a8efbd54-35aa-3751-37d9-d0c559824824" testName="Old8Lang.Tests.Interpreter.Modules.AdvancedImport.LazyImportTests.Import_LazyBasic_ShouldDelayImportUntilUse" computerName="lijiajundeMac-mini" duration="00:00:00.0007201" startTime="2025-12-19T14:19:50.4191970+08:00" endTime="2025-12-19T14:19:50.4192240+08:00" testType="13cdc9d9-ddb5-4fa4-a97d-d965ccfc6d4b" outcome="Failed" testListId="8c84fa94-04c1-424b-9868-57a2d4851a1d" relativeResultsDirectory="7f0b375f-6dd8-4537-a7e3-bcdf695b7932">
      <Output>
        <StdOut>执行异常: \x1b[31m[IMPORT_ERROR]\x1b[0m 无法导入模块 'MathLib'
  尝试的路径:
    - /Users/luckyfish/Documents/Project/RiderProjects/Old8Lang/Old8Lang.Tests/bin/Debug/net10.0/../../../OldLib/MathLib.old8
\x1b[34m时间:\x1b[0m 2025-12-19 14:19:50.399
\x1b[34m请求ID:\x1b[0m e217f02e-8f7d-4588-988b-b151dc87225e
\x1b[34m位置:\x1b[0m 1:1
\x1b[34m上下文:\x1b[0m
\x1b[34m  0\x1b[0m | import "MathLib"
\x1b[34m  1\x1b[0m | result1 &lt;- "Not loaded"
\x1b[34m      \x1b[0m | \x1b[31m^ 错误发生在这里\x1b[0m
\x1b[34m  2\x1b[0m | result2 &lt;- 123
\x1b[32m建议:\x1b[0m 请检查模块名称是否正确，或者模块是否存在

堆栈跟踪:    at Old8Lang.AST.Statement.ImportStatement.Run(VariateManager manager) in /Users/luckyfish/Documents/Project/RiderProjects/Old8Lang/Old8Lang/AST/Statement/ImportStatement.cs:line 221
   at Old8Lang.AST.Statement.BlockStatement.ImportRun(VariateManager manager) in /Users/luckyfish/Documents/Project/RiderProjects/Old8Lang/Old8Lang/AST/Statement/BlockStatement.cs:line 198
   at Old8Lang.AST.Statement.BlockStatement.RunStandard(VariateManager manager) in /Users/luckyfish/Documents/Project/RiderProjects/Old8Lang/Old8Lang/AST/Statement/BlockStatement.cs:line 60
   at Old8Lang.AST.Statement.BlockStatement.Run(VariateManager manager) in /Users/luckyfish/Documents/Project/RiderProjects/Old8Lang/Old8Lang/AST/Statement/BlockStatement.cs:line 49
   at Old8Lang.Tests.Interpreter.Modules.Core.ModuleImportTestBase.ExecuteCodeFile(String relativeFilePath) in /Users/luckyfish/Documents/Project/RiderProjects/Old8Lang/Old8Lang.Tests/Interpreter/Modules/Core/ModuleImportTestBase.cs:line 49</StdOut>
        <ErrorInfo>
          <Message>Assert.Null() Failure: Value is not null
Expected: null
Actual:   Old8Lang.Error.ImportError: \u001b[31m[IMPORT_ERROR]\u001b[0m 无法导入模块 'MathLib'
  尝试的路径:
    - /Users/luckyfish/Documents/Project/RiderProjects/Old8Lang/Old8Lang.Tests/bin/Debug/net10.0/../../../OldLib/MathLib.old8
\u001b[34m时间:\u001b[0m 2025-12-19 14:19:50.399
\u001b[34m请求ID:\u001b[0m e217f02e-8f7d-4588-988b-b151dc87225e
\u001b[34m位置:\u001b[0m 1:1
\u001b[34m上下文:\u001b[0m
\u001b[34m  0\u001b[0m | import "MathLib"
\u001b[34m  1\u001b[0m | result1 &lt;- "Not loaded"
\u001b[34m      \u001b[0m | \u001b[31m^ 错误发生在这里\u001b[0m
\u001b[34m  2\u001b[0m | result2 &lt;- 123
\u001b[32m建议:\u001b[0m 请检查模块名称是否正确，或者模块是否存在

   at Old8Lang.AST.Statement.ImportStatement.Run(VariateManager manager) in /Users/luckyfish/Documents/Project/RiderProjects/Old8Lang/Old8Lang/AST/Statement/ImportStatement.cs:line 221
   at Old8Lang.AST.Statement.BlockStatement.ImportRun(VariateManager manager) in /Users/luckyfish/Documents/Project/RiderProjects/Old8Lang/Old8Lang/AST/Statement/BlockStatement.cs:line 198
   at Old8Lang.AST.Statement.BlockStatement.RunStandard(VariateManager manager) in /Users/luckyfish/Documents/Project/RiderProjects/Old8Lang/Old8Lang/AST/Statement/BlockStatement.cs:line 60
   at Old8Lang.AST.Statement.BlockStatement.Run(VariateManager manager) in /Users/luckyfish/Documents/Project/RiderProjects/Old8Lang/Old8Lang/AST/Statement/BlockStatement.cs:line 49
   at Old8Lang.Tests.Interpreter.Modules.Core.ModuleImportTestBase.ExecuteCodeFile(String relativeFilePath) in /Users/luckyfish/Documents/Project/RiderProjects/Old8Lang/Old8Lang.Tests/Interpreter/Modules/Core/ModuleImportTestBase.cs:line 49</Message>
          <StackTrace>   at Old8Lang.Tests.Interpreter.Modules.AdvancedImport.LazyImportTests.Import_LazyBasic_ShouldDelayImportUntilUse() in /Users/luckyfish/Documents/Project/RiderProjects/Old8Lang/Old8Lang.Tests/Interpreter/Modules/AdvancedImport/LazyImportTests.cs:line 19
   at System.Reflection.MethodBaseInvoker.InterpretedInvoke_Method(Object obj, IntPtr* args)
   at System.Reflection.MethodBaseInvoker.InvokeWithNoArgs(Object obj, BindingFlags invokeAttr)</StackTrace>
        </ErrorInfo>
      </Output>
    </UnitTestResult>
    <UnitTestResult executionId="53201576-d605-43a4-b922-74792c01fd18" testId="1c37fee3-4175-fc66-6cdc-f3db2f55884d" testName="Old8Lang.Tests.Interpreter.Modules.AdvancedImport.LazyImportTests.Import_LazyWithAlias_ShouldDelayImportWithAlias" computerName="lijiajundeMac-mini" duration="00:00:00.0019788" startTime="2025-12-19T14:19:50.4002060+08:00" endTime="2025-12-19T14:19:50.4061020+08:00" testType="13cdc9d9-ddb5-4fa4-a97d-d965ccfc6d4b" outcome="Failed" testListId="8c84fa94-04c1-424b-9868-57a2d4851a1d" relativeResultsDirectory="53201576-d605-43a4-b922-74792c01fd18">
      <Output>
        <StdOut>执行异常: \x1b[31m[SYNTAX_ERROR]\x1b[0m 语法错误：无法识别的主表达式类型 'Lazy'，值为 'lazy'。建议检查表达式结构是否正确。
\x1b[34m时间:\x1b[0m 2025-12-19 14:19:50.390
\x1b[34m请求ID:\x1b[0m 099a8ff5-a82e-46ea-ac43-afb864eed7bb
\x1b[34m位置:\x1b[0m /Users/luckyfish/Documents/Project/RiderProjects/Old8Lang/Old8Lang.Tests/bin/Debug/net10.0/../../../OldLib/ImportTests_Import_LazyImportAlias.new.old8(2:2)
\x1b[34m上下文:\x1b[0m
\x1b[34m  0\x1b[0m | // 懒导入带别名测试
\x1b[34m  1\x1b[0m | lazy import "lazy_math" as math
\x1b[34m  2\x1b[0m | 
\x1b[34m      \x1b[0m |  \x1b[31m^ 错误发生在这里\x1b[0m
\x1b[34m  3\x1b[0m | // 检查模块是否已加载（此时应该还未加载）
\x1b[32m建议:\x1b[0m 请检查语法是否正确

堆栈跟踪:    at Old8Lang.LangParser.Parsers.PrimaryParser.ParsePrimary() in /Users/luckyfish/Documents/Project/RiderProjects/Old8Lang/Old8Lang/LangParser/Parsers/PrimaryParser.cs:line 285
   at Old8Lang.LangParser.Parsers.ExpressionParser.ParsePower() in /Users/luckyfish/Documents/Project/RiderProjects/Old8Lang/Old8Lang/LangParser/Parsers/ExpressionParser.cs:line 204
   at Old8Lang.LangParser.Parsers.ExpressionParser.ParseNumberOpera2() in /Users/luckyfish/Documents/Project/RiderProjects/Old8Lang/Old8Lang/LangParser/Parsers/ExpressionParser.cs:line 158
   at Old8Lang.LangParser.Parsers.ExpressionParser.ParseNumberOpera1() in /Users/luckyfish/Documents/Project/RiderProjects/Old8Lang/Old8Lang/LangParser/Parsers/ExpressionParser.cs:line 140
   at Old8Lang.LangParser.Parsers.ExpressionParser.ParseBinaryExpression() in /Users/luckyfish/Documents/Project/RiderProjects/Old8Lang/Old8Lang/LangParser/Parsers/ExpressionParser.cs:line 121
   at Old8Lang.LangParser.Parsers.ExpressionParser.ParseBoolOpera() in /Users/luckyfish/Documents/Project/RiderProjects/Old8Lang/Old8Lang/LangParser/Parsers/ExpressionParser.cs:line 42
   at Old8Lang.LangParser.Parsers.ExpressionParser.ParseExpression() in /Users/luckyfish/Documents/Project/RiderProjects/Old8Lang/Old8Lang/LangParser/Parsers/ExpressionParser.cs:line 31
   at Old8Lang.LangParser.Parsers.StatementParser.ParseStatement(List`1 modifiers) in /Users/luckyfish/Documents/Project/RiderProjects/Old8Lang/Old8Lang/LangParser/Parsers/StatementParser.cs:line 365
   at Old8Lang.LangParser.LangParser.ParseProgram() in /Users/luckyfish/Documents/Project/RiderProjects/Old8Lang/Old8Lang/LangParser/LangParser.cs:line 137
   at Old8Lang.Interpreter.LangInterpreter.Build(String code, String fileName) in /Users/luckyfish/Documents/Project/RiderProjects/Old8Lang/Old8Lang/Interpreter/LangInterpreter.cs:line 77
   at Old8Lang.Tests.Interpreter.Modules.Core.ModuleImportTestBase.ExecuteCodeFile(String relativeFilePath) in /Users/luckyfish/Documents/Project/RiderProjects/Old8Lang/Old8Lang.Tests/Interpreter/Modules/Core/ModuleImportTestBase.cs:line 48</StdOut>
        <ErrorInfo>
          <Message>Assert.Null() Failure: Value is not null
Expected: null
Actual:   Old8Lang.Error.SyntaxError: \u001b[31m[SYNTAX_ERROR]\u001b[0m 语法错误：无法识别的主表达式类型 'Lazy'，值为 'lazy'。建议检查表达式结构是否正确。
\u001b[34m时间:\u001b[0m 2025-12-19 14:19:50.390
\u001b[34m请求ID:\u001b[0m 099a8ff5-a82e-46ea-ac43-afb864eed7bb
\u001b[34m位置:\u001b[0m /Users/luckyfish/Documents/Project/RiderProjects/Old8Lang/Old8Lang.Tests/bin/Debug/net10.0/../../../OldLib/ImportTests_Import_LazyImportAlias.new.old8(2:2)
\u001b[34m上下文:\u001b[0m
\u001b[34m  0\u001b[0m | // 懒导入带别名测试
\u001b[34m  1\u001b[0m | lazy import "lazy_math" as math
\u001b[34m  2\u001b[0m | 
\u001b[34m      \u001b[0m |  \u001b[31m^ 错误发生在这里\u001b[0m
\u001b[34m  3\u001b[0m | // 检查模块是否已加载（此时应该还未加载）
\u001b[32m建议:\u001b[0m 请检查语法是否正确

   at Old8Lang.LangParser.Parsers.PrimaryParser.ParsePrimary() in /Users/luckyfish/Documents/Project/RiderProjects/Old8Lang/Old8Lang/LangParser/Parsers/PrimaryParser.cs:line 285
   at Old8Lang.LangParser.Parsers.ExpressionParser.ParsePower() in /Users/luckyfish/Documents/Project/RiderProjects/Old8Lang/Old8Lang/LangParser/Parsers/ExpressionParser.cs:line 204
   at Old8Lang.LangParser.Parsers.ExpressionParser.ParseNumberOpera2() in /Users/luckyfish/Documents/Project/RiderProjects/Old8Lang/Old8Lang/LangParser/Parsers/ExpressionParser.cs:line 158
   at Old8Lang.LangParser.Parsers.ExpressionParser.ParseNumberOpera1() in /Users/luckyfish/Documents/Project/RiderProjects/Old8Lang/Old8Lang/LangParser/Parsers/ExpressionParser.cs:line 140
   at Old8Lang.LangParser.Parsers.ExpressionParser.ParseBinaryExpression() in /Users/luckyfish/Documents/Project/RiderProjects/Old8Lang/Old8Lang/LangParser/Parsers/ExpressionParser.cs:line 121
   at Old8Lang.LangParser.Parsers.ExpressionParser.ParseBoolOpera() in /Users/luckyfish/Documents/Project/RiderProjects/Old8Lang/Old8Lang/LangParser/Parsers/ExpressionParser.cs:line 42
   at Old8Lang.LangParser.Parsers.ExpressionParser.ParseExpression() in /Users/luckyfish/Documents/Project/RiderProjects/Old8Lang/Old8Lang/LangParser/Parsers/ExpressionParser.cs:line 31
   at Old8Lang.LangParser.Parsers.StatementParser.ParseStatement(List`1 modifiers) in /Users/luckyfish/Documents/Project/RiderProjects/Old8Lang/Old8Lang/LangParser/Parsers/StatementParser.cs:line 365
   at Old8Lang.LangParser.LangParser.ParseProgram() in /Users/luckyfish/Documents/Project/RiderProjects/Old8Lang/Old8Lang/LangParser/LangParser.cs:line 137
   at Old8Lang.Interpreter.LangInterpreter.Build(String code, String fileName) in /Users/luckyfish/Documents/Project/RiderProjects/Old8Lang/Old8Lang/Interpreter/LangInterpreter.cs:line 77
   at Old8Lang.Tests.Interpreter.Modules.Core.ModuleImportTestBase.ExecuteCodeFile(String relativeFilePath) in /Users/luckyfish/Documents/Project/RiderProjects/Old8Lang/Old8Lang.Tests/Interpreter/Modules/Core/ModuleImportTestBase.cs:line 48</Message>
          <StackTrace>   at Old8Lang.Tests.Interpreter.Modules.AdvancedImport.LazyImportTests.Import_LazyWithAlias_ShouldDelayImportWithAlias() in /Users/luckyfish/Documents/Project/RiderProjects/Old8Lang/Old8Lang.Tests/Interpreter/Modules/AdvancedImport/LazyImportTests.cs:line 70
   at System.Reflection.MethodBaseInvoker.InterpretedInvoke_Method(Object obj, IntPtr* args)
   at System.Reflection.MethodBaseInvoker.InvokeWithNoArgs(Object obj, BindingFlags invokeAttr)</StackTrace>
        </ErrorInfo>
      </Output>
    </UnitTestResult>
    <UnitTestResult executionId="5790c189-334f-4920-9e56-340a290230d1" testId="87f14ce8-7402-d5af-ae70-e654421303c2" testName="Old8Lang.Tests.Interpreter.Modules.AdvancedImport.LazyImportTests.Import_LazyMultipleAccess_ShouldLoadOnce" computerName="lijiajundeMac-mini" duration="00:00:00.0003516" startTime="2025-12-19T14:19:50.4181300+08:00" endTime="2025-12-19T14:19:50.4181450+08:00" testType="13cdc9d9-ddb5-4fa4-a97d-d965ccfc6d4b" outcome="Failed" testListId="8c84fa94-04c1-424b-9868-57a2d4851a1d" relativeResultsDirectory="5790c189-334f-4920-9e56-340a290230d1">
      <Output>
        <ErrorInfo>
          <Message>System.IO.FileNotFoundException : 测试文件不存在: /Users/luckyfish/Documents/Project/RiderProjects/Old8Lang/Old8Lang.Tests/bin/Debug/net10.0/../../../OldLib/lazy_multiple_access_test.old8</Message>
          <StackTrace>   at Old8Lang.Tests.Interpreter.Modules.Core.ModuleImportTestBase.ExecuteCodeFile(String relativeFilePath) in /Users/luckyfish/Documents/Project/RiderProjects/Old8Lang/Old8Lang.Tests/Interpreter/Modules/Core/ModuleImportTestBase.cs:line 39
   at Old8Lang.Tests.Interpreter.Modules.AdvancedImport.LazyImportTests.Import_LazyMultipleAccess_ShouldLoadOnce() in /Users/luckyfish/Documents/Project/RiderProjects/Old8Lang/Old8Lang.Tests/Interpreter/Modules/AdvancedImport/LazyImportTests.cs:line 279
   at System.Reflection.MethodBaseInvoker.InterpretedInvoke_Method(Object obj, IntPtr* args)
   at System.Reflection.MethodBaseInvoker.InvokeWithNoArgs(Object obj, BindingFlags invokeAttr)</StackTrace>
        </ErrorInfo>
      </Output>
    </UnitTestResult>
    <UnitTestResult executionId="95f28988-eb3a-47be-91f1-5cfeb1c8d3ad" testId="da9e5a2c-c3d0-7749-165f-a5f8ba430897" testName="Old8Lang.Tests.Interpreter.Modules.BasicImport.SimpleImportTests.Import_ImportSameModuleTwice_ShouldNotDuplicate" computerName="lijiajundeMac-mini" duration="00:00:00.0014414" startTime="2025-12-19T14:19:50.3986790+08:00" endTime="2025-12-19T14:19:50.4016090+08:00" testType="13cdc9d9-ddb5-4fa4-a97d-d965ccfc6d4b" outcome="Failed" testListId="8c84fa94-04c1-424b-9868-57a2d4851a1d" relativeResultsDirectory="95f28988-eb3a-47be-91f1-5cfeb1c8d3ad">
      <Output>
        <StdOut>执行异常: \x1b[31m[IMPORT_ERROR]\x1b[0m 无法导入模块 'MathLib'
  尝试的路径:
    - /Users/luckyfish/Documents/Project/RiderProjects/Old8Lang/Old8Lang.Tests/bin/Debug/net10.0/../../../OldLib/MathLib.old8
\x1b[34m时间:\x1b[0m 2025-12-19 14:19:50.389
\x1b[34m请求ID:\x1b[0m 0a0901ca-5f7f-4e4d-a14c-52619756a5b7
\x1b[34m位置:\x1b[0m 1:1
\x1b[34m上下文:\x1b[0m
\x1b[34m  0\x1b[0m | // 懒导入带别名测试
\x1b[34m  1\x1b[0m | lazy import "lazy_math" as math
\x1b[34m      \x1b[0m | \x1b[31m^ 错误发生在这里\x1b[0m
\x1b[34m  2\x1b[0m | // 检查模块是否已加载（此时应该还未加载）
\x1b[32m建议:\x1b[0m 请检查模块名称是否正确，或者模块是否存在

堆栈跟踪:    at Old8Lang.AST.Statement.ImportStatement.Run(VariateManager manager) in /Users/luckyfish/Documents/Project/RiderProjects/Old8Lang/Old8Lang/AST/Statement/ImportStatement.cs:line 221
   at Old8Lang.AST.Statement.BlockStatement.ImportRun(VariateManager manager) in /Users/luckyfish/Documents/Project/RiderProjects/Old8Lang/Old8Lang/AST/Statement/BlockStatement.cs:line 198
   at Old8Lang.AST.Statement.BlockStatement.RunStandard(VariateManager manager) in /Users/luckyfish/Documents/Project/RiderProjects/Old8Lang/Old8Lang/AST/Statement/BlockStatement.cs:line 60
   at Old8Lang.AST.Statement.BlockStatement.Run(VariateManager manager) in /Users/luckyfish/Documents/Project/RiderProjects/Old8Lang/Old8Lang/AST/Statement/BlockStatement.cs:line 49
   at Old8Lang.Tests.Interpreter.Modules.Core.ModuleImportTestBase.ExecuteCodeFile(String relativeFilePath) in /Users/luckyfish/Documents/Project/RiderProjects/Old8Lang/Old8Lang.Tests/Interpreter/Modules/Core/ModuleImportTestBase.cs:line 49</StdOut>
        <ErrorInfo>
          <Message>Assert.Null() Failure: Value is not null
Expected: null
Actual:   Old8Lang.Error.ImportError: \u001b[31m[IMPORT_ERROR]\u001b[0m 无法导入模块 'MathLib'
  尝试的路径:
    - /Users/luckyfish/Documents/Project/RiderProjects/Old8Lang/Old8Lang.Tests/bin/Debug/net10.0/../../../OldLib/MathLib.old8
\u001b[34m时间:\u001b[0m 2025-12-19 14:19:50.389
\u001b[34m请求ID:\u001b[0m 0a0901ca-5f7f-4e4d-a14c-52619756a5b7
\u001b[34m位置:\u001b[0m 1:1
\u001b[34m上下文:\u001b[0m
\u001b[34m  0\u001b[0m | // 懒导入带别名测试
\u001b[34m  1\u001b[0m | lazy import "lazy_math" as math
\u001b[34m      \u001b[0m | \u001b[31m^ 错误发生在这里\u001b[0m
\u001b[34m  2\u001b[0m | // 检查模块是否已加载（此时应该还未加载）
\u001b[32m建议:\u001b[0m 请检查模块名称是否正确，或者模块是否存在

   at Old8Lang.AST.Statement.ImportStatement.Run(VariateManager manager) in /Users/luckyfish/Documents/Project/RiderProjects/Old8Lang/Old8Lang/AST/Statement/ImportStatement.cs:line 221
   at Old8Lang.AST.Statement.BlockStatement.ImportRun(VariateManager manager) in /Users/luckyfish/Documents/Project/RiderProjects/Old8Lang/Old8Lang/AST/Statement/BlockStatement.cs:line 198
   at Old8Lang.AST.Statement.BlockStatement.RunStandard(VariateManager manager) in /Users/luckyfish/Documents/Project/RiderProjects/Old8Lang/Old8Lang/AST/Statement/BlockStatement.cs:line 60
   at Old8Lang.AST.Statement.BlockStatement.Run(VariateManager manager) in /Users/luckyfish/Documents/Project/RiderProjects/Old8Lang/Old8Lang/AST/Statement/BlockStatement.cs:line 49
   at Old8Lang.Tests.Interpreter.Modules.Core.ModuleImportTestBase.ExecuteCodeFile(String relativeFilePath) in /Users/luckyfish/Documents/Project/RiderProjects/Old8Lang/Old8Lang.Tests/Interpreter/Modules/Core/ModuleImportTestBase.cs:line 49</Message>
          <StackTrace>   at Old8Lang.Tests.Interpreter.Modules.BasicImport.SimpleImportTests.Import_ImportSameModuleTwice_ShouldNotDuplicate() in /Users/luckyfish/Documents/Project/RiderProjects/Old8Lang/Old8Lang.Tests/Interpreter/Modules/BasicImport/SimpleImportTests.cs:line 93
   at System.Reflection.MethodBaseInvoker.InterpretedInvoke_Method(Object obj, IntPtr* args)
   at System.Reflection.MethodBaseInvoker.InvokeWithNoArgs(Object obj, BindingFlags invokeAttr)</StackTrace>
        </ErrorInfo>
      </Output>
    </UnitTestResult>
    <UnitTestResult executionId="189cf04f-8c3a-4fd2-b8bd-b6f89b85b47a" testId="9f12a1c9-0bbb-caec-24a2-f376b90f8ab9" testName="Old8Lang.Tests.Interpreter.Modules.BasicImport.WildcardImportTests.Import_WildcardWithConstants_ShouldImportAllSymbols" computerName="lijiajundeMac-mini" duration="00:00:00.0004774" startTime="2025-12-19T14:19:50.4025190+08:00" endTime="2025-12-19T14:19:50.4033940+08:00" testType="13cdc9d9-ddb5-4fa4-a97d-d965ccfc6d4b" outcome="Failed" testListId="8c84fa94-04c1-424b-9868-57a2d4851a1d" relativeResultsDirectory="189cf04f-8c3a-4fd2-b8bd-b6f89b85b47a">
      <Output>
        <ErrorInfo>
          <Message>System.IO.FileNotFoundException : 测试文件不存在: /Users/luckyfish/Documents/Project/RiderProjects/Old8Lang/Old8Lang.Tests/bin/Debug/net10.0/../../../OldLib/wildcard_constants_test.old8</Message>
          <StackTrace>   at Old8Lang.Tests.Interpreter.Modules.Core.ModuleImportTestBase.ExecuteCodeFile(String relativeFilePath) in /Users/luckyfish/Documents/Project/RiderProjects/Old8Lang/Old8Lang.Tests/Interpreter/Modules/Core/ModuleImportTestBase.cs:line 39
   at Old8Lang.Tests.Interpreter.Modules.BasicImport.WildcardImportTests.Import_WildcardWithConstants_ShouldImportAllSymbols() in /Users/luckyfish/Documents/Project/RiderProjects/Old8Lang/Old8Lang.Tests/Interpreter/Modules/BasicImport/WildcardImportTests.cs:line 56
   at System.Reflection.MethodBaseInvoker.InterpretedInvoke_Method(Object obj, IntPtr* args)
   at System.Reflection.MethodBaseInvoker.InvokeWithNoArgs(Object obj, BindingFlags invokeAttr)</StackTrace>
        </ErrorInfo>
      </Output>
    </UnitTestResult>
    <UnitTestResult executionId="45a64c2b-5e3c-4efb-8e70-68152f2809a4" testId="372d0214-808a-ad62-29b7-876be52836d9" testName="Old8Lang.Tests.Interpreter.Modules.BasicImport.AliasImportTests.Import_ChainedAliasAccess_ShouldWork" computerName="lijiajundeMac-mini" duration="00:00:00.0032710" startTime="2025-12-19T14:19:50.4135850+08:00" endTime="2025-12-19T14:19:50.4139860+08:00" testType="13cdc9d9-ddb5-4fa4-a97d-d965ccfc6d4b" outcome="Failed" testListId="8c84fa94-04c1-424b-9868-57a2d4851a1d" relativeResultsDirectory="45a64c2b-5e3c-4efb-8e70-68152f2809a4">
      <Output>
        <ErrorInfo>
          <Message>System.IO.FileNotFoundException : 测试文件不存在: /Users/luckyfish/Documents/Project/RiderProjects/Old8Lang/Old8Lang.Tests/bin/Debug/net10.0/../../../OldLib/chained_alias_test.old8</Message>
          <StackTrace>   at Old8Lang.Tests.Interpreter.Modules.Core.ModuleImportTestBase.ExecuteCodeFile(String relativeFilePath) in /Users/luckyfish/Documents/Project/RiderProjects/Old8Lang/Old8Lang.Tests/Interpreter/Modules/Core/ModuleImportTestBase.cs:line 39
   at Old8Lang.Tests.Interpreter.Modules.BasicImport.AliasImportTests.Import_ChainedAliasAccess_ShouldWork() in /Users/luckyfish/Documents/Project/RiderProjects/Old8Lang/Old8Lang.Tests/Interpreter/Modules/BasicImport/AliasImportTests.cs:line 193
   at System.Reflection.MethodBaseInvoker.InterpretedInvoke_Method(Object obj, IntPtr* args)
   at System.Reflection.MethodBaseInvoker.InvokeWithNoArgs(Object obj, BindingFlags invokeAttr)</StackTrace>
        </ErrorInfo>
      </Output>
    </UnitTestResult>
    <UnitTestResult executionId="09423b8c-85af-43c0-b746-18264176ef2e" testId="ac39a65b-29d8-18d8-d1cb-6ac33057bcaa" testName="Old8Lang.Tests.Interpreter.Modules.ErrorHandling.ImportErrorTests.Import_ModuleWithValidationErrors_ShouldBeHandled" computerName="lijiajundeMac-mini" duration="00:00:00.1292806" startTime="2025-12-19T14:19:50.2802890+08:00" endTime="2025-12-19T14:19:50.4012430+08:00" testType="13cdc9d9-ddb5-4fa4-a97d-d965ccfc6d4b" outcome="Passed" testListId="8c84fa94-04c1-424b-9868-57a2d4851a1d" relativeResultsDirectory="09423b8c-85af-43c0-b746-18264176ef2e" />
    <UnitTestResult executionId="13f50fe3-91b1-44c9-9d07-e5675ff80c4b" testId="7b5535c2-567c-18e9-3d73-db63af5fa965" testName="Old8Lang.Tests.Interpreter.Modules.BasicImport.AliasImportTests.Import_DifferentAliasNames_ShouldWork(aliasName: &quot;math_lib&quot;, importStatement: &quot;import \&quot;math\&quot; as math_lib&quot;)" computerName="lijiajundeMac-mini" duration="00:00:00.0003823" startTime="2025-12-19T14:19:50.3917780+08:00" endTime="2025-12-19T14:19:50.3991680+08:00" testType="13cdc9d9-ddb5-4fa4-a97d-d965ccfc6d4b" outcome="Failed" testListId="8c84fa94-04c1-424b-9868-57a2d4851a1d" relativeResultsDirectory="13f50fe3-91b1-44c9-9d07-e5675ff80c4b">
      <Output>
        <ErrorInfo>
          <Message>System.IO.FileNotFoundException : 测试文件不存在: /Users/luckyfish/Documents/Project/RiderProjects/Old8Lang/Old8Lang.Tests/bin/Debug/net10.0/../../../OldLib/alias_math_lib_test.old8</Message>
          <StackTrace>   at Old8Lang.Tests.Interpreter.Modules.Core.ModuleImportTestBase.ExecuteCodeFile(String relativeFilePath) in /Users/luckyfish/Documents/Project/RiderProjects/Old8Lang/Old8Lang.Tests/Interpreter/Modules/Core/ModuleImportTestBase.cs:line 39
   at Old8Lang.Tests.Interpreter.Modules.BasicImport.AliasImportTests.Import_DifferentAliasNames_ShouldWork(String aliasName, String importStatement) in /Users/luckyfish/Documents/Project/RiderProjects/Old8Lang/Old8Lang.Tests/Interpreter/Modules/BasicImport/AliasImportTests.cs:line 161
   at System.Reflection.MethodBaseInvoker.InterpretedInvoke_Method(Object obj, IntPtr* args)
   at System.Reflection.MethodBaseInvoker.InvokeDirectByRefWithFewArgs(Object obj, Span`1 copyOfArgs, BindingFlags invokeAttr)</StackTrace>
        </ErrorInfo>
      </Output>
    </UnitTestResult>
    <UnitTestResult executionId="269c8aa3-b4c7-4f1e-a8a3-62aeab4eb878" testId="14902b34-caf5-1a1a-71b1-56f311eb2d51" testName="Old8Lang.Tests.Interpreter.Modules.ErrorHandling.ImportErrorTests.Import_ModuleWithRuntimeException_ShouldPropagateError" computerName="lijiajundeMac-mini" duration="00:00:00.0006476" startTime="2025-12-19T14:19:50.2798590+08:00" endTime="2025-12-19T14:19:50.2801600+08:00" testType="13cdc9d9-ddb5-4fa4-a97d-d965ccfc6d4b" outcome="Failed" testListId="8c84fa94-04c1-424b-9868-57a2d4851a1d" relativeResultsDirectory="269c8aa3-b4c7-4f1e-a8a3-62aeab4eb878">
      <Output>
        <ErrorInfo>
          <Message>System.IO.FileNotFoundException : 测试文件不存在: /Users/luckyfish/Documents/Project/RiderProjects/Old8Lang/Old8Lang.Tests/bin/Debug/net10.0/../../../OldLib/runtime_error_test.old8</Message>
          <StackTrace>   at Old8Lang.Tests.Interpreter.Modules.Core.ModuleImportTestBase.ExecuteCodeFile(String relativeFilePath) in /Users/luckyfish/Documents/Project/RiderProjects/Old8Lang/Old8Lang.Tests/Interpreter/Modules/Core/ModuleImportTestBase.cs:line 39
   at Old8Lang.Tests.Interpreter.Modules.Core.ModuleImportTestBase.AssertExecutionThrows(String relativeFilePath, Type expectedExceptionType) in /Users/luckyfish/Documents/Project/RiderProjects/Old8Lang/Old8Lang.Tests/Interpreter/Modules/Core/ModuleImportTestBase.cs:line 101
   at Old8Lang.Tests.Interpreter.Modules.ErrorHandling.ImportErrorTests.Import_ModuleWithRuntimeException_ShouldPropagateError() in /Users/luckyfish/Documents/Project/RiderProjects/Old8Lang/Old8Lang.Tests/Interpreter/Modules/ErrorHandling/ImportErrorTests.cs:line 84
   at System.Reflection.MethodBaseInvoker.InterpretedInvoke_Method(Object obj, IntPtr* args)
   at System.Reflection.MethodBaseInvoker.InvokeWithNoArgs(Object obj, BindingFlags invokeAttr)</StackTrace>
        </ErrorInfo>
      </Output>
    </UnitTestResult>
    <UnitTestResult executionId="6a4a3051-bf44-4abd-a7a7-70278a61212a" testId="a3d8ffd2-e44f-fc70-6aec-9148a635c41c" testName="Old8Lang.Tests.Interpreter.Modules.Integration.ComplexImportScenariosTests.Import_EagerVsLazyMixing_ShouldWorkCorrectly" computerName="lijiajundeMac-mini" duration="00:00:00.0004334" startTime="2025-12-19T14:19:50.4042270+08:00" endTime="2025-12-19T14:19:50.4056860+08:00" testType="13cdc9d9-ddb5-4fa4-a97d-d965ccfc6d4b" outcome="Failed" testListId="8c84fa94-04c1-424b-9868-57a2d4851a1d" relativeResultsDirectory="6a4a3051-bf44-4abd-a7a7-70278a61212a">
      <Output>
        <ErrorInfo>
          <Message>System.IO.FileNotFoundException : 测试文件不存在: /Users/luckyfish/Documents/Project/RiderProjects/Old8Lang/Old8Lang.Tests/bin/Debug/net10.0/../../../OldLib/eager_lazy_mix_test.old8</Message>
          <StackTrace>   at Old8Lang.Tests.Interpreter.Modules.Core.ModuleImportTestBase.ExecuteCodeFile(String relativeFilePath) in /Users/luckyfish/Documents/Project/RiderProjects/Old8Lang/Old8Lang.Tests/Interpreter/Modules/Core/ModuleImportTestBase.cs:line 39
   at Old8Lang.Tests.Interpreter.Modules.Integration.ComplexImportScenariosTests.Import_EagerVsLazyMixing_ShouldWorkCorrectly() in /Users/luckyfish/Documents/Project/RiderProjects/Old8Lang/Old8Lang.Tests/Interpreter/Modules/Integration/ComplexImportScenariosTests.cs:line 434
   at System.Reflection.MethodBaseInvoker.InterpretedInvoke_Method(Object obj, IntPtr* args)
   at System.Reflection.MethodBaseInvoker.InvokeWithNoArgs(Object obj, BindingFlags invokeAttr)</StackTrace>
        </ErrorInfo>
      </Output>
    </UnitTestResult>
    <UnitTestResult executionId="d526e283-3eb0-41d3-a328-4925249b92bc" testId="623682ea-ae50-cb77-d34f-0ce86703f8be" testName="Old8Lang.Tests.Interpreter.Modules.AdvancedImport.LazyImportTests.Import_LazyCircularDependency_ShouldHandleGracefully" computerName="lijiajundeMac-mini" duration="00:00:00.0008053" startTime="2025-12-19T14:19:50.4182550+08:00" endTime="2025-12-19T14:19:50.4189400+08:00" testType="13cdc9d9-ddb5-4fa4-a97d-d965ccfc6d4b" outcome="Failed" testListId="8c84fa94-04c1-424b-9868-57a2d4851a1d" relativeResultsDirectory="d526e283-3eb0-41d3-a328-4925249b92bc">
      <Output>
        <ErrorInfo>
          <Message>System.IO.FileNotFoundException : 测试文件不存在: /Users/luckyfish/Documents/Project/RiderProjects/Old8Lang/Old8Lang.Tests/bin/Debug/net10.0/../../../OldLib/lazy_circular_test.old8</Message>
          <StackTrace>   at Old8Lang.Tests.Interpreter.Modules.Core.ModuleImportTestBase.ExecuteCodeFile(String relativeFilePath) in /Users/luckyfish/Documents/Project/RiderProjects/Old8Lang/Old8Lang.Tests/Interpreter/Modules/Core/ModuleImportTestBase.cs:line 39
   at Old8Lang.Tests.Interpreter.Modules.AdvancedImport.LazyImportTests.Import_LazyCircularDependency_ShouldHandleGracefully() in /Users/luckyfish/Documents/Project/RiderProjects/Old8Lang/Old8Lang.Tests/Interpreter/Modules/AdvancedImport/LazyImportTests.cs:line 242
   at System.Reflection.MethodBaseInvoker.InterpretedInvoke_Method(Object obj, IntPtr* args)
   at System.Reflection.MethodBaseInvoker.InvokeWithNoArgs(Object obj, BindingFlags invokeAttr)</StackTrace>
        </ErrorInfo>
      </Output>
    </UnitTestResult>
    <UnitTestResult executionId="b380ab3c-214b-4bc1-85de-6af2336f25ed" testId="24c29a86-57a9-574d-2121-e6f75495d8e7" testName="Old8Lang.Tests.Interpreter.Modules.AdvancedImport.LazyImportTests.Import_LazySelective_ShouldDelaySelectiveImport" computerName="lijiajundeMac-mini" duration="00:00:00.0047330" startTime="2025-12-19T14:19:50.4066210+08:00" endTime="2025-12-19T14:19:50.4148400+08:00" testType="13cdc9d9-ddb5-4fa4-a97d-d965ccfc6d4b" outcome="Failed" testListId="8c84fa94-04c1-424b-9868-57a2d4851a1d" relativeResultsDirectory="b380ab3c-214b-4bc1-85de-6af2336f25ed">
      <Output>
        <StdOut>执行异常: \x1b[31m[SYNTAX_ERROR]\x1b[0m 语法错误：无法识别的主表达式类型 'Lazy'，值为 'lazy'。建议检查表达式结构是否正确。
\x1b[34m时间:\x1b[0m 2025-12-19 14:19:50.395
\x1b[34m请求ID:\x1b[0m 37f48306-f52f-4040-b1d6-5d5104139b0d
\x1b[34m位置:\x1b[0m /Users/luckyfish/Documents/Project/RiderProjects/Old8Lang/Old8Lang.Tests/bin/Debug/net10.0/../../../OldLib/ImportTests_Import_LazyImportSelective.new.old8(2:2)
\x1b[34m上下文:\x1b[0m
\x1b[34m  0\x1b[0m | // 选择性懒导入测试 - 懒导入特定函数
\x1b[34m  1\x1b[0m | lazy import { CalculateLargeNumber, PI } from "lazy_math"
\x1b[34m  2\x1b[0m | 
\x1b[34m      \x1b[0m |  \x1b[31m^ 错误发生在这里\x1b[0m
\x1b[34m  3\x1b[0m | // 检查函数是否可用（此时应该还未加载）
\x1b[32m建议:\x1b[0m 请检查语法是否正确

堆栈跟踪:    at Old8Lang.LangParser.Parsers.PrimaryParser.ParsePrimary() in /Users/luckyfish/Documents/Project/RiderProjects/Old8Lang/Old8Lang/LangParser/Parsers/PrimaryParser.cs:line 285
   at Old8Lang.LangParser.Parsers.ExpressionParser.ParsePower() in /Users/luckyfish/Documents/Project/RiderProjects/Old8Lang/Old8Lang/LangParser/Parsers/ExpressionParser.cs:line 204
   at Old8Lang.LangParser.Parsers.ExpressionParser.ParseNumberOpera2() in /Users/luckyfish/Documents/Project/RiderProjects/Old8Lang/Old8Lang/LangParser/Parsers/ExpressionParser.cs:line 158
   at Old8Lang.LangParser.Parsers.ExpressionParser.ParseNumberOpera1() in /Users/luckyfish/Documents/Project/RiderProjects/Old8Lang/Old8Lang/LangParser/Parsers/ExpressionParser.cs:line 140
   at Old8Lang.LangParser.Parsers.ExpressionParser.ParseBinaryExpression() in /Users/luckyfish/Documents/Project/RiderProjects/Old8Lang/Old8Lang/LangParser/Parsers/ExpressionParser.cs:line 121
   at Old8Lang.LangParser.Parsers.ExpressionParser.ParseBoolOpera() in /Users/luckyfish/Documents/Project/RiderProjects/Old8Lang/Old8Lang/LangParser/Parsers/ExpressionParser.cs:line 42
   at Old8Lang.LangParser.Parsers.ExpressionParser.ParseExpression() in /Users/luckyfish/Documents/Project/RiderProjects/Old8Lang/Old8Lang/LangParser/Parsers/ExpressionParser.cs:line 31
   at Old8Lang.LangParser.Parsers.StatementParser.ParseStatement(List`1 modifiers) in /Users/luckyfish/Documents/Project/RiderProjects/Old8Lang/Old8Lang/LangParser/Parsers/StatementParser.cs:line 365
   at Old8Lang.LangParser.LangParser.ParseProgram() in /Users/luckyfish/Documents/Project/RiderProjects/Old8Lang/Old8Lang/LangParser/LangParser.cs:line 137
   at Old8Lang.Interpreter.LangInterpreter.Build(String code, String fileName) in /Users/luckyfish/Documents/Project/RiderProjects/Old8Lang/Old8Lang/Interpreter/LangInterpreter.cs:line 77
   at Old8Lang.Tests.Interpreter.Modules.Core.ModuleImportTestBase.ExecuteCodeFile(String relativeFilePath) in /Users/luckyfish/Documents/Project/RiderProjects/Old8Lang/Old8Lang.Tests/Interpreter/Modules/Core/ModuleImportTestBase.cs:line 48</StdOut>
        <ErrorInfo>
          <Message>Assert.Null() Failure: Value is not null
Expected: null
Actual:   Old8Lang.Error.SyntaxError: \u001b[31m[SYNTAX_ERROR]\u001b[0m 语法错误：无法识别的主表达式类型 'Lazy'，值为 'lazy'。建议检查表达式结构是否正确。
\u001b[34m时间:\u001b[0m 2025-12-19 14:19:50.395
\u001b[34m请求ID:\u001b[0m 37f48306-f52f-4040-b1d6-5d5104139b0d
\u001b[34m位置:\u001b[0m /Users/luckyfish/Documents/Project/RiderProjects/Old8Lang/Old8Lang.Tests/bin/Debug/net10.0/../../../OldLib/ImportTests_Import_LazyImportSelective.new.old8(2:2)
\u001b[34m上下文:\u001b[0m
\u001b[34m  0\u001b[0m | // 选择性懒导入测试 - 懒导入特定函数
\u001b[34m  1\u001b[0m | lazy import { CalculateLargeNumber, PI } from "lazy_math"
\u001b[34m  2\u001b[0m | 
\u001b[34m      \u001b[0m |  \u001b[31m^ 错误发生在这里\u001b[0m
\u001b[34m  3\u001b[0m | // 检查函数是否可用（此时应该还未加载）
\u001b[32m建议:\u001b[0m 请检查语法是否正确

   at Old8Lang.LangParser.Parsers.PrimaryParser.ParsePrimary() in /Users/luckyfish/Documents/Project/RiderProjects/Old8Lang/Old8Lang/LangParser/Parsers/PrimaryParser.cs:line 285
   at Old8Lang.LangParser.Parsers.ExpressionParser.ParsePower() in /Users/luckyfish/Documents/Project/RiderProjects/Old8Lang/Old8Lang/LangParser/Parsers/ExpressionParser.cs:line 204
   at Old8Lang.LangParser.Parsers.ExpressionParser.ParseNumberOpera2() in /Users/luckyfish/Documents/Project/RiderProjects/Old8Lang/Old8Lang/LangParser/Parsers/ExpressionParser.cs:line 158
   at Old8Lang.LangParser.Parsers.ExpressionParser.ParseNumberOpera1() in /Users/luckyfish/Documents/Project/RiderProjects/Old8Lang/Old8Lang/LangParser/Parsers/ExpressionParser.cs:line 140
   at Old8Lang.LangParser.Parsers.ExpressionParser.ParseBinaryExpression() in /Users/luckyfish/Documents/Project/RiderProjects/Old8Lang/Old8Lang/LangParser/Parsers/ExpressionParser.cs:line 121
   at Old8Lang.LangParser.Parsers.ExpressionParser.ParseBoolOpera() in /Users/luckyfish/Documents/Project/RiderProjects/Old8Lang/Old8Lang/LangParser/Parsers/ExpressionParser.cs:line 42
   at Old8Lang.LangParser.Parsers.ExpressionParser.ParseExpression() in /Users/luckyfish/Documents/Project/RiderProjects/Old8Lang/Old8Lang/LangParser/Parsers/ExpressionParser.cs:line 31
   at Old8Lang.LangParser.Parsers.StatementParser.ParseStatement(List`1 modifiers) in /Users/luckyfish/Documents/Project/RiderProjects/Old8Lang/Old8Lang/LangParser/Parsers/StatementParser.cs:line 365
   at Old8Lang.LangParser.LangParser.ParseProgram() in /Users/luckyfish/Documents/Project/RiderProjects/Old8Lang/Old8Lang/LangParser/LangParser.cs:line 137
   at Old8Lang.Interpreter.LangInterpreter.Build(String code, String fileName) in /Users/luckyfish/Documents/Project/RiderProjects/Old8Lang/Old8Lang/Interpreter/LangInterpreter.cs:line 77
   at Old8Lang.Tests.Interpreter.Modules.Core.ModuleImportTestBase.ExecuteCodeFile(String relativeFilePath) in /Users/luckyfish/Documents/Project/RiderProjects/Old8Lang/Old8Lang.Tests/Interpreter/Modules/Core/ModuleImportTestBase.cs:line 48</Message>
          <StackTrace>   at Old8Lang.Tests.Interpreter.Modules.AdvancedImport.LazyImportTests.Import_LazySelective_ShouldDelaySelectiveImport() in /Users/luckyfish/Documents/Project/RiderProjects/Old8Lang/Old8Lang.Tests/Interpreter/Modules/AdvancedImport/LazyImportTests.cs:line 51
   at System.Reflection.MethodBaseInvoker.InterpretedInvoke_Method(Object obj, IntPtr* args)
   at System.Reflection.MethodBaseInvoker.InvokeWithNoArgs(Object obj, BindingFlags invokeAttr)</StackTrace>
        </ErrorInfo>
      </Output>
    </UnitTestResult>
[...]
        <Text>[xUnit.net 00:00:00.29]     Old8Lang.Tests.Interpreter.Modules.AdvancedImport.LazyImportTests.Import_LazyEnhanced_ShouldProvideEnhancedFeatures [FAIL]</Text>
      </RunInfo>
      <RunInfo computerName="lijiajundeMac-mini" outcome="Error" timestamp="2025-12-19T14:19:50.4406930+08:00">
        <Text>[xUnit.net 00:00:00.29]     Old8Lang.Tests.Interpreter.Modules.Integration.ComplexImportScenariosTests.Import_MultiLevelDependencyTree_ShouldResolveCorrectly [FAIL]</Text>
      </RunInfo>
      <RunInfo computerName="lijiajundeMac-mini" outcome="Error" timestamp="2025-12-19T14:19:50.4406990+08:00">
        <Text>[xUnit.net 00:00:00.29]     Old8Lang.Tests.Interpreter.Modules.BasicImport.AliasImportTests.Import_DifferentAliasNames_ShouldWork(aliasName: "module123", importStatement: "import \"math\" as module123") [FAIL]</Text>
      </RunInfo>
      <RunInfo computerName="lijiajundeMac-mini" outcome="Error" timestamp="2025-12-19T14:19:50.4407060+08:00">
        <Text>[xUnit.net 00:00:00.29]     Old8Lang.Tests.Interpreter.Modules.BasicImport.WildcardImportTests.Import_WildcardLargeModule_ShouldImportEfficiently [FAIL]</Text>
      </RunInfo>
      <RunInfo computerName="lijiajundeMac-mini" outcome="Error" timestamp="2025-12-19T14:19:50.4407130+08:00">
        <Text>[xUnit.net 00:00:00.29]     Old8Lang.Tests.Interpreter.Modules.BasicImport.SimpleImportTests.Import_ImportSameModuleTwice_ShouldNotDuplicate [FAIL]</Text>
      </RunInfo>
      <RunInfo computerName="lijiajundeMac-mini" outcome="Error" timestamp="2025-12-19T14:19:50.4407420+08:00">
        <Text>[xUnit.net 00:00:00.29]     Old8Lang.Tests.Interpreter.Modules.Integration.ComplexImportScenariosTests.Import_ModuleFactoryPattern_ShouldCreateDynamicModules [FAIL]</Text>
      </RunInfo>
      <RunInfo computerName="lijiajundeMac-mini" outcome="Error" timestamp="2025-12-19T14:19:50.4410570+08:00">
        <Text>[xUnit.net 00:00:00.30]     Old8Lang.Tests.Interpreter.Modules.BasicImport.SelectiveImportTests.Import_SelectiveClasses_ShouldImportClassDefinitions [FAIL]</Text>
      </RunInfo>
      <RunInfo computerName="lijiajundeMac-mini" outcome="Error" timestamp="2025-12-19T14:19:50.4410650+08:00">
        <Text>[xUnit.net 00:00:00.30]     Old8Lang.Tests.Interpreter.Modules.BasicImport.AliasImportTests.Import_DifferentAliasNames_ShouldWork(aliasName: "_private", importStatement: "import \"math\" as _private") [FAIL]</Text>
      </RunInfo>
      <RunInfo computerName="lijiajundeMac-mini" outcome="Error" timestamp="2025-12-19T14:19:50.4410730+08:00">
        <Text>[xUnit.net 00:00:00.30]     Old8Lang.Tests.Interpreter.Modules.ErrorHandling.ImportErrorTests.Import_SuspiciousPaths_ShouldBeHandled(path: "/absolute/path/module", description: "绝对路径") [FAIL]</Text>
      </RunInfo>
      <RunInfo computerName="lijiajundeMac-mini" outcome="Error" timestamp="2025-12-19T14:19:50.4410810+08:00">
        <Text>[xUnit.net 00:00:00.30]     Old8Lang.Tests.Interpreter.Modules.BasicImport.SimpleImportTests.Import_NonExistentModule_ShouldThrowException(moduleName: "nonexistent_module", importStatement: "import \"nonexistent_module\"") [FAIL]</Text>
      </RunInfo>
      <RunInfo computerName="lijiajundeMac-mini" outcome="Error" timestamp="2025-12-19T14:19:50.4411480+08:00">
        <Text>[xUnit.net 00:00:00.30]     Old8Lang.Tests.Interpreter.Modules.ErrorHandling.ImportErrorTests.Import_SuspiciousPaths_ShouldBeHandled(path: "module/../../../back", description: "路径遍历攻击") [FAIL]</Text>
      </RunInfo>
      <RunInfo computerName="lijiajundeMac-mini" outcome="Error" timestamp="2025-12-19T14:19:50.4418560+08:00">
        <Text>[xUnit.net 00:00:00.30]     Old8Lang.Tests.Interpreter.Modules.AdvancedImport.ConditionalImportTests.Import_MultipleConditionalImports_ShouldHandleCorrectly [FAIL]</Text>
      </RunInfo>
      <RunInfo computerName="lijiajundeMac-mini" outcome="Error" timestamp="2025-12-19T14:19:50.4418660+08:00">
        <Text>[xUnit.net 00:00:00.30]     Old8Lang.Tests.Interpreter.Modules.BasicImport.WildcardImportTests.Import_WildcardWithConstants_ShouldImportAllSymbols [FAIL]</Text>
      </RunInfo>
      <RunInfo computerName="lijiajundeMac-mini" outcome="Error" timestamp="2025-12-19T14:19:50.4418740+08:00">
        <Text>[xUnit.net 00:00:00.30]     Old8Lang.Tests.Interpreter.Modules.BasicImport.AliasImportTests.Import_DifferentAliasNames_ShouldWork(aliasName: "m", importStatement: "import \"math\" as m") [FAIL]</Text>
      </RunInfo>
      <RunInfo computerName="lijiajundeMac-mini" outcome="Error" timestamp="2025-12-19T14:19:50.4418820+08:00">
        <Text>[xUnit.net 00:00:00.30]     Old8Lang.Tests.Interpreter.Modules.ErrorHandling.ImportErrorTests.Import_SuspiciousPaths_ShouldBeHandled(path: "../parent/module", description: "相对上级目录") [FAIL]</Text>
      </RunInfo>
      <RunInfo computerName="lijiajundeMac-mini" outcome="Error" timestamp="2025-12-19T14:19:50.4419430+08:00">
        <Text>[xUnit.net 00:00:00.30]     Old8Lang.Tests.Interpreter.Modules.Integration.ComplexImportScenariosTests.Import_PluginArchitecturePattern_ShouldWork [FAIL]</Text>
      </RunInfo>
      <RunInfo computerName="lijiajundeMac-mini" outcome="Error" timestamp="2025-12-19T14:19:50.4425650+08:00">
        <Text>[xUnit.net 00:00:00.30]     Old8Lang.Tests.Interpreter.Modules.ErrorHandling.ImportErrorTests.Import_SuspiciousPaths_ShouldBeHandled(path: "./current/module", description: "相对当前目录") [FAIL]</Text>
      </RunInfo>
      <RunInfo computerName="lijiajundeMac-mini" outcome="Error" timestamp="2025-12-19T14:19:50.4425720+08:00">
        <Text>[xUnit.net 00:00:00.30]     Old8Lang.Tests.Interpreter.Modules.AdvancedImport.ConditionalImportTests.Import_ConditionalWithTryCatch_ShouldHandleImportErrors [FAIL]</Text>
      </RunInfo>
      <RunInfo computerName="lijiajundeMac-mini" outcome="Error" timestamp="2025-12-19T14:19:50.4425800+08:00">
        <Text>[xUnit.net 00:00:00.30]     Old8Lang.Tests.Interpreter.Modules.BasicImport.SelectiveImportTests.Import_SelectiveFromModule_ShouldImportSpecificItems [FAIL]</Text>
      </RunInfo>
      <RunInfo computerName="lijiajundeMac-mini" outcome="Error" timestamp="2025-12-19T14:19:50.4429630+08:00">
        <Text>[xUnit.net 00:00:00.30]     Old8Lang.Tests.Interpreter.Modules.BasicImport.AliasImportTests.Import_AliasWithSameNameAsExisting_ShouldNotConflict [FAIL]</Text>
      </RunInfo>
      <RunInfo computerName="lijiajundeMac-mini" outcome="Error" timestamp="2025-12-19T14:19:50.4430290+08:00">
        <Text>[xUnit.net 00:00:00.30]     Old8Lang.Tests.Interpreter.Modules.BasicImport.SimpleImportTests.Import_NonExistentModule_ShouldThrowException(moduleName: "invalid/path/module", importStatement: "import \"invalid/path/module\"") [FAIL]</Text>
      </RunInfo>
      <RunInfo computerName="lijiajundeMac-mini" outcome="Error" timestamp="2025-12-19T14:19:50.4430930+08:00">
        <Text>[xUnit.net 00:00:00.30]     Old8Lang.Tests.Interpreter.Modules.Integration.ComplexImportScenariosTests.Import_EagerVsLazyMixing_ShouldWorkCorrectly [FAIL]</Text>
      </RunInfo>
      <RunInfo computerName="lijiajundeMac-mini" outcome="Error" timestamp="2025-12-19T14:19:50.4437810+08:00">
        <Text>[xUnit.net 00:00:00.30]     Old8Lang.Tests.Interpreter.Modules.AdvancedImport.LazyImportTests.Import_LazyWithAlias_ShouldDelayImportWithAlias [FAIL]</Text>
      </RunInfo>
      <RunInfo computerName="lijiajundeMac-mini" outcome="Error" timestamp="2025-12-19T14:19:50.4440720+08:00">
        <Text>[xUnit.net 00:00:00.30]     Old8Lang.Tests.Interpreter.Modules.ErrorHandling.ImportErrorTests.Import_ModuleWithMissingDependency_ShouldThrowError [FAIL]</Text>
      </RunInfo>
      <RunInfo computerName="lijiajundeMac-mini" outcome="Error" timestamp="2025-12-19T14:19:50.4441480+08:00">
        <Text>[xUnit.net 00:00:00.30]     Old8Lang.Tests.Interpreter.Modules.BasicImport.SelectiveImportTests.Import_SelectiveNonExistentFunction_ShouldThrowError [FAIL]</Text>
      </RunInfo>
      <RunInfo computerName="lijiajundeMac-mini" outcome="Error" timestamp="2025-12-19T14:19:50.4442170+08:00">
        <Text>[xUnit.net 00:00:00.30]     Old8Lang.Tests.Interpreter.Modules.Integration.ComplexImportScenariosTests.Import_ConditionalImportNetwork_ShouldEvaluateConditions [FAIL]</Text>
      </RunInfo>
      <RunInfo computerName="lijiajundeMac-mini" outcome="Error" timestamp="2025-12-19T14:19:50.4442850+08:00">
        <Text>[xUnit.net 00:00:00.30]     Old8Lang.Tests.Interpreter.Modules.AdvancedImport.ConditionalImportTests.Import_ConditionalWithRuntimeVariable_ShouldAdaptToRuntime [FAIL]</Text>
      </RunInfo>
      <RunInfo computerName="lijiajundeMac-mini" outcome="Error" timestamp="2025-12-19T14:19:50.4443480+08:00">
        <Text>[xUnit.net 00:00:00.30]     Old8Lang.Tests.Interpreter.Modules.ErrorHandling.ImportErrorTests.Import_EmptyImportPath_ShouldThrowError [FAIL]</Text>
      </RunInfo>
      <RunInfo computerName="lijiajundeMac-mini" outcome="Error" timestamp="2025-12-19T14:19:50.4451070+08:00">
        <Text>[xUnit.net 00:00:00.30]     Old8Lang.Tests.Interpreter.Modules.BasicImport.WildcardImportTests.Import_WildcardSyntax_ShouldSupportDifferentSyntax(wildcardSyntax: "all", description: "all keyword") [FAIL]</Text>
      </RunInfo>
      <RunInfo computerName="lijiajundeMac-mini" outcome="Error" timestamp="2025-12-19T14:19:50.4451170+08:00">
        <Text>[xUnit.net 00:00:00.30]     Old8Lang.Tests.Interpreter.Modules.BasicImport.SimpleImportTests.Import_ExistingMathModule_ShouldWorkCorrectly [FAIL]</Text>
      </RunInfo>
      <RunInfo computerName="lijiajundeMac-mini" outcome="Error" timestamp="2025-12-19T14:19:50.4453170+08:00">
        <Text>[xUnit.net 00:00:00.30]     Old8Lang.Tests.Interpreter.Modules.BasicImport.WildcardImportTests.Import_WildcardSyntax_ShouldSupportDifferentSyntax(wildcardSyntax: "*", description: "star wildcard") [FAIL]</Text>
      </RunInfo>
      <RunInfo computerName="lijiajundeMac-mini" outcome="Error" timestamp="2025-12-19T14:19:50.4453760+08:00">
        <Text>[xUnit.net 00:00:00.30]     Old8Lang.Tests.Interpreter.Modules.ErrorHandling.ImportErrorTests.Import_CircularDependency_ShouldBeHandled [FAIL]</Text>
      </RunInfo>
      <RunInfo computerName="lijiajundeMac-mini" outcome="Error" timestamp="2025-12-19T14:19:50.4475540+08:00">
        <Text>[xUnit.net 00:00:00.31]     Old8Lang.Tests.Interpreter.Modules.BasicImport.SelectiveImportTests.Import_SelectiveNestedModule_ShouldImportFromNestedPath [FAIL]</Text>
      </RunInfo>
      <RunInfo computerName="lijiajundeMac-mini" outcome="Error" timestamp="2025-12-19T14:19:50.4476470+08:00">
        <Text>[xUnit.net 00:00:00.31]     Old8Lang.Tests.Interpreter.Modules.BasicImport.WildcardImportTests.Import_WildcardWithConflictingNames_ShouldHandleCorrectly [FAIL]</Text>
      </RunInfo>
      <RunInfo computerName="lijiajundeMac-mini" outcome="Error" timestamp="2025-12-19T14:19:50.4484060+08:00">
        <Text>[xUnit.net 00:00:00.31]     Old8Lang.Tests.Interpreter.Modules.ErrorHandling.ImportErrorTests.Import_InvalidSyntaxInModule_ShouldThrowSyntaxError [FAIL]</Text>
      </RunInfo>
      <RunInfo computerName="lijiajundeMac-mini" outcome="Error" timestamp="2025-12-19T14:19:50.4484190+08:00">
        <Text>[xUnit.net 00:00:00.31]     Old8Lang.Tests.Interpreter.Modules.BasicImport.AliasImportTests.Import_FunctionAlias_ShouldCreateFunctionAlias [FAIL]</Text>
      </RunInfo>
      <RunInfo computerName="lijiajundeMac-mini" outcome="Error" timestamp="2025-12-19T14:19:50.4486500+08:00">
        <Text>[xUnit.net 00:00:00.31]     Old8Lang.Tests.Interpreter.Modules.BasicImport.WildcardImportTests.Import_WildcardEmptyModule_ShouldNotCauseError [FAIL]</Text>
      </RunInfo>
      <RunInfo computerName="lijiajundeMac-mini" outcome="Error" timestamp="2025-12-19T14:19:50.4487180+08:00">
        <Text>[xUnit.net 00:00:00.31]     Old8Lang.Tests.Interpreter.Modules.AdvancedImport.ConditionalImportTests.Import_ConditionalWithComplexExpression_ShouldEvaluateExpression [FAIL]</Text>
      </RunInfo>
      <RunInfo computerName="lijiajundeMac-mini" outcome="Error" timestamp="2025-12-19T14:19:50.4487890+08:00">
        <Text>[xUnit.net 00:00:00.31]     Old8Lang.Tests.Interpreter.Modules.BasicImport.WildcardImportTests.Import_WildcardWithClasses_ShouldImportAllClasses [FAIL]</Text>
      </RunInfo>
      <RunInfo computerName="lijiajundeMac-mini" outcome="Error" timestamp="2025-12-19T14:19:50.4488600+08:00">
        <Text>[xUnit.net 00:00:00.31]     Old8Lang.Tests.Interpreter.Modules.BasicImport.AliasImportTests.Import_ChainedAliasAccess_ShouldWork [FAIL]</Text>
      </RunInfo>
      <RunInfo computerName="lijiajundeMac-mini" outcome="Error" timestamp="2025-12-19T14:19:50.4495150+08:00">
        <Text>[xUnit.net 00:00:00.31]     Old8Lang.Tests.Interpreter.Modules.BasicImport.SimpleImportTests.Import_ModuleWithVariables_ShouldImportVariables [FAIL]</Text>
      </RunInfo>
      <RunInfo computerName="lijiajundeMac-mini" outcome="Error" timestamp="2025-12-19T14:19:50.4495230+08:00">
        <Text>[xUnit.net 00:00:00.31]     Old8Lang.Tests.Interpreter.Modules.AdvancedImport.ConditionalImportTests.Import_ConditionalLazyImport_ShouldCombineFeatures [FAIL]</Text>
      </RunInfo>
      <RunInfo computerName="lijiajundeMac-mini" outcome="Error" timestamp="2025-12-19T14:19:50.4495300+08:00">
        <Text>[xUnit.net 00:00:00.31]     Old8Lang.Tests.Interpreter.Modules.AdvancedImport.LazyImportTests.Import_LazySelective_ShouldDelaySelectiveImport [FAIL]</Text>
      </RunInfo>
      <RunInfo computerName="lijiajundeMac-mini" outcome="Error" timestamp="2025-12-19T14:19:50.4498600+08:00">
        <Text>[xUnit.net 00:00:00.31]     Old8Lang.Tests.Interpreter.Modules.BasicImport.AliasImportTests.Import_MultipleAliases_ShouldWorkIndependently [FAIL]</Text>
      </RunInfo>
      <RunInfo computerName="lijiajundeMac-mini" outcome="Error" timestamp="2025-12-19T14:19:50.4499200+08:00">
        <Text>[xUnit.net 00:00:00.31]     Old8Lang.Tests.Interpreter.Modules.BasicImport.WildcardImportTests.Import_MultipleWildcard_ShouldImportFromMultipleSources [FAIL]</Text>
      </RunInfo>
      <RunInfo computerName="lijiajundeMac-mini" outcome="Error" timestamp="2025-12-19T14:19:50.4499810+08:00">
        <Text>[xUnit.net 00:00:00.31]     Old8Lang.Tests.Interpreter.Modules.AdvancedImport.LazyImportTests.Import_LazyWithWildCard_ShouldDelayWildcardImport [FAIL]</Text>
      </RunInfo>
      <RunInfo computerName="lijiajundeMac-mini" outcome="Error" timestamp="2025-12-19T14:19:50.4506260+08:00">
        <Text>[xUnit.net 00:00:00.31]     Old8Lang.Tests.Interpreter.Modules.BasicImport.WildcardImportTests.Import_WildcardWithPrivateMembers_ShouldOnlyImportPublic [FAIL]</Text>
      </RunInfo>
      <RunInfo computerName="lijiajundeMac-mini" outcome="Error" timestamp="2025-12-19T14:19:50.4506350+08:00">
        <Text>[xUnit.net 00:00:00.31]     Old8Lang.Tests.Interpreter.Modules.AdvancedImport.ConditionalImportTests.Import_ConditionalSwitchCase_ShouldWorkWithSwitch [FAIL]</Text>
      </RunInfo>
      <RunInfo computerName="lijiajundeMac-mini" outcome="Error" timestamp="2025-12-19T14:19:50.4506430+08:00">
        <Text>[xUnit.net 00:00:00.31]     Old8Lang.Tests.Interpreter.Modules.BasicImport.SimpleImportTests.Import_EmptyModule_ShouldImportSuccessfully [FAIL]</Text>
      </RunInfo>
      <RunInfo computerName="lijiajundeMac-mini" outcome="Error" timestamp="2025-12-19T14:19:50.4506490+08:00">
        <Text>[xUnit.net 00:00:00.31]     Old8Lang.Tests.Interpreter.Modules.AdvancedImport.LazyImportTests.Import_LazyHeavyComputation_ShouldNotBlockInitialLoad [FAIL]</Text>
      </RunInfo>
      <RunInfo computerName="lijiajundeMac-mini" outcome="Error" timestamp="2025-12-19T14:19:50.4506960+08:00">
        <Text>[xUnit.net 00:00:00.31]     Old8Lang.Tests.Interpreter.Modules.BasicImport.SimpleImportTests.Import_BasicMathModule_ShouldImportCorrectly [FAIL]</Text>
      </RunInfo>
      <RunInfo computerName="lijiajundeMac-mini" outcome="Error" timestamp="2025-12-19T14:19:50.4507460+08:00">
        <Text>[xUnit.net 00:00:00.31]     Old8Lang.Tests.Interpreter.Modules.BasicImport.WildcardImportTests.Import_WildcardNestedFunctions_ShouldImportNestedFunctions [FAIL]</Text>
      </RunInfo>
      <RunInfo computerName="lijiajundeMac-mini" outcome="Error" timestamp="2025-12-19T14:19:50.4513340+08:00">
        <Text>[xUnit.net 00:00:00.31]     Old8Lang.Tests.Interpreter.Modules.BasicImport.SimpleImportTests.Import_ModuleWithConstants_ShouldImportConstants [FAIL]</Text>
      </RunInfo>
      <RunInfo computerName="lijiajundeMac-mini" outcome="Error" timestamp="2025-12-19T14:19:50.4513420+08:00">
        <Text>[xUnit.net 00:00:00.31]     Old8Lang.Tests.Interpreter.Modules.BasicImport.WildcardImportTests.Import_Wildcard_ShouldImportAllFunctions [FAIL]</Text>
      </RunInfo>
      <RunInfo computerName="lijiajundeMac-mini" outcome="Error" timestamp="2025-12-19T14:19:50.4516450+08:00">
        <Text>[xUnit.net 00:00:00.31]     Old8Lang.Tests.Interpreter.Modules.AdvancedImport.ConditionalImportTests.Import_ConditionalWithFalseCondition_ShouldSkipModule [FAIL]</Text>
      </RunInfo>
      <RunInfo computerName="lijiajundeMac-mini" outcome="Error" timestamp="2025-12-19T14:19:50.4517090+08:00">
        <Text>[xUnit.net 00:00:00.31]     Old8Lang.Tests.Interpreter.Modules.AdvancedImport.ConditionalImportTests.Import_ConditionalWithTrueCondition_ShouldImportModule [FAIL]</Text>
      </RunInfo>
      <RunInfo computerName="lijiajundeMac-mini" outcome="Error" timestamp="2025-12-19T14:19:50.4517690+08:00">
        <Text>[xUnit.net 00:00:00.31]     Old8Lang.Tests.Interpreter.Modules.AdvancedImport.LazyImportTests.Import_LazyNewSyntax_ShouldWorkWithNewSyntax [FAIL]</Text>
      </RunInfo>
      <RunInfo computerName="lijiajundeMac-mini" outcome="Error" timestamp="2025-12-19T14:19:50.4522510+08:00">
        <Text>[xUnit.net 00:00:00.31]     Old8Lang.Tests.Interpreter.Modules.AdvancedImport.LazyImportTests.Import_LazyMultipleAccess_ShouldLoadOnce [FAIL]</Text>
      </RunInfo>
      <RunInfo computerName="lijiajundeMac-mini" outcome="Error" timestamp="2025-12-19T14:19:50.4522980+08:00">
        <Text>[xUnit.net 00:00:00.31]     Old8Lang.Tests.Interpreter.Modules.ErrorHandling.ImportErrorTests.Import_ModuleTooLarge_ShouldHandleGracefully [FAIL]</Text>
      </RunInfo>
      <RunInfo computerName="lijiajundeMac-mini" outcome="Error" timestamp="2025-12-19T14:19:50.4523130+08:00">
        <Text>[xUnit.net 00:00:00.31]     Old8Lang.Tests.Interpreter.Modules.ErrorHandling.ImportErrorTests.Import_ReadOnlyModuleFile_ShouldHandleGracefully [FAIL]</Text>
      </RunInfo>
      <RunInfo computerName="lijiajundeMac-mini" outcome="Error" timestamp="2025-12-19T14:19:50.4530900+08:00">
        <Text>[xUnit.net 00:00:00.31]     Old8Lang.Tests.Interpreter.Modules.ErrorHandling.ImportErrorTests.Import_NullImportPath_ShouldThrowError [FAIL]</Text>
      </RunInfo>
      <RunInfo computerName="lijiajundeMac-mini" outcome="Error" timestamp="2025-12-19T14:19:50.4530990+08:00">
        <Text>[xUnit.net 00:00:00.31]     Old8Lang.Tests.Interpreter.Modules.AdvancedImport.LazyImportTests.Import_LazyCircularDependency_ShouldHandleGracefully [FAIL]</Text>
      </RunInfo>
      <RunInfo computerName="lijiajundeMac-mini" outcome="Error" timestamp="2025-12-19T14:19:50.4531050+08:00">
        <Text>[xUnit.net 00:00:00.31]     Old8Lang.Tests.Interpreter.Modules.AdvancedImport.LazyImportTests.Import_LazyErrorModule_ShouldDelayErrorUntilAccess [FAIL]</Text>
      </RunInfo>
      <RunInfo computerName="lijiajundeMac-mini" outcome="Error" timestamp="2025-12-19T14:19:50.4531120+08:00">
        <Text>[xUnit.net 00:00:00.31]     Old8Lang.Tests.Interpreter.Modules.AdvancedImport.LazyImportTests.Import_LazyBasic_ShouldDelayImportUntilUse [FAIL]</Text>
      </RunInfo>
    </RunInfos>
  </ResultSummary>
</TestRun>