<?xml version="1.0" encoding="utf-8"?>
<TestRun id="a6266f0b-bf77-469b-a870-0c02e6009d41" name="@lijiajundeMac-mini 2026-01-10 19:06:14" xmlns="http://microsoft.com/schemas/VisualStudio/TeamTest/2010">
  <Times creation="2026-01-10T19:06:14.9995880+08:00" queuing="2026-01-10T19:06:14.9995880+08:00" start="2026-01-10T19:06:13.9217170+08:00" finish="2026-01-10T19:06:15.0250320+08:00" />
  <TestSettings name="default" id="c0ad1a78-f267-4636-8dd1-e038c3a81d3a">
    <Deployment runDeploymentRoot="_lijiajundeMac-mini_2026-01-10_19_06_14" />
  </TestSettings>
  <Results>
    <UnitTestResult executionId="0f2d6fc3-7fa9-4cd7-bcb7-1562f653e5f4" testId="4613ebac-5d77-4c00-0ec4-89487245b171" testName="Old8Lang.Tests.LanguageServer.CompletionHandler_TypesTests.TestInterfaceTypeCompletion" computerName="lijiajundeMac-mini" duration="00:00:00.0004791" startTime="2026-01-10T19:06:14.8764600+08:00" endTime="2026-01-10T19:06:14.8765380+08:00" testType="13cdc9d9-ddb5-4fa4-a97d-d965ccfc6d4b" outcome="Passed" testListId="8c84fa94-04c1-424b-9868-57a2d4851a1d" relativeResultsDirectory="0f2d6fc3-7fa9-4cd7-bcb7-1562f653e5f4" />
    <UnitTestResult executionId="d17fbc96-939f-44f8-90e0-6ecb4c199e5e" testId="e409cd3d-1b2e-a3e6-fcec-5f9b5e0ebc2e" testName="Old8Lang.Tests.LanguageServer.CompletionHandler_LspProtocolTests.TestMultibyteCharacters_Handling" computerName="lijiajundeMac-mini" duration="00:00:00.0005411" startTime="2026-01-10T19:06:14.8689970+08:00" endTime="2026-01-10T19:06:14.8706430+08:00" testType="13cdc9d9-ddb5-4fa4-a97d-d965ccfc6d4b" outcome="Passed" testListId="8c84fa94-04c1-424b-9868-57a2d4851a1d" relativeResultsDirectory="d17fbc96-939f-44f8-90e0-6ecb4c199e5e">
      <Output>
        <StdOut>Multibyte chars: 153 completions</StdOut>
      </Output>
    </UnitTestResult>
    <UnitTestResult executionId="7e878b92-2c94-40a4-a6ea-f27ec616115b" testId="70563ee9-049e-d53c-65ce-5e145a817000" testName="Old8Lang.Tests.LanguageServer.CompletionHandler_BoundaryTests.TestEmptyDocumentCompletion" computerName="lijiajundeMac-mini" duration="00:00:00.0002630" startTime="2026-01-10T19:06:14.8793110+08:00" endTime="2026-01-10T19:06:14.8793300+08:00" testType="13cdc9d9-ddb5-4fa4-a97d-d965ccfc6d4b" outcome="Passed" testListId="8c84fa94-04c1-424b-9868-57a2d4851a1d" relativeResultsDirectory="7e878b92-2c94-40a4-a6ea-f27ec616115b">
      <Output>
        <StdOut>空文档补全项数量: 153</StdOut>
      </Output>
    </UnitTestResult>
    <UnitTestResult executionId="08442fda-4df1-4551-b01a-a9edbd0ccc5f" testId="7a252413-7162-93a7-7b3c-3c8b1faec58f" testName="Old8Lang.Tests.LanguageServer.CompletionHandler_BoundaryTests.TestOnlyWhitespaceLineCompletion" computerName="lijiajundeMac-mini" duration="00:00:00.0002923" startTime="2026-01-10T19:06:14.8790070+08:00" endTime="2026-01-10T19:06:14.8790270+08:00" testType="13cdc9d9-ddb5-4fa4-a97d-d965ccfc6d4b" outcome="Passed" testListId="8c84fa94-04c1-424b-9868-57a2d4851a1d" relativeResultsDirectory="08442fda-4df1-4551-b01a-a9edbd0ccc5f">
      <Output>
        <StdOut>只有空格的行补全项数量: 154</StdOut>
      </Output>
    </UnitTestResult>
    <UnitTestResult executionId="ffb42356-77b0-4b58-be75-45dcd7622003" testId="0939587c-c8c5-8d5f-4229-59f30233d865" testName="Old8Lang.Tests.LanguageServer.CompletionHandler_SnippetsExtendedTests.AllSnippets_ShouldUseSnippetFormat" computerName="lijiajundeMac-mini" duration="00:00:00.0010225" startTime="2026-01-10T19:06:14.8616000+08:00" endTime="2026-01-10T19:06:14.8636580+08:00" testType="13cdc9d9-ddb5-4fa4-a97d-d965ccfc6d4b" outcome="Passed" testListId="8c84fa94-04c1-424b-9868-57a2d4851a1d" relativeResultsDirectory="ffb42356-77b0-4b58-be75-45dcd7622003">
      <Output>
        <StdOut>All 10 snippets use Snippet format</StdOut>
      </Output>
    </UnitTestResult>
    <UnitTestResult executionId="9acd6eea-7518-4734-86d3-8631cf22a06a" testId="d33e04ee-4ecb-5355-a046-ba0c6da1d449" testName="Old8Lang.Tests.LanguageServer.CompletionHandler_GenericsTests.GenericConstraint_ColonSyntax_ShouldComplete" computerName="lijiajundeMac-mini" duration="00:00:00.0005320" startTime="2026-01-10T19:06:14.8702240+08:00" endTime="2026-01-10T19:06:14.8710520+08:00" testType="13cdc9d9-ddb5-4fa4-a97d-d965ccfc6d4b" outcome="Failed" testListId="8c84fa94-04c1-424b-9868-57a2d4851a1d" relativeResultsDirectory="9acd6eea-7518-4734-86d3-8631cf22a06a">
      <Output>
        <ErrorInfo>
          <Message>Assert.Contains() Failure: Filter not matched in collection
Collection: [[Keyword] not, [Keyword] null, [Keyword] true, [Keyword] false, [Keyword] if, ···]</Message>
          <StackTrace>   at Old8Lang.Tests.LanguageServer.CompletionHandler_GenericsTests.GenericConstraint_ColonSyntax_ShouldComplete() in /Users/luckyfish/Documents/Project/Old8LangProjects/Old8Lang/Old8Lang.Tests/LanguageServer/CompletionHandler_GenericsTests.cs:line 223
--- End of stack trace from previous location ---</StackTrace>
        </ErrorInfo>
      </Output>
    </UnitTestResult>
    <UnitTestResult executionId="fc77d5dd-84b7-4a24-8856-847aa895e61f" testId="cc8dbc0d-dcf6-8038-f2d0-a16859e45826" testName="Old8Lang.Tests.LanguageServer.CompletionHandler_DirectivesTests.TypeInferenceDebugDirective_ShouldComplete" computerName="lijiajundeMac-mini" duration="00:00:00.0002723" startTime="2026-01-10T19:06:14.8464940+08:00" endTime="2026-01-10T19:06:14.8465230+08:00" testType="13cdc9d9-ddb5-4fa4-a97d-d965ccfc6d4b" outcome="Passed" testListId="8c84fa94-04c1-424b-9868-57a2d4851a1d" relativeResultsDirectory="fc77d5dd-84b7-4a24-8856-847aa895e61f">
      <Output>
        <StdOut>Found 153 items</StdOut>
      </Output>
    </UnitTestResult>
    <UnitTestResult executionId="ce863267-870c-49e3-b19d-bc00f2ae9249" testId="ec04b8c8-6ead-b0a3-4cf2-a7fa165d2f5b" testName="Old8Lang.Tests.LanguageServer.CompletionHandler_ExpressionsTests.ArithmeticOperators_CompletionAvailable" computerName="lijiajundeMac-mini" duration="00:00:00.0006443" startTime="2026-01-10T19:06:14.8776810+08:00" endTime="2026-01-10T19:06:14.8780620+08:00" testType="13cdc9d9-ddb5-4fa4-a97d-d965ccfc6d4b" outcome="Passed" testListId="8c84fa94-04c1-424b-9868-57a2d4851a1d" relativeResultsDirectory="ce863267-870c-49e3-b19d-bc00f2ae9249">
      <Output>
        <StdOut>Found 157 items</StdOut>
      </Output>
    </UnitTestResult>
    <UnitTestResult executionId="a734134e-e5aa-462e-a74a-a6ffb4fde551" testId="c76142f9-aedd-3f17-4abc-b06246c23317" testName="Old8Lang.Tests.LanguageServer.CompletionHandler_ConcurrencyTests.TestCyclicBarrierFunctionsCompletion" computerName="lijiajundeMac-mini" duration="00:00:00.0005227" startTime="2026-01-10T19:06:14.8471480+08:00" endTime="2026-01-10T19:06:14.8474580+08:00" testType="13cdc9d9-ddb5-4fa4-a97d-d965ccfc6d4b" outcome="Passed" testListId="8c84fa94-04c1-424b-9868-57a2d4851a1d" relativeResultsDirectory="a734134e-e5aa-462e-a74a-a6ffb4fde551">
      <Output>
        <StdOut>✓ 找到 CyclicBarrier 函数: CyclicBarrierCreate
✓ 找到 CyclicBarrier 函数: CyclicBarrierAwait
✓ 找到 CyclicBarrier 函数: CyclicBarrierAwaitTimeout
✓ 找到 CyclicBarrier 函数: CyclicBarrierGetParticipantCount
✓ 找到 CyclicBarrier 函数: CyclicBarrierGetWaitingCount
✓ 找到 CyclicBarrier 函数: CyclicBarrierDispose</StdOut>
      </Output>
    </UnitTestResult>
    <UnitTestResult executionId="af23aa6d-8948-4f9f-bc2e-fabbb4479e8f" testId="8223111a-692e-c298-aa08-c8328c8a4120" testName="Old8Lang.Tests.LanguageServer.CompletionHandler_ExternTests.AllImportKeywords_ShouldBeAvailable" computerName="lijiajundeMac-mini" duration="00:00:00.0013667" startTime="2026-01-10T19:06:14.8509690+08:00" endTime="2026-01-10T19:06:14.8517370+08:00" testType="13cdc9d9-ddb5-4fa4-a97d-d965ccfc6d4b" outcome="Passed" testListId="8c84fa94-04c1-424b-9868-57a2d4851a1d" relativeResultsDirectory="af23aa6d-8948-4f9f-bc2e-fabbb4479e8f">
      <Output>
        <StdOut>Found 153 items
All import keywords verified</StdOut>
      </Output>
    </UnitTestResult>
    <UnitTestResult executionId="331009dc-5a41-4c69-b840-0db0c5b66175" testId="a6769cce-81e2-45fc-6f58-cdf2e87e57eb" testName="Old8Lang.Tests.LanguageServer.CompletionHandler_SpecialSyntaxTests.TestDocCommentCompletion" computerName="lijiajundeMac-mini" duration="00:00:00.0004843" startTime="2026-01-10T19:06:14.8404580+08:00" endTime="2026-01-10T19:06:14.8404970+08:00" testType="13cdc9d9-ddb5-4fa4-a97d-d965ccfc6d4b" outcome="Passed" testListId="8c84fa94-04c1-424b-9868-57a2d4851a1d" relativeResultsDirectory="331009dc-5a41-4c69-b840-0db0c5b66175">
      <Output>
        <StdOut>文档注释场景补全项数量: 153</StdOut>
      </Output>
    </UnitTestResult>
    <UnitTestResult executionId="d8a1f90e-9f0a-4898-ba6b-41f446523b21" testId="e1cca43b-0615-cdc4-01d1-17dd0840190c" testName="Old8Lang.Tests.LanguageServer.CompletionHandler_DirectivesTests.DirectiveInMiddleOfFile_ShouldStillComplete" computerName="lijiajundeMac-mini" duration="00:00:00.1985042" startTime="2026-01-10T19:06:14.6020530+08:00" endTime="2026-01-10T19:06:14.8025510+08:00" testType="13cdc9d9-ddb5-4fa4-a97d-d965ccfc6d4b" outcome="Passed" testListId="8c84fa94-04c1-424b-9868-57a2d4851a1d" relativeResultsDirectory="d8a1f90e-9f0a-4898-ba6b-41f446523b21">
      <Output>
        <StdOut>Found 153 items
  - not (Keyword)
  - null (Keyword)
  - true (Keyword)
  - false (Keyword)
  - if (Keyword)
  - for (Keyword)
  - while (Keyword)
  - switch (Keyword)
  - func (Keyword)
  - class (Keyword)</StdOut>
      </Output>
    </UnitTestResult>
    <UnitTestResult executionId="1605dc6b-4c17-491c-8841-aa5d8a821e53" testId="b09b652d-c915-7d42-388c-59742f222024" testName="Old8Lang.Tests.LanguageServer.CompletionHandler_LspProtocolTests.TestCompletionContext_Handling" computerName="lijiajundeMac-mini" duration="00:00:00.0025633" startTime="2026-01-10T19:06:14.8709040+08:00" endTime="2026-01-10T19:06:14.8721090+08:00" testType="13cdc9d9-ddb5-4fa4-a97d-d965ccfc6d4b" outcome="Passed" testListId="8c84fa94-04c1-424b-9868-57a2d4851a1d" relativeResultsDirectory="1605dc6b-4c17-491c-8841-aa5d8a821e53">
      <Output>
        <StdOut>With context: 153 completions</StdOut>
      </Output>
    </UnitTestResult>
    <UnitTestResult executionId="eb05ea64-8de0-43f0-ae73-a70928fd980a" testId="4f24568b-8d09-173c-70b7-afc18ce46dd5" testName="Old8Lang.Tests.LanguageServer.CompletionHandler_LspProtocolTests.TestPositionEncoding_VariousPositions(line: 0, character: 0)" computerName="lijiajundeMac-mini" duration="00:00:00.0001807" startTime="2026-01-10T19:06:14.8686800+08:00" endTime="2026-01-10T19:06:14.8689580+08:00" testType="13cdc9d9-ddb5-4fa4-a97d-d965ccfc6d4b" outcome="Passed" testListId="8c84fa94-04c1-424b-9868-57a2d4851a1d" relativeResultsDirectory="eb05ea64-8de0-43f0-ae73-a70928fd980a">
      <Output>
        <StdOut>Completions at (0, 0): 153 items</StdOut>
      </Output>
    </UnitTestResult>
    <UnitTestResult executionId="16560466-90e4-4760-9b11-5e196130fa73" testId="eb102340-88c5-114a-8fe8-21df732c3c59" testName="Old8Lang.Tests.LanguageServer.CompletionHandler_SpecialSyntaxTests.TestMatchExpressionKeyword" computerName="lijiajundeMac-mini" duration="00:00:00.0005817" startTime="2026-01-10T19:06:14.8571910+08:00" endTime="2026-01-10T19:06:14.8578980+08:00" testType="13cdc9d9-ddb5-4fa4-a97d-d965ccfc6d4b" outcome="Passed" testListId="8c84fa94-04c1-424b-9868-57a2d4851a1d" relativeResultsDirectory="16560466-90e4-4760-9b11-5e196130fa73">
      <Output>
        <StdOut>✓ 找到 match 关键字</StdOut>
      </Output>
    </UnitTestResult>
    <UnitTestResult executionId="99cc15e1-81b3-4f9f-979d-b67dd4967c78" testId="1c31fe91-6de1-56b1-d78d-3b550403b306" testName="Old8Lang.Tests.LanguageServer.CompletionHandler_KeywordsTests.TestExceptionKeywords" computerName="lijiajundeMac-mini" duration="00:00:00.0011729" startTime="2026-01-10T19:06:14.8740710+08:00" endTime="2026-01-10T19:06:14.8754720+08:00" testType="13cdc9d9-ddb5-4fa4-a97d-d965ccfc6d4b" outcome="Passed" testListId="8c84fa94-04c1-424b-9868-57a2d4851a1d" relativeResultsDirectory="99cc15e1-81b3-4f9f-979d-b67dd4967c78">
      <Output>
        <StdOut>✓ 找到关键字: try
✓ 找到关键字: catch
✓ 找到关键字: finally
✓ 找到关键字: throw</StdOut>
      </Output>
    </UnitTestResult>
    <UnitTestResult executionId="6132f00c-1989-4111-bc4f-d3e325b641ae" testId="f7c62a82-d0b6-4cde-b45d-b1eb3a2fcd8a" testName="Old8Lang.Tests.LanguageServer.CompletionHandler_KeywordsTests.TestControlFlowKeywords" computerName="lijiajundeMac-mini" duration="00:00:00.0008818" startTime="2026-01-10T19:06:14.8635670+08:00" endTime="2026-01-10T19:06:14.8642650+08:00" testType="13cdc9d9-ddb5-4fa4-a97d-d965ccfc6d4b" outcome="Passed" testListId="8c84fa94-04c1-424b-9868-57a2d4851a1d" relativeResultsDirectory="6132f00c-1989-4111-bc4f-d3e325b641ae">
      <Output>
        <StdOut>✓ 找到关键字: if
✓ 找到关键字: elif
✓ 找到关键字: else
✓ 找到关键字: for
✓ 找到关键字: while
✓ 找到关键字: switch
✓ 找到关键字: case
✓ 找到关键字: default</StdOut>
      </Output>
    </UnitTestResult>
    <UnitTestResult executionId="382b9580-a9fe-404e-8f3f-c2ef4cdd10f5" testId="d92140b4-00de-9a58-bf00-417303e719d2" testName="Old8Lang.Tests.LanguageServer.CompletionHandler_LspProtocolTests.TestPositionEncoding_VariousPositions(line: 4, character: 10)" computerName="lijiajundeMac-mini" duration="00:00:00.0008192" startTime="2026-01-10T19:06:14.8666120+08:00" endTime="2026-01-10T19:06:14.8679790+08:00" testType="13cdc9d9-ddb5-4fa4-a97d-d965ccfc6d4b" outcome="Passed" testListId="8c84fa94-04c1-424b-9868-57a2d4851a1d" relativeResultsDirectory="382b9580-a9fe-404e-8f3f-c2ef4cdd10f5">
      <Output>
        <StdOut>Completions at (4, 10): 153 items</StdOut>
      </Output>
    </UnitTestResult>
    <UnitTestResult executionId="215bfc5e-ae42-48ec-bdb4-8ef40d81acfb" testId="60453639-fb71-9831-1a6f-67323213b63d" testName="Old8Lang.Tests.LanguageServer.CompletionHandler_SnippetsExtendedTests.WhileLoopSnippet_ShouldBeAvailable" computerName="lijiajundeMac-mini" duration="00:00:00.0007126" startTime="2026-01-10T19:06:14.8687500+08:00" endTime="2026-01-10T19:06:14.8705980+08:00" testType="13cdc9d9-ddb5-4fa4-a97d-d965ccfc6d4b" outcome="Passed" testListId="8c84fa94-04c1-424b-9868-57a2d4851a1d" relativeResultsDirectory="215bfc5e-ae42-48ec-bdb4-8ef40d81acfb">
      <Output>
        <StdOut>While snippet: while ${1:condition} {
	$0
}</StdOut>
      </Output>
    </UnitTestResult>
    <UnitTestResult executionId="dbe7d158-24d4-4bfd-8561-497577d45b82" testId="5c3d5c01-162f-1cf5-0505-a40225f7c228" testName="Old8Lang.Tests.LanguageServer.CompletionHandler_MemberChainTests.NestedClassMethodCalls_ShouldComplete" computerName="lijiajundeMac-mini" duration="00:00:00.0011241" startTime="2026-01-10T19:06:14.8670590+08:00" endTime="2026-01-10T19:06:14.8687710+08:00" testType="13cdc9d9-ddb5-4fa4-a97d-d965ccfc6d4b" outcome="Failed" testListId="8c84fa94-04c1-424b-9868-57a2d4851a1d" relativeResultsDirectory="dbe7d158-24d4-4bfd-8561-497577d45b82">
      <Output>
        <ErrorInfo>
          <Message>Assert.NotNull() Failure: Value is null</Message>
          <StackTrace>   at Old8Lang.Tests.LanguageServer.CompletionHandler_MemberChainTests.NestedClassMethodCalls_ShouldComplete() in /Users/luckyfish/Documents/Project/Old8LangProjects/Old8Lang/Old8Lang.Tests/LanguageServer/CompletionHandler_MemberChainTests.cs:line 113
--- End of stack trace from previous location ---</StackTrace>
        </ErrorInfo>
      </Output>
    </UnitTestResult>
    <UnitTestResult executionId="b53f7fc7-7238-4370-be64-b61c7d30ad13" testId="4f3a3a49-f447-1743-477c-c99818f8b56e" testName="Old8Lang.Tests.LanguageServer.CompletionHandler_DirectivesTests.DirectiveAfterComment_ShouldComplete" computerName="lijiajundeMac-mini" duration="00:00:00.0009866" startTime="2026-01-10T19:06:14.8404440+08:00" endTime="2026-01-10T19:06:14.8406900+08:00" testType="13cdc9d9-ddb5-4fa4-a97d-d965ccfc6d4b" outcome="Passed" testListId="8c84fa94-04c1-424b-9868-57a2d4851a1d" relativeResultsDirectory="b53f7fc7-7238-4370-be64-b61c7d30ad13">
      <Output>
        <StdOut>Found 154 items
  - not (Keyword)
  - null (Keyword)
  - true (Keyword)
  - false (Keyword)
  - if (Keyword)
  - for (Keyword)
  - while (Keyword)
  - switch (Keyword)
  - func (Keyword)
  - class (Keyword)</StdOut>
      </Output>
    </UnitTestResult>
    <UnitTestResult executionId="e574f004-f620-4472-bb3d-dd966dd17d20" testId="0ccf509f-1714-c1e4-47cc-62fe7bc0d65e" testName="Old8Lang.Tests.LanguageServer.CompletionHandler_ExpressionsTests.SliceOperation_ArraySlicing" computerName="lijiajundeMac-mini" duration="00:00:00.0021561" startTime="2026-01-10T19:06:14.8786100+08:00" endTime="2026-01-10T19:06:14.8787750+08:00" testType="13cdc9d9-ddb5-4fa4-a97d-d965ccfc6d4b" outcome="Passed" testListId="8c84fa94-04c1-424b-9868-57a2d4851a1d" relativeResultsDirectory="e574f004-f620-4472-bb3d-dd966dd17d20">
      <Output>
        <StdOut>Found 156 items</StdOut>
      </Output>
    </UnitTestResult>
    <UnitTestResult executionId="8965eea1-6999-40f2-891a-1bf8b61df083" testId="a2845468-598e-9dc5-2d6f-0c139679fb5c" testName="Old8Lang.Tests.LanguageServer.CompletionHandler_KeywordsTests.TestLogicalOperatorKeywords" computerName="lijiajundeMac-mini" duration="00:00:00.0013177" startTime="2026-01-10T19:06:14.8757320+08:00" endTime="2026-01-10T19:06:14.8767300+08:00" testType="13cdc9d9-ddb5-4fa4-a97d-d965ccfc6d4b" outcome="Passed" testListId="8c84fa94-04c1-424b-9868-57a2d4851a1d" relativeResultsDirectory="8965eea1-6999-40f2-891a-1bf8b61df083">
      <Output>
        <StdOut>✓ 找到关键字: and
✓ 找到关键字: or
✓ 找到关键字: xor
✓ 找到关键字: not
✓ 找到关键字: in</StdOut>
      </Output>
    </UnitTestResult>
    <UnitTestResult executionId="a1763a9f-7e4f-4dec-9b7c-77024e156001" testId="934219e2-64bc-d8d1-0f95-b8e9ce1e5551" testName="Old8Lang.Tests.LanguageServer.CompletionHandler_ExpressionsTests.MatchExpression_PatternCompletion" computerName="lijiajundeMac-mini" duration="00:00:00.0006952" startTime="2026-01-10T19:06:14.8689360+08:00" endTime="2026-01-10T19:06:14.8709270+08:00" testType="13cdc9d9-ddb5-4fa4-a97d-d965ccfc6d4b" outcome="Passed" testListId="8c84fa94-04c1-424b-9868-57a2d4851a1d" relativeResultsDirectory="a1763a9f-7e4f-4dec-9b7c-77024e156001">
      <Output>
        <StdOut>Found 156 items</StdOut>
      </Output>
    </UnitTestResult>
    <UnitTestResult executionId="65414290-805a-42c6-85ae-d0a4365f7e97" testId="1ebb82b8-bb9e-436c-c70a-dcc0f26210e7" testName="Old8Lang.Tests.LanguageServer.CompletionHandler_LspProtocolTests.TestTriggerCharacter_Behavior(triggerChar: &quot;.&quot;)" computerName="lijiajundeMac-mini" duration="00:00:00.0010665" startTime="2026-01-10T19:06:14.8722460+08:00" endTime="2026-01-10T19:06:14.8733470+08:00" testType="13cdc9d9-ddb5-4fa4-a97d-d965ccfc6d4b" outcome="Passed" testListId="8c84fa94-04c1-424b-9868-57a2d4851a1d" relativeResultsDirectory="65414290-805a-42c6-85ae-d0a4365f7e97">
      <Output>
        <StdOut>Trigger '.': 153 completions</StdOut>
      </Output>
    </UnitTestResult>
    <UnitTestResult executionId="2377f7a3-3575-4a0e-b230-2761ed3ff436" testId="547a8c8a-ced8-6b77-2b58-9875df27ccbe" testName="Old8Lang.Tests.LanguageServer.CompletionHandler_DirectivesTests.VerifyIlDirective_ShouldComplete" computerName="lijiajundeMac-mini" duration="00:00:00.0003336" startTime="2026-01-10T19:06:14.8409190+08:00" endTime="2026-01-10T19:06:14.8412260+08:00" testType="13cdc9d9-ddb5-4fa4-a97d-d965ccfc6d4b" outcome="Passed" testListId="8c84fa94-04c1-424b-9868-57a2d4851a1d" relativeResultsDirectory="2377f7a3-3575-4a0e-b230-2761ed3ff436">
      <Output>
        <StdOut>Found 153 items</StdOut>
      </Output>
    </UnitTestResult>
    <UnitTestResult executionId="3489293d-d013-4395-86c6-51d3b4642ce0" testId="016e71c9-c20e-052d-d877-acbc815e3b16" testName="Old8Lang.Tests.LanguageServer.CompletionHandler_ExpressionsTests.ComplexExpression_NestedOperations" computerName="lijiajundeMac-mini" duration="00:00:00.0004373" startTime="2026-01-10T19:06:14.8680700+08:00" endTime="2026-01-10T19:06:14.8688960+08:00" testType="13cdc9d9-ddb5-4fa4-a97d-d965ccfc6d4b" outcome="Passed" testListId="8c84fa94-04c1-424b-9868-57a2d4851a1d" relativeResultsDirectory="3489293d-d013-4395-86c6-51d3b4642ce0">
      <Output>
        <StdOut>Found 158 items</StdOut>
      </Output>
    </UnitTestResult>
    <UnitTestResult executionId="64580d1b-cfd4-488e-b848-7f9b6e535a73" testId="963f89ae-2ccb-ef6a-b060-00c846532320" testName="Old8Lang.Tests.LanguageServer.CompletionHandler_SnippetsTests.TestAsyncFunctionSnippet" computerName="lijiajundeMac-mini" duration="00:00:00.0003987" startTime="2026-01-10T19:06:14.8532400+08:00" endTime="2026-01-10T19:06:14.8537970+08:00" testType="13cdc9d9-ddb5-4fa4-a97d-d965ccfc6d4b" outcome="Passed" testListId="8c84fa94-04c1-424b-9868-57a2d4851a1d" relativeResultsDirectory="64580d1b-cfd4-488e-b848-7f9b6e535a73">
      <Output>
        <StdOut>异步函数代码片段:
  Label: asyncfunc
  InsertText: async func ${1:functionName}(${2:params}) -&gt; ${3:void} {
	$0
}</StdOut>
      </Output>
    </UnitTestResult>
    <UnitTestResult executionId="2f890dd5-ac61-4938-bce0-5868e1002710" testId="6c024930-71fd-4e73-9a8d-869a1b720368" testName="Old8Lang.Tests.LanguageServer.CompletionHandler_BuiltInFunctionsTests.FileFunctions_ShouldBeAvailable" computerName="lijiajundeMac-mini" duration="00:00:00.0024797" startTime="2026-01-10T19:06:14.8603250+08:00" endTime="2026-01-10T19:06:14.8619600+08:00" testType="13cdc9d9-ddb5-4fa4-a97d-d965ccfc6d4b" outcome="Failed" testListId="8c84fa94-04c1-424b-9868-57a2d4851a1d" relativeResultsDirectory="2f890dd5-ac61-4938-bce0-5868e1002710">
      <Output>
        <ErrorInfo>
          <Message>Assert.NotNull() Failure: Value is null</Message>
          <StackTrace>   at Old8Lang.Tests.LanguageServer.CompletionHandler_BuiltInFunctionsTests.FileFunctions_ShouldBeAvailable() in /Users/luckyfish/Documents/Project/Old8LangProjects/Old8Lang/Old8Lang.Tests/LanguageServer/CompletionHandler_BuiltInFunctionsTests.cs:line 266
--- End of stack trace from previous location ---</StackTrace>
        </ErrorInfo>
      </Output>
    </UnitTestResult>
    <UnitTestResult executionId="fa75f1d3-633e-4bf1-8d0f-7b46fa1be06d" testId="48fa9a4f-147a-5ee3-313a-c0cb7fb87963" testName="Old8Lang.Tests.LanguageServer.CompletionHandler_ExternTests.ImportWithAlias_SyntaxCompletion" computerName="lijiajundeMac-mini" duration="00:00:00.1979962" startTime="2026-01-10T19:06:14.6020470+08:00" endTime="2026-01-10T19:06:14.8506510+08:00" testType="13cdc9d9-ddb5-4fa4-a97d-d965ccfc6d4b" outcome="Failed" testListId="8c84fa94-04c1-424b-9868-57a2d4851a1d" relativeResultsDirectory="fa75f1d3-633e-4bf1-8d0f-7b46fa1be06d">
      <Output>
        <ErrorInfo>
          <Message>Assert.NotNull() Failure: Value is null</Message>
          <StackTrace>   at Old8Lang.Tests.LanguageServer.CompletionHandler_ExternTests.ImportWithAlias_SyntaxCompletion() in /Users/luckyfish/Documents/Project/Old8LangProjects/Old8Lang/Old8Lang.Tests/LanguageServer/CompletionHandler_ExternTests.cs:line 269
--- End of stack trace from previous location ---</StackTrace>
        </ErrorInfo>
      </Output>
    </UnitTestResult>
    <UnitTestResult executionId="2dae2ac6-87ca-4fb3-9963-75a0750ff329" testId="72b93f28-25e3-ce0b-cf95-0e802cd74ca0" testName="Old8Lang.Tests.LanguageServer.CompletionHandler_BoundaryTests.TestVeryLongStringLiteralCompletion" computerName="lijiajundeMac-mini" duration="00:00:00.0003566" startTime="2026-01-10T19:06:14.8792530+08:00" endTime="2026-01-10T19:06:14.8792740+08:00" testType="13cdc9d9-ddb5-4fa4-a97d-d965ccfc6d4b" outcome="Passed" testListId="8c84fa94-04c1-424b-9868-57a2d4851a1d" relativeResultsDirectory="2dae2ac6-87ca-4fb3-9963-75a0750ff329">
      <Output>
        <StdOut>长字符串场景补全项数量: 154</StdOut>
      </Output>
    </UnitTestResult>
    <UnitTestResult executionId="1a43a947-0222-41ed-a2f6-66f4cc685f2d" testId="6bd84e35-e5a9-2b4e-8f7d-720dcf094331" testName="Old8Lang.Tests.LanguageServer.CompletionHandler_BuiltInFunctionsTests.VectorFunctions_ShouldBeAvailable" computerName="lijiajundeMac-mini" duration="00:00:00.0013127" startTime="2026-01-10T19:06:14.8523120+08:00" endTime="2026-01-10T19:06:14.8536630+08:00" testType="13cdc9d9-ddb5-4fa4-a97d-d965ccfc6d4b" outcome="Failed" testListId="8c84fa94-04c1-424b-9868-57a2d4851a1d" relativeResultsDirectory="1a43a947-0222-41ed-a2f6-66f4cc685f2d">
      <Output>
        <ErrorInfo>
          <Message>Assert.NotNull() Failure: Value is null</Message>
          <StackTrace>   at Old8Lang.Tests.LanguageServer.CompletionHandler_BuiltInFunctionsTests.VectorFunctions_ShouldBeAvailable() in /Users/luckyfish/Documents/Project/Old8LangProjects/Old8Lang/Old8Lang.Tests/LanguageServer/CompletionHandler_BuiltInFunctionsTests.cs:line 459
--- End of stack trace from previous location ---</StackTrace>
        </ErrorInfo>
      </Output>
    </UnitTestResult>
    <UnitTestResult executionId="619d476f-b38e-4556-87b9-3c601d90031f" testId="e84e6507-bd8f-93df-5371-13e8ae2e529e" testName="Old8Lang.Tests.LanguageServer.CompletionHandlerTests.TestCompletionWithDocumentationAsync" computerName="lijiajundeMac-mini" duration="00:00:00.0103719" startTime="2026-01-10T19:06:14.8484870+08:00" endTime="2026-01-10T19:06:14.8544330+08:00" testType="13cdc9d9-ddb5-4fa4-a97d-d965ccfc6d4b" outcome="Passed" testListId="8c84fa94-04c1-424b-9868-57a2d4851a1d" relativeResultsDirectory="619d476f-b38e-4556-87b9-3c601d90031f">
      <Output>
        <StdOut>Documentation: 这是一个测试函数 用于计算两个数的和</StdOut>
      </Output>
    </UnitTestResult>
    <UnitTestResult executionId="04303ef3-ac71-4851-804c-5025d02d4a39" testId="e81e32d7-466f-869b-9be7-1b2e0a951f32" testName="Old8Lang.Tests.LanguageServer.CompletionHandler_ExpressionsTests.FunctionCallWithArguments_Completion" computerName="lijiajundeMac-mini" duration="00:00:00.0007429" startTime="2026-01-10T19:06:14.8780990+08:00" endTime="2026-01-10T19:06:14.8783620+08:00" testType="13cdc9d9-ddb5-4fa4-a97d-d965ccfc6d4b" outcome="Passed" testListId="8c84fa94-04c1-424b-9868-57a2d4851a1d" relativeResultsDirectory="04303ef3-ac71-4851-804c-5025d02d4a39">
      <Output>
        <StdOut>Found 156 items</StdOut>
      </Output>
    </UnitTestResult>
    <UnitTestResult executionId="fead9cda-b1a8-48b4-85d4-2aa9c8b1c5ea" testId="88f6a711-e573-bab7-73fe-8acafd2914e5" testName="Old8Lang.Tests.LanguageServer.CompletionHandler_LspProtocolTests.TestPositionEncoding_VariousPositions(line: 2, character: 0)" computerName="lijiajundeMac-mini" duration="00:00:00.0003597" startTime="2026-01-10T19:06:14.8680110+08:00" endTime="2026-01-10T19:06:14.8686000+08:00" testType="13cdc9d9-ddb5-4fa4-a97d-d965ccfc6d4b" outcome="Passed" testListId="8c84fa94-04c1-424b-9868-57a2d4851a1d" relativeResultsDirectory="fead9cda-b1a8-48b4-85d4-2aa9c8b1c5ea">
      <Output>
        <StdOut>Completions at (2, 0): 153 items</StdOut>
      </Output>
    </UnitTestResult>
    <UnitTestResult executionId="c8b26fe8-6703-4436-9bb7-de302d962b70" testId="31eb7128-692a-704e-60f4-8d742b9c33e2" testName="Old8Lang.Tests.LanguageServer.CompletionHandlerTests.TestSmartSortingAsync" computerName="lijiajundeMac-mini" duration="00:00:00.0014451" startTime="2026-01-10T19:06:14.8544960+08:00" endTime="2026-01-10T19:06:14.8576150+08:00" testType="13cdc9d9-ddb5-4fa4-a97d-d965ccfc6d4b" outcome="Passed" testListId="8c84fa94-04c1-424b-9868-57a2d4851a1d" relativeResultsDirectory="c8b26fe8-6703-4436-9bb7-de302d962b70">
      <Output>
        <StdOut>not: SortText=50_not, Kind=Keyword
null: SortText=50_null, Kind=Keyword
true: SortText=50_true, Kind=Keyword
false: SortText=50_false, Kind=Keyword
if: SortText=50_if, Kind=Keyword
for: SortText=50_for, Kind=Keyword
while: SortText=50_while, Kind=Keyword
switch: SortText=50_switch, Kind=Keyword
func: SortText=50_func, Kind=Keyword
class: SortText=50_class, Kind=Keyword
import: SortText=50_import, Kind=Keyword
from: SortText=50_from, Kind=Keyword
in: SortText=50_in, Kind=Keyword
elif: SortText=50_elif, Kind=Keyword
else: SortText=50_else, Kind=Keyword
then: SortText=50_then, Kind=Keyword
case: SortText=50_case, Kind=Keyword
default: SortText=50_default, Kind=Keyword
return: SortText=50_return, Kind=Keyword
as: SortText=50_as, Kind=Keyword
is: SortText=50_is, Kind=Keyword
isnot: SortText=50_isnot, Kind=Keyword
break: SortText=50_break, Kind=Keyword
continue: SortText=50_continue, Kind=Keyword
try: SortText=50_try, Kind=Keyword
catch: SortText=50_catch, Kind=Keyword
finally: SortText=50_finally, Kind=Keyword
using: SortText=50_using, Kind=Keyword
defer: SortText=50_defer, Kind=Keyword
and: SortText=50_and, Kind=Keyword
or: SortText=50_or, Kind=Keyword
xor: SortText=50_xor, Kind=Keyword
this: SortText=50_this, Kind=Keyword
extends: SortText=50_extends, Kind=Keyword
where: SortText=50_where, Kind=Keyword
mixin: SortText=50_mixin, Kind=Keyword
with: SortText=50_with, Kind=Keyword
static: SortText=50_static, Kind=Keyword
public: SortText=50_public, Kind=Keyword
private: SortText=50_private, Kind=Keyword
throw: SortText=50_throw, Kind=Keyword
native: SortText=50_native, Kind=Keyword
extern: SortText=50_extern, Kind=Keyword
protected: SortText=50_protected, Kind=Keyword
async: SortText=50_async, Kind=Keyword
await: SortText=50_await, Kind=Keyword
yield: SortText=50_yield, Kind=Keyword
interface: SortText=50_interface, Kind=Keyword
implements: SortText=50_implements, Kind=Keyword
abstract: SortText=50_abstract, Kind=Keyword
lazy: SortText=50_lazy, Kind=Keyword
dynamic: SortText=50_dynamic, Kind=Keyword
super: SortText=50_super, Kind=Keyword
match: SortText=50_match, Kind=Keyword
enum: SortText=50_enum, Kind=Keyword
select: SortText=50_select, Kind=Keyword
orderby: SortText=50_orderby, Kind=Keyword
ascending: SortText=50_ascending, Kind=Keyword
descending: SortText=50_descending, Kind=Keyword
group: SortText=50_group, Kind=Keyword
by: SortText=50_by, Kind=Keyword
join: SortText=50_join, Kind=Keyword
on: SortText=50_on, Kind=Keyword
into: SortText=50_into, Kind=Keyword
let: SortText=50_let, Kind=Keyword
params: SortText=50_params, Kind=Keyword
int: SortText=50_int, Kind=Keyword
double: SortText=50_double, Kind=Keyword
string: SortText=50_string, Kind=Keyword
bool: SortText=50_bool, Kind=Keyword
char: SortText=50_char, Kind=Keyword
void: SortText=50_void, Kind=Keyword
var: SortText=50_var, Kind=Keyword
func: SortText=40_func, Kind=Snippet
asyncfunc: SortText=40_asyncfunc, Kind=Snippet
class: SortText=40_class, Kind=Snippet
if: SortText=40_if, Kind=Snippet
ifelse: SortText=40_ifelse, Kind=Snippet
for: SortText=40_for, Kind=Snippet
forin: SortText=40_forin, Kind=Snippet
while: SortText=40_while, Kind=Snippet
try: SortText=40_try, Kind=Snippet
switch: SortText=40_switch, Kind=Snippet
PrintLine: SortText=20_PrintLine, Kind=Function
Print: SortText=20_Print, Kind=Function
ReadLine: SortText=20_ReadLine, Kind=Function
Error: SortText=20_Error, Kind=Function
Clear: SortText=20_Clear, Kind=Function
Len: SortText=20_Len, Kind=Function
Type: SortText=20_Type, Kind=Function
Assert: SortText=20_Assert, Kind=Function
ShowValues: SortText=20_ShowValues, Kind=Function
Lock: SortText=20_Lock, Kind=Function
Exec: SortText=20_Exec, Kind=Function
Json: SortText=20_Json, Kind=Function
ToObj: SortText=20_ToObj, Kind=Function
Compiler: SortText=20_Compiler, Kind=Function
Spawn: SortText=20_Spawn, Kind=Function
Dict: SortText=20_Dict, Kind=Function
Tuple: SortText=20_Tuple, Kind=Function
MutexCreate: SortText=20_MutexCreate, Kind=Function
MutexLock: SortText=20_MutexLock, Kind=Function
MutexTryLock: SortText=20_MutexTryLock, Kind=Function
MutexUnlock: SortText=20_MutexUnlock, Kind=Function
MutexDispose: SortText=20_MutexDispose, Kind=Function
SemaphoreCreate: SortText=20_SemaphoreCreate, Kind=Function
SemaphoreAcquire: SortText=20_SemaphoreAcquire, Kind=Function
SemaphoreTryAcquire: SortText=20_SemaphoreTryAcquire, Kind=Function
SemaphoreRelease: SortText=20_SemaphoreRelease, Kind=Function
SemaphoreDispose: SortText=20_SemaphoreDispose, Kind=Function
AtomicIntCreate: SortText=20_AtomicIntCreate, Kind=Function
AtomicIntGet: SortText=20_AtomicIntGet, Kind=Function
AtomicIntSet: SortText=20_AtomicIntSet, Kind=Function
AtomicIntIncrement: SortText=20_AtomicIntIncrement, Kind=Function
AtomicIntDecrement: SortText=20_AtomicIntDecrement, Kind=Function
AtomicIntAdd: SortText=20_AtomicIntAdd, Kind=Function
AtomicIntCompareAndSet: SortText=20_AtomicIntCompareAndSet, Kind=Function
AtomicIntDispose: SortText=20_AtomicIntDispose, Kind=Function
ChannelCreate: SortText=20_ChannelCreate, Kind=Function
ChannelCreateBounded: SortText=20_ChannelCreateBounded, Kind=Function
ChannelSend: SortText=20_ChannelSend, Kind=Function
ChannelTrySend: SortText=20_ChannelTrySend, Kind=Function
ChannelReceive: SortText=20_ChannelReceive, Kind=Function
ChannelTryReceive: SortText=20_ChannelTryReceive, Kind=Function
ChannelClose: SortText=20_ChannelClose, Kind=Function
ChannelDispose: SortText=20_ChannelDispose, Kind=Function
ReadWriteLockCreate: SortText=20_ReadWriteLockCreate, Kind=Function
ReadLockAcquire: SortText=20_ReadLockAcquire, Kind=Function
ReadLockRelease: SortText=20_ReadLockRelease, Kind=Function
WriteLockAcquire: SortText=20_WriteLockAcquire, Kind=Function
WriteLockRelease: SortText=20_WriteLockRelease, Kind=Function
ReadLockTryAcquire: SortText=20_ReadLockTryAcquire, Kind=Function
WriteLockTryAcquire: SortText=20_WriteLockTryAcquire, Kind=Function
ReadWriteLockDispose: SortText=20_ReadWriteLockDispose, Kind=Function
CountDownLatchCreate: SortText=20_CountDownLatchCreate, Kind=Function
CountDownLatchCountDown: SortText=20_CountDownLatchCountDown, Kind=Function
CountDownLatchWait: SortText=20_CountDownLatchWait, Kind=Function
CountDownLatchWaitTimeout: SortText=20_CountDownLatchWaitTimeout, Kind=Function
CountDownLatchGetCount: SortText=20_CountDownLatchGetCount, Kind=Function
CountDownLatchDispose: SortText=20_CountDownLatchDispose, Kind=Function
CyclicBarrierCreate: SortText=20_CyclicBarrierCreate, Kind=Function
CyclicBarrierAwait: SortText=20_CyclicBarrierAwait, Kind=Function
CyclicBarrierAwaitTimeout: SortText=20_CyclicBarrierAwaitTimeout, Kind=Function
CyclicBarrierGetParticipantCount: SortText=20_CyclicBarrierGetParticipantCount, Kind=Function
CyclicBarrierGetWaitingCount: SortText=20_CyclicBarrierGetWaitingCount, Kind=Function
CyclicBarrierDispose: SortText=20_CyclicBarrierDispose, Kind=Function
CreateCancellationTokenSource: SortText=20_CreateCancellationTokenSource, Kind=Function
Cancel: SortText=20_Cancel, Kind=Function
CancelAfter: SortText=20_CancelAfter, Kind=Function
DisposeCancellationTokenSource: SortText=20_DisposeCancellationTokenSource, Kind=Function
Sleep: SortText=20_Sleep, Kind=Function
GetCurrentThreadId: SortText=20_GetCurrentThreadId, Kind=Function
GetProcessorCount: SortText=20_GetProcessorCount, Kind=Function
myFunc: SortText=20_myFunc, Kind=Function
MyClass: SortText=30_MyClass, Kind=Class
myVar: SortText=10_myVar, Kind=Variable
Variable priority: 10
Function priority: 20
Class priority: 30</StdOut>
      </Output>
    </UnitTestResult>
    <UnitTestResult executionId="c91c8809-5233-4e26-819c-b3f4d9b9eb82" testId="098e27eb-5241-5ca0-ca27-1848ac10819c" testName="Old8Lang.Tests.LanguageServer.CompletionHandler_ContextAwareTests.StringLiteral_ShouldNotTriggerCompletion" computerName="lijiajundeMac-mini" duration="00:00:00.0014384" startTime="2026-01-10T19:06:14.8506250+08:00" endTime="2026-01-10T19:06:14.8519500+08:00" testType="13cdc9d9-ddb5-4fa4-a97d-d965ccfc6d4b" outcome="Passed" testListId="8c84fa94-04c1-424b-9868-57a2d4851a1d" relativeResultsDirectory="c91c8809-5233-4e26-819c-b3f4d9b9eb82">
      <Output>
        <StdOut>Found 155 items</StdOut>
      </Output>
    </UnitTestResult>
    <UnitTestResult executionId="c8e9f037-7039-4220-97fa-0702e0d6ea5d" testId="384e17ab-b773-853e-3d42-a21fa9f861ff" testName="Old8Lang.Tests.LanguageServer.CompletionHandler_SnippetsTests.TestAllSnippetsPresent" computerName="lijiajundeMac-mini" duration="00:00:00.0010630" startTime="2026-01-10T19:06:14.8516460+08:00" endTime="2026-01-10T19:06:14.8529240+08:00" testType="13cdc9d9-ddb5-4fa4-a97d-d965ccfc6d4b" outcome="Passed" testListId="8c84fa94-04c1-424b-9868-57a2d4851a1d" relativeResultsDirectory="c8e9f037-7039-4220-97fa-0702e0d6ea5d">
      <Output>
        <StdOut>总共应有 10 个代码片段
实际找到 10 个代码片段</StdOut>
      </Output>
    </UnitTestResult>
    <UnitTestResult executionId="c6d215e3-b995-451f-bf5d-bcffd57a9200" testId="091c15b9-28eb-26c1-d06d-693c4458150a" testName="Old8Lang.Tests.LanguageServer.CompletionHandler_BoundaryTests.TestFileStartPositionCompletion" computerName="lijiajundeMac-mini" duration="00:00:00.0005607" startTime="2026-01-10T19:06:14.8775610+08:00" endTime="2026-01-10T19:06:14.8777020+08:00" testType="13cdc9d9-ddb5-4fa4-a97d-d965ccfc6d4b" outcome="Passed" testListId="8c84fa94-04c1-424b-9868-57a2d4851a1d" relativeResultsDirectory="c6d215e3-b995-451f-bf5d-bcffd57a9200">
      <Output>
        <StdOut>文件开始位置补全项数量: 154</StdOut>
      </Output>
    </UnitTestResult>
    <UnitTestResult executionId="0c5999d2-c26c-4113-a230-3a210f7202e2" testId="559b561b-6815-d837-79c8-cb17c8540658" testName="Old8Lang.Tests.LanguageServer.CompletionHandler_MemberChainTests.ChainWithMethodParameters_ShouldComplete" computerName="lijiajundeMac-mini" duration="00:00:00.0003385" startTime="2026-01-10T19:06:14.8704720+08:00" endTime="2026-01-10T19:06:14.8711780+08:00" testType="13cdc9d9-ddb5-4fa4-a97d-d965ccfc6d4b" outcome="Failed" testListId="8c84fa94-04c1-424b-9868-57a2d4851a1d" relativeResultsDirectory="0c5999d2-c26c-4113-a230-3a210f7202e2">
      <Output>
        <ErrorInfo>
          <Message>Assert.NotNull() Failure: Value is null</Message>
          <StackTrace>   at Old8Lang.Tests.LanguageServer.CompletionHandler_MemberChainTests.ChainWithMethodParameters_ShouldComplete() in /Users/luckyfish/Documents/Project/Old8LangProjects/Old8Lang/Old8Lang.Tests/LanguageServer/CompletionHandler_MemberChainTests.cs:line 289
--- End of stack trace from previous location ---</StackTrace>
        </ErrorInfo>
      </Output>
    </UnitTestResult>
    <UnitTestResult executionId="6fc0e357-03b3-4a67-bbe8-8c098ec6a7d0" testId="249a7d76-4afa-556b-edab-2331974a7329" testName="Old8Lang.Tests.LanguageServer.CompletionHandler_MemberChainTests.ThisInChain_ShouldComplete" computerName="lijiajundeMac-mini" duration="00:00:00.0012879" startTime="2026-01-10T19:06:14.8641440+08:00" endTime="2026-01-10T19:06:14.8652580+08:00" testType="13cdc9d9-ddb5-4fa4-a97d-d965ccfc6d4b" outcome="Failed" testListId="8c84fa94-04c1-424b-9868-57a2d4851a1d" relativeResultsDirectory="6fc0e357-03b3-4a67-bbe8-8c098ec6a7d0">
      <Output>
        <ErrorInfo>
          <Message>Assert.NotNull() Failure: Value is null</Message>
          <StackTrace>   at Old8Lang.Tests.LanguageServer.CompletionHandler_MemberChainTests.ThisInChain_ShouldComplete() in /Users/luckyfish/Documents/Project/Old8LangProjects/Old8Lang/Old8Lang.Tests/LanguageServer/CompletionHandler_MemberChainTests.cs:line 429
--- End of stack trace from previous location ---</StackTrace>
        </ErrorInfo>
      </Output>
    </UnitTestResult>
    <UnitTestResult executionId="b6c9509c-73ed-498b-ae5a-f5883c295034" testId="4b1be589-5a99-0a4f-f431-5acb7e37dd15" testName="Old8Lang.Tests.LanguageServer.CompletionHandler_BoundaryTests.TestOnlyEmptyLinesCompletion" computerName="lijiajundeMac-mini" duration="00:00:00.0002284" startTime="2026-01-10T19:06:14.8789530+08:00" endTime="2026-01-10T19:06:14.8789730+08:00" testType="13cdc9d9-ddb5-4fa4-a97d-d965ccfc6d4b" outcome="Passed" testListId="8c84fa94-04c1-424b-9868-57a2d4851a1d" relativeResultsDirectory="b6c9509c-73ed-498b-ae5a-f5883c295034">
      <Output>
        <StdOut>空行文档补全项数量: 153</StdOut>
      </Output>
    </UnitTestResult>
    <UnitTestResult executionId="24c78761-64df-43c3-b4b1-ac41f0186b9e" testId="f8f5e322-de1b-5e80-1b8e-520afee60b07" testName="Old8Lang.Tests.LanguageServer.CompletionHandler_ContextAwareTests.MixinGlobalAndLocal_ShouldPrioritizeLocal" computerName="lijiajundeMac-mini" duration="00:00:00.0012401" startTime="2026-01-10T19:06:14.8658150+08:00" endTime="2026-01-10T19:06:14.8673510+08:00" testType="13cdc9d9-ddb5-4fa4-a97d-d965ccfc6d4b" outcome="Failed" testListId="8c84fa94-04c1-424b-9868-57a2d4851a1d" relativeResultsDirectory="24c78761-64df-43c3-b4b1-ac41f0186b9e">
      <Output>
        <ErrorInfo>
          <Message>Assert.Contains() Failure: Filter not matched in collection
Collection: [[Keyword] not, [Keyword] null, [Keyword] true, [Keyword] false, [Keyword] if, ···]</Message>
          <StackTrace>   at Old8Lang.Tests.LanguageServer.CompletionHandler_ContextAwareTests.MixinGlobalAndLocal_ShouldPrioritizeLocal() in /Users/luckyfish/Documents/Project/Old8LangProjects/Old8Lang/Old8Lang.Tests/LanguageServer/CompletionHandler_ContextAwareTests.cs:line 380
--- End of stack trace from previous location ---</StackTrace>
        </ErrorInfo>
      </Output>
    </UnitTestResult>
    <UnitTestResult executionId="cff2f8c0-8e5a-4358-9666-767a19d4945d" testId="cd494dd7-84f3-61b6-b6b6-6695a0f81e3f" testName="Old8Lang.Tests.LanguageServer.CompletionHandler_KeywordsTests.TestAsyncKeywords" computerName="lijiajundeMac-mini" duration="00:00:00.0007992" startTime="2026-01-10T19:06:14.8767690+08:00" endTime="2026-01-10T19:06:14.8771480+08:00" testType="13cdc9d9-ddb5-4fa4-a97d-d965ccfc6d4b" outcome="Passed" testListId="8c84fa94-04c1-424b-9868-57a2d4851a1d" relativeResultsDirectory="cff2f8c0-8e5a-4358-9666-767a19d4945d">
      <Output>
        <StdOut>✓ 找到关键字: async
✓ 找到关键字: await</StdOut>
      </Output>
    </UnitTestResult>
    <UnitTestResult executionId="514c7d35-ed2c-486b-8ca6-88aba54b9d3e" testId="96f3e802-e171-b38a-4560-d86cfeabec30" testName="Old8Lang.Tests.LanguageServer.CompletionHandler_ExpressionsTests.ArrayAccess_IndexOperator" computerName="lijiajundeMac-mini" duration="00:00:00.0003711" startTime="2026-01-10T19:06:14.8754270+08:00" endTime="2026-01-10T19:06:14.8759060+08:00" testType="13cdc9d9-ddb5-4fa4-a97d-d965ccfc6d4b" outcome="Passed" testListId="8c84fa94-04c1-424b-9868-57a2d4851a1d" relativeResultsDirectory="514c7d35-ed2c-486b-8ca6-88aba54b9d3e">
      <Output>
        <StdOut>Found 156 items</StdOut>
      </Output>
    </UnitTestResult>
    <UnitTestResult executionId="b400704b-dda8-49f5-ac61-052468252708" testId="c27be6df-3729-7120-7a43-c4facfff3c34" testName="Old8Lang.Tests.LanguageServer.CompletionHandler_BuiltInFunctionsTests.TimeFunctions_ShouldBeAvailable" computerName="lijiajundeMac-mini" duration="00:00:00.0006998" startTime="2026-01-10T19:06:14.8682250+08:00" endTime="2026-01-10T19:06:14.8704890+08:00" testType="13cdc9d9-ddb5-4fa4-a97d-d965ccfc6d4b" outcome="Failed" testListId="8c84fa94-04c1-424b-9868-57a2d4851a1d" relativeResultsDirectory="b400704b-dda8-49f5-ac61-052468252708">
      <Output>
        <ErrorInfo>
          <Message>Assert.NotNull() Failure: Value is null</Message>
          <StackTrace>   at Old8Lang.Tests.LanguageServer.CompletionHandler_BuiltInFunctionsTests.TimeFunctions_ShouldBeAvailable() in /Users/luckyfish/Documents/Project/Old8LangProjects/Old8Lang/Old8Lang.Tests/LanguageServer/CompletionHandler_BuiltInFunctionsTests.cs:line 396
--- End of stack trace from previous location ---</StackTrace>
        </ErrorInfo>
      </Output>
    </UnitTestResult>
    <UnitTestResult executionId="c57b6eb9-77ed-4fc5-946c-db0e625c1f14" testId="d76fd16f-c756-052b-ff7d-3b48f8ae8275" testName="Old8Lang.Tests.LanguageServer.CompletionHandler_BoundaryTests.TestFileEndPositionCompletion" computerName="lijiajundeMac-mini" duration="00:00:00.0002415" startTime="2026-01-10T19:06:14.8783410+08:00" endTime="2026-01-10T19:06:14.8786400+08:00" testType="13cdc9d9-ddb5-4fa4-a97d-d965ccfc6d4b" outcome="Passed" testListId="8c84fa94-04c1-424b-9868-57a2d4851a1d" relativeResultsDirectory="c57b6eb9-77ed-4fc5-946c-db0e625c1f14">
      <Output>
        <StdOut>文件结束位置补全项数量: 154</StdOut>
      </Output>
    </UnitTestResult>
    <UnitTestResult executionId="3f4c8104-3cde-4228-8eb3-5224c8c8d9cc" testId="16b662ac-7c5c-32ed-4343-66e99921f304" testName="Old8Lang.Tests.LanguageServer.CompletionHandler_BoundaryTests.TestManyParametersFunctionCompletion" computerName="lijiajundeMac-mini" duration="00:00:00.0007785" startTime="2026-01-10T19:06:14.8777400+08:00" endTime="2026-01-10T19:06:14.8781720+08:00" testType="13cdc9d9-ddb5-4fa4-a97d-d965ccfc6d4b" outcome="Passed" testListId="8c84fa94-04c1-424b-9868-57a2d4851a1d" relativeResultsDirectory="3f4c8104-3cde-4228-8eb3-5224c8c8d9cc">
      <Output>
        <StdOut>✓ 找到多参数函数</StdOut>
      </Output>
    </UnitTestResult>
    <UnitTestResult executionId="6fce9710-f1d6-422f-879a-a39a7d9ea744" testId="4e6eaab5-682c-b10d-4a9d-c82e34716f81" testName="Old8Lang.Tests.LanguageServer.CompletionHandler_KeywordsTests.TestOOPKeywords" computerName="lijiajundeMac-mini" duration="00:00:00.0024327" startTime="2026-01-10T19:06:14.8718310+08:00" endTime="2026-01-10T19:06:14.8727060+08:00" testType="13cdc9d9-ddb5-4fa4-a97d-d965ccfc6d4b" outcome="Passed" testListId="8c84fa94-04c1-424b-9868-57a2d4851a1d" relativeResultsDirectory="6fce9710-f1d6-422f-879a-a39a7d9ea744">
      <Output>
        <StdOut>✓ 找到关键字: class
✓ 找到关键字: interface
✓ 找到关键字: mixin
✓ 找到关键字: enum
✓ 找到关键字: extends
✓ 找到关键字: implements
✓ 找到关键字: with</StdOut>
      </Output>
    </UnitTestResult>
    <UnitTestResult executionId="6ffff03f-35ba-4561-96ba-92376c55380c" testId="cd1be654-cfbb-bba5-e8df-c2e842f66d30" testName="Old8Lang.Tests.LanguageServer.CompletionHandler_GenericsTests.GenericConstraint_WhereSyntax_ShouldComplete" computerName="lijiajundeMac-mini" duration="00:00:00.0019595" startTime="2026-01-10T19:06:14.8545030+08:00" endTime="2026-01-10T19:06:14.8585490+08:00" testType="13cdc9d9-ddb5-4fa4-a97d-d965ccfc6d4b" outcome="Failed" testListId="8c84fa94-04c1-424b-9868-57a2d4851a1d" relativeResultsDirectory="6ffff03f-35ba-4561-96ba-92376c55380c">
      <Output>
        <ErrorInfo>
          <Message>Assert.NotNull() Failure: Value is null</Message>
          <StackTrace>   at Old8Lang.Tests.LanguageServer.CompletionHandler_GenericsTests.GenericConstraint_WhereSyntax_ShouldComplete() in /Users/luckyfish/Documents/Project/Old8LangProjects/Old8Lang/Old8Lang.Tests/LanguageServer/CompletionHandler_GenericsTests.cs:line 255
--- End of stack trace from previous location ---</StackTrace>
        </ErrorInfo>
      </Output>
    </UnitTestResult>
    <UnitTestResult executionId="6a9da4d3-d441-4d32-ac9a-6ce6709f3d23" testId="1b6b4db4-5cb2-ce4f-206f-3c283f67a46e" testName="Old8Lang.Tests.LanguageServer.CompletionHandler_SpecialSyntaxTests.TestParamsKeywordCompletion" computerName="lijiajundeMac-mini" duration="00:00:00.0008879" startTime="2026-01-10T19:06:14.8489100+08:00" endTime="2026-01-10T19:06:14.8513570+08:00" testType="13cdc9d9-ddb5-4fa4-a97d-d965ccfc6d4b" outcome="Passed" testListId="8c84fa94-04c1-424b-9868-57a2d4851a1d" relativeResultsDirectory="6a9da4d3-d441-4d32-ac9a-6ce6709f3d23">
      <Output>
        <StdOut>参数列表场景补全项数量: 153</StdOut>
      </Output>
    </UnitTestResult>
    <UnitTestResult executionId="f30542c2-5446-4b6e-ac1a-4e4e5f845cae" testId="48a4da70-1847-3719-4a81-080cf6f7b36a" testName="Old8Lang.Tests.LanguageServer.CompletionHandler_GenericsTests.GenericClassDefinition_ShouldComplete" computerName="lijiajundeMac-mini" duration="00:00:00.0008222" startTime="2026-01-10T19:06:14.8657810+08:00" endTime="2026-01-10T19:06:14.8666360+08:00" testType="13cdc9d9-ddb5-4fa4-a97d-d965ccfc6d4b" outcome="Failed" testListId="8c84fa94-04c1-424b-9868-57a2d4851a1d" relativeResultsDirectory="f30542c2-5446-4b6e-ac1a-4e4e5f845cae">
      <Output>
        <ErrorInfo>
          <Message>Assert.NotNull() Failure: Value is null</Message>
          <StackTrace>   at Old8Lang.Tests.LanguageServer.CompletionHandler_GenericsTests.GenericClassDefinition_ShouldComplete() in /Users/luckyfish/Documents/Project/Old8LangProjects/Old8Lang/Old8Lang.Tests/LanguageServer/CompletionHandler_GenericsTests.cs:line 114
--- End of stack trace from previous location ---</StackTrace>
        </ErrorInfo>
      </Output>
    </UnitTestResult>
    <UnitTestResult executionId="d40a8c6c-ec8e-4d06-bfdf-ac77353a3e5c" testId="2780f3d3-34a9-7f1f-23a6-09a99483d680" testName="Old8Lang.Tests.LanguageServer.CompletionHandler_ConcurrencyTests.TestReadWriteLockFunctionsCompletion" computerName="lijiajundeMac-mini" duration="00:00:00.0008650" startTime="2026-01-10T19:06:14.8464130+08:00" endTime="2026-01-10T19:06:14.8471050+08:00" testType="13cdc9d9-ddb5-4fa4-a97d-d965ccfc6d4b" outcome="Passed" testListId="8c84fa94-04c1-424b-9868-57a2d4851a1d" relativeResultsDirectory="d40a8c6c-ec8e-4d06-bfdf-ac77353a3e5c">
      <Output>
        <StdOut>✓ 找到 ReadWriteLock 函数: ReadWriteLockCreate
✓ 找到 ReadWriteLock 函数: ReadLockAcquire
✓ 找到 ReadWriteLock 函数: ReadLockRelease
✓ 找到 ReadWriteLock 函数: WriteLockAcquire
✓ 找到 ReadWriteLock 函数: WriteLockRelease
✓ 找到 ReadWriteLock 函数: ReadLockTryAcquire
✓ 找到 ReadWriteLock 函数: WriteLockTryAcquire
✓ 找到 ReadWriteLock 函数: ReadWriteLockDispose</StdOut>
      </Output>
    </UnitTestResult>
    <UnitTestResult executionId="85ace2df-d175-4e2b-ae6f-c3318d42562b" testId="e1db9a0e-1124-b009-fcbf-4268ba611255" testName="Old8Lang.Tests.LanguageServer.CompletionHandler_KeywordsTests.TestAllKeywordsPresent" computerName="lijiajundeMac-mini" duration="00:00:00.0010738" startTime="2026-01-10T19:06:14.8643020+08:00" endTime="2026-01-10T19:06:14.8652020+08:00" testType="13cdc9d9-ddb5-4fa4-a97d-d965ccfc6d4b" outcome="Passed" testListId="8c84fa94-04c1-424b-9868-57a2d4851a1d" relativeResultsDirectory="85ace2df-d175-4e2b-ae6f-c3318d42562b">
      <Output>
        <StdOut>总共应有 48 个关键字
实际找到 73 个关键字补全项</StdOut>
      </Output>
    </UnitTestResult>
    <UnitTestResult executionId="bb85638a-789a-4d20-8803-da0c9ff0f2d5" testId="00ab3e5b-6576-bbda-c4df-29a710ed3064" testName="Old8Lang.Tests.LanguageServer.CompletionHandler_BuiltInFunctionsTests.StringFunctions_ShouldBeAvailable" computerName="lijiajundeMac-mini" duration="00:00:00.0009738" startTime="2026-01-10T19:06:14.8635350+08:00" endTime="2026-01-10T19:06:14.8644230+08:00" testType="13cdc9d9-ddb5-4fa4-a97d-d965ccfc6d4b" outcome="Failed" testListId="8c84fa94-04c1-424b-9868-57a2d4851a1d" relativeResultsDirectory="bb85638a-789a-4d20-8803-da0c9ff0f2d5">
      <Output>
        <ErrorInfo>
          <Message>Assert.NotNull() Failure: Value is null</Message>
          <StackTrace>   at Old8Lang.Tests.LanguageServer.CompletionHandler_BuiltInFunctionsTests.StringFunctions_ShouldBeAvailable() in /Users/luckyfish/Documents/Project/Old8LangProjects/Old8Lang/Old8Lang.Tests/LanguageServer/CompletionHandler_BuiltInFunctionsTests.cs:line 103
--- End of stack trace from previous location ---</StackTrace>
        </ErrorInfo>
      </Output>
    </UnitTestResult>
    <UnitTestResult executionId="eb5c5c46-3dec-44bd-a449-9447c0727e4b" testId="64055a92-bdf6-a470-c670-34c07f318f55" testName="Old8Lang.Tests.LanguageServer.CompletionHandler_ContextAwareTests.StaticMemberAccess_ShouldShowOnlyFromInstance" computerName="lijiajundeMac-mini" duration="00:00:00.0011093" startTime="2026-01-10T19:06:14.8587530+08:00" endTime="2026-01-10T19:06:14.8606120+08:00" testType="13cdc9d9-ddb5-4fa4-a97d-d965ccfc6d4b" outcome="Failed" testListId="8c84fa94-04c1-424b-9868-57a2d4851a1d" relativeResultsDirectory="eb5c5c46-3dec-44bd-a449-9447c0727e4b">
      <Output>
        <ErrorInfo>
          <Message>Assert.NotNull() Failure: Value is null</Message>
          <StackTrace>   at Old8Lang.Tests.LanguageServer.CompletionHandler_ContextAwareTests.StaticMemberAccess_ShouldShowOnlyFromInstance() in /Users/luckyfish/Documents/Project/Old8LangProjects/Old8Lang/Old8Lang.Tests/LanguageServer/CompletionHandler_ContextAwareTests.cs:line 570
--- End of stack trace from previous location ---</StackTrace>
        </ErrorInfo>
      </Output>
    </UnitTestResult>
    <UnitTestResult executionId="759402a1-9c5e-4f4a-8f09-263a9090dd7d" testId="d497a7e5-866c-bc2b-2e9e-a176ad204cf8" testName="Old8Lang.Tests.LanguageServer.CompletionHandler_KeywordsTests.TestKeywordCompletionDetails" computerName="lijiajundeMac-mini" duration="00:00:00.0014282" startTime="2026-01-10T19:06:14.8682080+08:00" endTime="2026-01-10T19:06:14.8715530+08:00" testType="13cdc9d9-ddb5-4fa4-a97d-d965ccfc6d4b" outcome="Passed" testListId="8c84fa94-04c1-424b-9868-57a2d4851a1d" relativeResultsDirectory="759402a1-9c5e-4f4a-8f09-263a9090dd7d">
      <Output>
        <StdOut>关键字: not
  Kind: Keyword
  Detail: Old8Lang 关键字
  InsertText: not

关键字: null
  Kind: Keyword
  Detail: Old8Lang 关键字
  InsertText: null

关键字: true
  Kind: Keyword
  Detail: Old8Lang 关键字
  InsertText: true

关键字: false
  Kind: Keyword
  Detail: Old8Lang 关键字
  InsertText: false

关键字: if
  Kind: Keyword
  Detail: Old8Lang 关键字
  InsertText: if

关键字: for
  Kind: Keyword
  Detail: Old8Lang 关键字
  InsertText: for

关键字: while
  Kind: Keyword
  Detail: Old8Lang 关键字
  InsertText: while

关键字: switch
  Kind: Keyword
  Detail: Old8Lang 关键字
  InsertText: switch

关键字: func
  Kind: Keyword
  Detail: Old8Lang 关键字
  InsertText: func

关键字: class
  Kind: Keyword
  Detail: Old8Lang 关键字
  InsertText: class</StdOut>
      </Output>
    </UnitTestResult>
    <UnitTestResult executionId="590439e6-d904-4d22-b3e6-111aed2b9767" testId="d21ccdf4-4e6a-393e-dc6a-3e307c1bfd63" testName="Old8Lang.Tests.LanguageServer.CompletionHandler_UnionTypesTests.ComplexTypeAnnotation_Completion" computerName="lijiajundeMac-mini" duration="00:00:00.0067068" startTime="2026-01-10T19:06:14.8484110+08:00" endTime="2026-01-10T19:06:14.8488190+08:00" testType="13cdc9d9-ddb5-4fa4-a97d-d965ccfc6d4b" outcome="Passed" testListId="8c84fa94-04c1-424b-9868-57a2d4851a1d" relativeResultsDirectory="590439e6-d904-4d22-b3e6-111aed2b9767">
      <Output>
        <StdOut>Found 153 items</StdOut>
      </Output>
    </UnitTestResult>
    <UnitTestResult executionId="34e4d0e2-8e11-4ffa-b1ff-79b1d55c97cd" testId="105cfa07-0a94-4429-b303-eab9e6da3ecc" testName="Old8Lang.Tests.LanguageServer.CompletionHandler_ConcurrencyTests.TestSemaphoreFunctionsCompletion" computerName="lijiajundeMac-mini" duration="00:00:00.1983403" startTime="2026-01-10T19:06:14.6020610+08:00" endTime="2026-01-10T19:06:14.8048570+08:00" testType="13cdc9d9-ddb5-4fa4-a97d-d965ccfc6d4b" outcome="Passed" testListId="8c84fa94-04c1-424b-9868-57a2d4851a1d" relativeResultsDirectory="34e4d0e2-8e11-4ffa-b1ff-79b1d55c97cd">
      <Output>
        <StdOut>✓ 找到 Semaphore 函数: SemaphoreCreate
✓ 找到 Semaphore 函数: SemaphoreAcquire
✓ 找到 Semaphore 函数: SemaphoreTryAcquire
✓ 找到 Semaphore 函数: SemaphoreRelease
✓ 找到 Semaphore 函数: SemaphoreDispose</StdOut>
      </Output>
    </UnitTestResult>
    <UnitTestResult executionId="98353e04-b411-4e44-a20d-02e1384e6ffb" testId="28d9a0b0-2a23-8114-70fc-d06ec86408bb" testName="Old8Lang.Tests.LanguageServer.CompletionHandler_MemberChainTests.MemberAccessInExpression_ShouldComplete" computerName="lijiajundeMac-mini" duration="00:00:00.0010860" startTime="2026-01-10T19:06:14.8615810+08:00" endTime="2026-01-10T19:06:14.8638620+08:00" testType="13cdc9d9-ddb5-4fa4-a97d-d965ccfc6d4b" outcome="Failed" testListId="8c84fa94-04c1-424b-9868-57a2d4851a1d" relativeResultsDirectory="98353e04-b411-4e44-a20d-02e1384e6ffb">
      <Output>
        <ErrorInfo>
          <Message>Assert.NotNull() Failure: Value is null</Message>
          <StackTrace>   at Old8Lang.Tests.LanguageServer.CompletionHandler_MemberChainTests.MemberAccessInExpression_ShouldComplete() in /Users/luckyfish/Documents/Project/Old8LangProjects/Old8Lang/Old8Lang.Tests/LanguageServer/CompletionHandler_MemberChainTests.cs:line 246
--- End of stack trace from previous location ---</StackTrace>
        </ErrorInfo>
      </Output>
    </UnitTestResult>
    <UnitTestResult executionId="b3e45360-7e8b-4c83-9750-092a9bf1d65a" testId="a97cd9d3-930b-bd11-8a09-8b17cb859cbe" testName="Old8Lang.Tests.LanguageServer.CompletionHandler_SnippetsExtendedTests.SnippetPriority_ShouldBeLowerThanKeywords" computerName="lijiajundeMac-mini" duration="00:00:00.0007297" startTime="2026-01-10T19:06:14.8746190+08:00" endTime="2026-01-10T19:06:14.8750570+08:00" testType="13cdc9d9-ddb5-4fa4-a97d-d965ccfc6d4b" outcome="Passed" testListId="8c84fa94-04c1-424b-9868-57a2d4851a1d" relativeResultsDirectory="b3e45360-7e8b-4c83-9750-092a9bf1d65a">
      <Output>
        <StdOut>Snippet priority: 40_func, Keyword priority: 50_if</StdOut>
      </Output>
    </UnitTestResult>
    <UnitTestResult executionId="d963267b-78cd-416c-b580-fb108da23493" testId="30445d3c-b8a8-fb54-d166-012e00bc1daf" testName="Old8Lang.Tests.LanguageServer.CompletionHandler_BuiltInFunctionsTests.AllBuiltInFunctions_ShouldBeAvailable" computerName="lijiajundeMac-mini" duration="00:00:00.0004092" startTime="2026-01-10T19:06:14.8664540+08:00" endTime="2026-01-10T19:06:14.8672040+08:00" testType="13cdc9d9-ddb5-4fa4-a97d-d965ccfc6d4b" outcome="Passed" testListId="8c84fa94-04c1-424b-9868-57a2d4851a1d" relativeResultsDirectory="d963267b-78cd-416c-b580-fb108da23493">
      <Output>
        <StdOut>Total built-in functions: 70
  - PrintLine
  - Print
  - ReadLine
  - Error
  - Clear
  - Len
  - Type
  - Assert
  - ShowValues
  - Lock
  - Exec
  - Json
  - ToObj
  - Compiler
  - Spawn
  - Dict
  - Tuple
  - MutexCreate
  - MutexLock
  - MutexTryLock</StdOut>
      </Output>
    </UnitTestResult>
    <UnitTestResult executionId="154d4f9c-a10d-48c0-a13a-b9441c1fc073" testId="f96e126b-a122-a32b-3780-75071018a012" testName="Old8Lang.Tests.LanguageServer.CompletionHandler_ContextAwareTests.ForLoopScope_ShouldShowIterationVariable" computerName="lijiajundeMac-mini" duration="00:00:00.0008725" startTime="2026-01-10T19:06:14.8719690+08:00" endTime="2026-01-10T19:06:14.8729100+08:00" testType="13cdc9d9-ddb5-4fa4-a97d-d965ccfc6d4b" outcome="Failed" testListId="8c84fa94-04c1-424b-9868-57a2d4851a1d" relativeResultsDirectory="154d4f9c-a10d-48c0-a13a-b9441c1fc073">
      <Output>
        <ErrorInfo>
          <Message>Assert.Contains() Failure: Filter not matched in collection
Collection: [[Keyword] not, [Keyword] null, [Keyword] true, [Keyword] false, [Keyword] if, ···]</Message>
          <StackTrace>   at Old8Lang.Tests.LanguageServer.CompletionHandler_ContextAwareTests.ForLoopScope_ShouldShowIterationVariable() in /Users/luckyfish/Documents/Project/Old8LangProjects/Old8Lang/Old8Lang.Tests/LanguageServer/CompletionHandler_ContextAwareTests.cs:line 313
--- End of stack trace from previous location ---</StackTrace>
        </ErrorInfo>
      </Output>
    </UnitTestResult>
    <UnitTestResult executionId="607e4307-267f-4ca6-87e9-8ed72f001e33" testId="57033cde-9bd3-402e-367a-e36844b82a39" testName="Old8Lang.Tests.LanguageServer.CompletionHandler_SnippetsTests.TestForInSnippet" computerName="lijiajundeMac-mini" duration="00:00:00.0006821" startTime="2026-01-10T19:06:14.8512410+08:00" endTime="2026-01-10T19:06:14.8516100+08:00" testType="13cdc9d9-ddb5-4fa4-a97d-d965ccfc6d4b" outcome="Passed" testListId="8c84fa94-04c1-424b-9868-57a2d4851a1d" relativeResultsDirectory="607e4307-267f-4ca6-87e9-8ed72f001e33">
      <Output>
        <StdOut>for-in 循环代码片段:
  InsertText: for ${1:item} in ${2:collection} {
	$0
}</StdOut>
      </Output>
    </UnitTestResult>
    <UnitTestResult executionId="2f7732c7-e6d4-4e46-a499-f1f6b53be882" testId="74b9bbcc-279f-b671-4fbf-625a7f8072ec" testName="Old8Lang.Tests.LanguageServer.CompletionHandler_BuiltInFunctionsTests.PrintFunctions_ShouldBeAvailable" computerName="lijiajundeMac-mini" duration="00:00:00.0004575" startTime="2026-01-10T19:06:14.8675950+08:00" endTime="2026-01-10T19:06:14.8681790+08:00" testType="13cdc9d9-ddb5-4fa4-a97d-d965ccfc6d4b" outcome="Passed" testListId="8c84fa94-04c1-424b-9868-57a2d4851a1d" relativeResultsDirectory="2f7732c7-e6d4-4e46-a499-f1f6b53be882">
      <Output>
        <StdOut>Found 153 items</StdOut>
      </Output>
    </UnitTestResult>
    <UnitTestResult executionId="dcaf403d-bcd6-45dc-b262-6842446d4e5d" testId="1d4c1592-2c5c-fbe6-584c-b7e01a071a16" testName="Old8Lang.Tests.LanguageServer.CompletionHandler_LspProtocolTests.TestCompletionItemKind_Classification" computerName="lijiajundeMac-mini" duration="00:00:00.0013587" startTime="2026-01-10T19:06:14.8644000+08:00" endTime="2026-01-10T19:06:14.8658390+08:00" testType="13cdc9d9-ddb5-4fa4-a97d-d965ccfc6d4b" outcome="Passed" testListId="8c84fa94-04c1-424b-9868-57a2d4851a1d" relativeResultsDirectory="dcaf403d-bcd6-45dc-b262-6842446d4e5d">
      <Output>
        <StdOut>Functions: True, Keywords: True, Snippets: True</StdOut>
      </Output>
    </UnitTestResult>
    <UnitTestResult executionId="dfd6bff5-f5fc-4bee-bcd7-6af40c424abd" testId="6e9e1609-46d4-b8c7-eaef-5cc16a0efc77" testName="Old8Lang.Tests.LanguageServer.CompletionHandler_TypesTests.TestClassTypeCompletion" computerName="lijiajundeMac-mini" duration="00:00:00.0009121" startTime="2026-01-10T19:06:14.8738160+08:00" endTime="2026-01-10T19:06:14.8747430+08:00" testType="13cdc9d9-ddb5-4fa4-a97d-d965ccfc6d4b" outcome="Passed" testListId="8c84fa94-04c1-424b-9868-57a2d4851a1d" relativeResultsDirectory="dfd6bff5-f5fc-4bee-bcd7-6af40c424abd">
      <Output>
        <StdOut>总补全项数量: 156
符号表项数量: 3

诊断信息:
  [Error] Line 7: 未定义的符号 'M'

符号表内容:
  MyClass: Kind=Class, Type=class MyClass
  test: Kind=Function, Type=func test() -&gt; void
  obj: Kind=Variable, Type=M

找到 1 个类类型补全
  - MyClass</StdOut>
      </Output>
    </UnitTestResult>
    <UnitTestResult executionId="444e2e0e-7f05-4fb7-992f-822683bef882" testId="b2da06a1-d0f2-40c1-7a77-109d42486a3f" testName="Old8Lang.Tests.LanguageServer.CompletionHandler_ExpressionsTests.DictionaryAccess_StringKey" computerName="lijiajundeMac-mini" duration="00:00:00.0027583" startTime="2026-01-10T19:06:14.8710050+08:00" endTime="2026-01-10T19:06:14.8722840+08:00" testType="13cdc9d9-ddb5-4fa4-a97d-d965ccfc6d4b" outcome="Passed" testListId="8c84fa94-04c1-424b-9868-57a2d4851a1d" relativeResultsDirectory="444e2e0e-7f05-4fb7-992f-822683bef882">
      <Output>
        <StdOut>Found 156 items</StdOut>
      </Output>
    </UnitTestResult>
    <UnitTestResult executionId="cda9fc06-37b1-4d85-ad09-c56677358eaf" testId="e890a4c5-5bd7-87de-9a48-d59a6a97fedb" testName="Old8Lang.Tests.LanguageServer.CompletionHandler_SpecialSyntaxTests.TestSelectCaseCompletion" computerName="lijiajundeMac-mini" duration="00:00:00.1983827" startTime="2026-01-10T19:06:14.6020320+08:00" endTime="2026-01-10T19:06:14.8048190+08:00" testType="13cdc9d9-ddb5-4fa4-a97d-d965ccfc6d4b" outcome="Passed" testListId="8c84fa94-04c1-424b-9868-57a2d4851a1d" relativeResultsDirectory="cda9fc06-37b1-4d85-ad09-c56677358eaf">
      <Output>
        <StdOut>Select 语句内找到 73 个关键字</StdOut>
      </Output>
    </UnitTestResult>
    <UnitTestResult executionId="6687fdfa-45b9-4385-a6b9-5dd20ee76156" testId="307954b1-1aa4-02d2-3f3f-fb1a1619a273" testName="Old8Lang.Tests.LanguageServer.CompletionHandlerTests.TestSymbolCompletionsAsync" computerName="lijiajundeMac-mini" duration="00:00:00.0043247" startTime="2026-01-10T19:06:14.8576550+08:00" endTime="2026-01-10T19:06:14.8618250+08:00" testType="13cdc9d9-ddb5-4fa4-a97d-d965ccfc6d4b" outcome="Passed" testListId="8c84fa94-04c1-424b-9868-57a2d4851a1d" relativeResultsDirectory="6687fdfa-45b9-4385-a6b9-5dd20ee76156">
      <Output>
        <StdOut>Document diagnostics count: 7
  Error: 未定义的符号 'a'
  Error: 未定义的符号 'b'
  Error: 未定义的符号 'a'
  Error: 未定义的符号 'b'
  Error: 未定义的符号 'name'
  Error: 未定义的符号 'n'
  Error: 未定义的符号 'n'
SymbolTable is null: False
SymbolTable count: 3
  testFunction: Function
  TestClass: Class
  x: Variable
Total completion items: 156
  not: Kind=Keyword, Detail=Old8Lang 关键字
  null: Kind=Keyword, Detail=Old8Lang 关键字
  true: Kind=Keyword, Detail=Old8Lang 关键字
  false: Kind=Keyword, Detail=Old8Lang 关键字
  if: Kind=Keyword, Detail=Old8Lang 关键字
  for: Kind=Keyword, Detail=Old8Lang 关键字
  while: Kind=Keyword, Detail=Old8Lang 关键字
  switch: Kind=Keyword, Detail=Old8Lang 关键字
  func: Kind=Keyword, Detail=Old8Lang 关键字
  class: Kind=Keyword, Detail=Old8Lang 关键字
  import: Kind=Keyword, Detail=Old8Lang 关键字
  from: Kind=Keyword, Detail=Old8Lang 关键字
  in: Kind=Keyword, Detail=Old8Lang 关键字
  elif: Kind=Keyword, Detail=Old8Lang 关键字
  else: Kind=Keyword, Detail=Old8Lang 关键字
  then: Kind=Keyword, Detail=Old8Lang 关键字
  case: Kind=Keyword, Detail=Old8Lang 关键字
  default: Kind=Keyword, Detail=Old8Lang 关键字
  return: Kind=Keyword, Detail=Old8Lang 关键字
  as: Kind=Keyword, Detail=Old8Lang 关键字
  is: Kind=Keyword, Detail=Old8Lang 关键字
  isnot: Kind=Keyword, Detail=Old8Lang 关键字
  break: Kind=Keyword, Detail=Old8Lang 关键字
  continue: Kind=Keyword, Detail=Old8Lang 关键字
  try: Kind=Keyword, Detail=Old8Lang 关键字
  catch: Kind=Keyword, Detail=Old8Lang 关键字
  finally: Kind=Keyword, Detail=Old8Lang 关键字
  using: Kind=Keyword, Detail=Old8Lang 关键字
  defer: Kind=Keyword, Detail=Old8Lang 关键字
  and: Kind=Keyword, Detail=Old8Lang 关键字
  or: Kind=Keyword, Detail=Old8Lang 关键字
  xor: Kind=Keyword, Detail=Old8Lang 关键字
  this: Kind=Keyword, Detail=Old8Lang 关键字
  extends: Kind=Keyword, Detail=Old8Lang 关键字
  where: Kind=Keyword, Detail=Old8Lang 关键字
  mixin: Kind=Keyword, Detail=Old8Lang 关键字
  with: Kind=Keyword, Detail=Old8Lang 关键字
  static: Kind=Keyword, Detail=Old8Lang 关键字
  public: Kind=Keyword, Detail=Old8Lang 关键字
  private: Kind=Keyword, Detail=Old8Lang 关键字
  throw: Kind=Keyword, Detail=Old8Lang 关键字
  native: Kind=Keyword, Detail=Old8Lang 关键字
  extern: Kind=Keyword, Detail=Old8Lang 关键字
  protected: Kind=Keyword, Detail=Old8Lang 关键字
  async: Kind=Keyword, Detail=Old8Lang 关键字
  await: Kind=Keyword, Detail=Old8Lang 关键字
  yield: Kind=Keyword, Detail=Old8Lang 关键字
  interface: Kind=Keyword, Detail=Old8Lang 关键字
  implements: Kind=Keyword, Detail=Old8Lang 关键字
  abstract: Kind=Keyword, Detail=Old8Lang 关键字
  lazy: Kind=Keyword, Detail=Old8Lang 关键字
  dynamic: Kind=Keyword, Detail=Old8Lang 关键字
  super: Kind=Keyword, Detail=Old8Lang 关键字
  match: Kind=Keyword, Detail=Old8Lang 关键字
  enum: Kind=Keyword, Detail=Old8Lang 关键字
  select: Kind=Keyword, Detail=Old8Lang 关键字
  orderby: Kind=Keyword, Detail=Old8Lang 关键字
  ascending: Kind=Keyword, Detail=Old8Lang 关键字
  descending: Kind=Keyword, Detail=Old8Lang 关键字
  group: Kind=Keyword, Detail=Old8Lang 关键字
  by: Kind=Keyword, Detail=Old8Lang 关键字
  join: Kind=Keyword, Detail=Old8Lang 关键字
  on: Kind=Keyword, Detail=Old8Lang 关键字
  into: Kind=Keyword, Detail=Old8Lang 关键字
  let: Kind=Keyword, Detail=Old8Lang 关键字
  params: Kind=Keyword, Detail=Old8Lang 关键字
  int: Kind=Keyword, Detail=Old8Lang 关键字
  double: Kind=Keyword, Detail=Old8Lang 关键字
  string: Kind=Keyword, Detail=Old8Lang 关键字
  bool: Kind=Keyword, Detail=Old8Lang 关键字
  char: Kind=Keyword, Detail=Old8Lang 关键字
  void: Kind=Keyword, Detail=Old8Lang 关键字
  var: Kind=Keyword, Detail=Old8Lang 关键字
  func: Kind=Snippet, Detail=函数定义
  asyncfunc: Kind=Snippet, Detail=异步函数定义
  class: Kind=Snippet, Detail=类定义
  if: Kind=Snippet, Detail=if 语句
  ifelse: Kind=Snippet, Detail=if-else 语句
  for: Kind=Snippet, Detail=for 循环
  forin: Kind=Snippet, Detail=for-in 循环
  while: Kind=Snippet, Detail=while 循环
  try: Kind=Snippet, Detail=try-catch 语句
  switch: Kind=Snippet, Detail=switch 语句
  PrintLine: Kind=Function, Detail=内置函数
  Print: Kind=Function, Detail=内置函数
  ReadLine: Kind=Function, Detail=内置函数
  Error: Kind=Function, Detail=内置函数
  Clear: Kind=Function, Detail=内置函数
  Len: Kind=Function, Detail=内置函数
  Type: Kind=Function, Detail=内置函数
  Assert: Kind=Function, Detail=内置函数
  ShowValues: Kind=Function, Detail=内置函数
  Lock: Kind=Function, Detail=内置函数
  Exec: Kind=Function, Detail=内置函数
  Json: Kind=Function, Detail=内置函数
  ToObj: Kind=Function, Detail=内置函数
  Compiler: Kind=Function, Detail=内置函数
  Spawn: Kind=Function, Detail=内置函数
  Dict: Kind=Function, Detail=内置函数
  Tuple: Kind=Function, Detail=内置函数
  MutexCreate: Kind=Function, Detail=内置函数
  MutexLock: Kind=Function, Detail=内置函数
  MutexTryLock: Kind=Function, Detail=内置函数
  MutexUnlock: Kind=Function, Detail=内置函数
  MutexDispose: Kind=Function, Detail=内置函数
  SemaphoreCreate: Kind=Function, Detail=内置函数
  SemaphoreAcquire: Kind=Function, Detail=内置函数
  SemaphoreTryAcquire: Kind=Function, Detail=内置函数
  SemaphoreRelease: Kind=Function, Detail=内置函数
  SemaphoreDispose: Kind=Function, Detail=内置函数
  AtomicIntCreate: Kind=Function, Detail=内置函数
  AtomicIntGet: Kind=Function, Detail=内置函数
  AtomicIntSet: Kind=Function, Detail=内置函数
  AtomicIntIncrement: Kind=Function, Detail=内置函数
  AtomicIntDecrement: Kind=Function, Detail=内置函数
  AtomicIntAdd: Kind=Function, Detail=内置函数
  AtomicIntCompareAndSet: Kind=Function, Detail=内置函数
  AtomicIntDispose: Kind=Function, Detail=内置函数
  ChannelCreate: Kind=Function, Detail=内置函数
  ChannelCreateBounded: Kind=Function, Detail=内置函数
  ChannelSend: Kind=Function, Detail=内置函数
  ChannelTrySend: Kind=Function, Detail=内置函数
  ChannelReceive: Kind=Function, Detail=内置函数
  ChannelTryReceive: Kind=Function, Detail=内置函数
  ChannelClose: Kind=Function, Detail=内置函数
  ChannelDispose: Kind=Function, Detail=内置函数
  ReadWriteLockCreate: Kind=Function, Detail=内置函数
  ReadLockAcquire: Kind=Function, Detail=内置函数
  ReadLockRelease: Kind=Function, Detail=内置函数
  WriteLockAcquire: Kind=Function, Detail=内置函数
  WriteLockRelease: Kind=Function, Detail=内置函数
  ReadLockTryAcquire: Kind=Function, Detail=内置函数
  WriteLockTryAcquire: Kind=Function, Detail=内置函数
  ReadWriteLockDispose: Kind=Function, Detail=内置函数
  CountDownLatchCreate: Kind=Function, Detail=内置函数
  CountDownLatchCountDown: Kind=Function, Detail=内置函数
  CountDownLatchWait: Kind=Function, Detail=内置函数
  CountDownLatchWaitTimeout: Kind=Function, Detail=内置函数
  CountDownLatchGetCount: Kind=Function, Detail=内置函数
  CountDownLatchDispose: Kind=Function, Detail=内置函数
  CyclicBarrierCreate: Kind=Function, Detail=内置函数
  CyclicBarrierAwait: Kind=Function, Detail=内置函数
  CyclicBarrierAwaitTimeout: Kind=Function, Detail=内置函数
  CyclicBarrierGetParticipantCount: Kind=Function, Detail=内置函数
  CyclicBarrierGetWaitingCount: Kind=Function, Detail=内置函数
  CyclicBarrierDispose: Kind=Function, Detail=内置函数
  CreateCancellationTokenSource: Kind=Function, Detail=内置函数
  Cancel: Kind=Function, Detail=内置函数
  CancelAfter: Kind=Function, Detail=内置函数
  DisposeCancellationTokenSource: Kind=Function, Detail=内置函数
  Sleep: Kind=Function, Detail=内置函数
  GetCurrentThreadId: Kind=Function, Detail=内置函数
  GetProcessorCount: Kind=Function, Detail=内置函数
  testFunction: Kind=Function, Detail=testFunction(...) -&gt; func testFunction(a:int, b:int) -&gt; int
  TestClass: Kind=Class, Detail=class TestClass
  x: Kind=Variable, Detail=int
Found 71 function completions
Found 1 class completions
Found 1 variable completions</StdOut>
      </Output>
    </UnitTestResult>
    <UnitTestResult executionId="ca9cb4c9-c363-43f7-ba90-698cb5d6d1de" testId="0b13293e-65f8-aab7-cfb1-a0db99789eb3" testName="Old8Lang.Tests.LanguageServer.CompletionHandler_ExpressionsTests.TypeConversion_AsOperator" computerName="lijiajundeMac-mini" duration="00:00:00.0017821" startTime="2026-01-10T19:06:14.8618890+08:00" endTime="2026-01-10T19:06:14.8648890+08:00" testType="13cdc9d9-ddb5-4fa4-a97d-d965ccfc6d4b" outcome="Passed" testListId="8c84fa94-04c1-424b-9868-57a2d4851a1d" relativeResultsDirectory="ca9cb4c9-c363-43f7-ba90-698cb5d6d1de">
      <Output>
        <StdOut>Found 157 items</StdOut>
      </Output>
    </UnitTestResult>
    <UnitTestResult executionId="6e6cef05-deaf-4b47-844b-b63b4650ef51" testId="af605dac-f52d-299b-cc64-b32dc466a795" testName="Old8Lang.Tests.LanguageServer.CompletionHandler_ContextAwareTests.CommentInCode_ShouldNotAffectCompletion" computerName="lijiajundeMac-mini" duration="00:00:00.0003511" startTime="2026-01-10T19:06:14.8686300+08:00" endTime="2026-01-10T19:06:14.8702420+08:00" testType="13cdc9d9-ddb5-4fa4-a97d-d965ccfc6d4b" outcome="Failed" testListId="8c84fa94-04c1-424b-9868-57a2d4851a1d" relativeResultsDirectory="6e6cef05-deaf-4b47-844b-b63b4650ef51">
      <Output>
        <ErrorInfo>
          <Message>Assert.NotNull() Failure: Value is null</Message>
          <StackTrace>   at Old8Lang.Tests.LanguageServer.CompletionHandler_ContextAwareTests.CommentInCode_ShouldNotAffectCompletion() in /Users/luckyfish/Documents/Project/Old8LangProjects/Old8Lang/Old8Lang.Tests/LanguageServer/CompletionHandler_ContextAwareTests.cs:line 678
--- End of stack trace from previous location ---</StackTrace>
        </ErrorInfo>
      </Output>
    </UnitTestResult>
    <UnitTestResult executionId="7594459e-3057-4d37-aed1-e8125b965662" testId="31a248ef-5fd5-269b-caef-888ffab1ea0d" testName="Old8Lang.Tests.LanguageServer.CompletionHandler_UnionTypesTests.IntersectionTypeSyntax_InTypeAnnotation" computerName="lijiajundeMac-mini" duration="00:00:00.0005975" startTime="2026-01-10T19:06:14.8542310+08:00" endTime="2026-01-10T19:06:14.8546410+08:00" testType="13cdc9d9-ddb5-4fa4-a97d-d965ccfc6d4b" outcome="Passed" testListId="8c84fa94-04c1-424b-9868-57a2d4851a1d" relativeResultsDirectory="7594459e-3057-4d37-aed1-e8125b965662">
      <Output>
        <StdOut>Found 154 items
  - not (Keyword)
  - null (Keyword)
  - true (Keyword)
  - false (Keyword)
  - if (Keyword)
  - for (Keyword)
  - while (Keyword)
  - switch (Keyword)
  - func (Keyword)
  - class (Keyword)</StdOut>
      </Output>
    </UnitTestResult>
    <UnitTestResult executionId="171e76b9-7370-4179-8f32-0e23849cd968" testId="1804f052-b9b0-6797-d5b3-a8300115981c" testName="Old8Lang.Tests.LanguageServer.CompletionHandler_UnionTypesTests.AmpersandOperator_ShouldBeAvailable" computerName="lijiajundeMac-mini" duration="00:00:00.0005060" startTime="2026-01-10T19:06:14.8513650+08:00" endTime="2026-01-10T19:06:14.8518050+08:00" testType="13cdc9d9-ddb5-4fa4-a97d-d965ccfc6d4b" outcome="Failed" testListId="8c84fa94-04c1-424b-9868-57a2d4851a1d" relativeResultsDirectory="171e76b9-7370-4179-8f32-0e23849cd968">
      <Output>
        <ErrorInfo>
          <Message>Assert.NotNull() Failure: Value is null</Message>
          <StackTrace>   at Old8Lang.Tests.LanguageServer.CompletionHandler_UnionTypesTests.AmpersandOperator_ShouldBeAvailable() in /Users/luckyfish/Documents/Project/Old8LangProjects/Old8Lang/Old8Lang.Tests/LanguageServer/CompletionHandler_UnionTypesTests.cs:line 364
--- End of stack trace from previous location ---</StackTrace>
        </ErrorInfo>
      </Output>
    </UnitTestResult>
    <UnitTestResult executionId="059550a2-aeff-408e-a00a-d5aebf7b763f" testId="42fbe3f2-7393-9fbc-09dc-d463e66e02b9" testName="Old8Lang.Tests.LanguageServer.CompletionHandler_BuiltInFunctionsTests.OSFunctions_ShouldBeAvailable" computerName="lijiajundeMac-mini" duration="00:00:00.0007468" startTime="2026-01-10T19:06:14.8645350+08:00" endTime="2026-01-10T19:06:14.8650890+08:00" testType="13cdc9d9-ddb5-4fa4-a97d-d965ccfc6d4b" outcome="Failed" testListId="8c84fa94-04c1-424b-9868-57a2d4851a1d" relativeResultsDirectory="059550a2-aeff-408e-a00a-d5aebf7b763f">
      <Output>
        <ErrorInfo>
          <Message>Assert.NotNull() Failure: Value is null</Message>
          <StackTrace>   at Old8Lang.Tests.LanguageServer.CompletionHandler_BuiltInFunctionsTests.OSFunctions_ShouldBeAvailable() in /Users/luckyfish/Documents/Project/Old8LangProjects/Old8Lang/Old8Lang.Tests/LanguageServer/CompletionHandler_BuiltInFunctionsTests.cs:line 300
--- End of stack trace from previous location ---</StackTrace>
        </ErrorInfo>
      </Output>
    </UnitTestResult>
    <UnitTestResult executionId="d1e91724-10f5-48f7-9bf3-3d891bdc2e89" testId="e89f5686-b3b3-10ad-6f3d-590a4adb5e93" testName="Old8Lang.Tests.LanguageServer.CompletionHandler_ContextAwareTests.MemberAccessInsideMethod_ShouldNotShowGlobal" computerName="lijiajundeMac-mini" duration="00:00:00.0009339" startTime="2026-01-10T19:06:14.8745120+08:00" endTime="2026-01-10T19:06:14.8752820+08:00" testType="13cdc9d9-ddb5-4fa4-a97d-d965ccfc6d4b" outcome="Failed" testListId="8c84fa94-04c1-424b-9868-57a2d4851a1d" relativeResultsDirectory="d1e91724-10f5-48f7-9bf3-3d891bdc2e89">
      <Output>
        <ErrorInfo>
          <Message>Assert.NotNull() Failure: Value is null</Message>
          <StackTrace>   at Old8Lang.Tests.LanguageServer.CompletionHandler_ContextAwareTests.MemberAccessInsideMethod_ShouldNotShowGlobal() in /Users/luckyfish/Documents/Project/Old8LangProjects/Old8Lang/Old8Lang.Tests/LanguageServer/CompletionHandler_ContextAwareTests.cs:line 200
--- End of stack trace from previous location ---</StackTrace>
        </ErrorInfo>
      </Output>
    </UnitTestResult>
    <UnitTestResult executionId="4266289a-7c72-4f92-950a-c0ed55ad41ac" testId="5f690cd4-40e5-64c5-d9ae-2097c1f11442" testName="Old8Lang.Tests.LanguageServer.CompletionHandlerTests.TestMemberAccessCompletionAsync" computerName="lijiajundeMac-mini" duration="00:00:00.2030270" startTime="2026-01-10T19:06:14.6020390+08:00" endTime="2026-01-10T19:06:14.8459470+08:00" testType="13cdc9d9-ddb5-4fa4-a97d-d965ccfc6d4b" outcome="Passed" testListId="8c84fa94-04c1-424b-9868-57a2d4851a1d" relativeResultsDirectory="4266289a-7c72-4f92-950a-c0ed55ad41ac">
      <Output>
        <StdOut>Document diagnostics count: 2
  Error: 未定义的符号 'name'
  Error: 未定义的符号 'age'
SymbolTable is null: False
SymbolTable count: 3
  User: Class
  user: Variable
  x: Variable
Total completions: 5
  - name (Property)
  - age (Property)
  - getName (Method)
  - getAge (Method)
  - create (Method)</StdOut>
      </Output>
    </UnitTestResult>
    <UnitTestResult executionId="ed6a2515-fd50-4ee4-a3d6-11356b1bf8dc" testId="77bd2750-d212-254b-e4bd-31f7b94ed6f2" testName="Old8Lang.Tests.LanguageServer.CompletionHandler_KeywordsTests.TestAccessModifierKeywords" computerName="lijiajundeMac-mini" duration="00:00:00.0009805" startTime="2026-01-10T19:06:14.8734520+08:00" endTime="2026-01-10T19:06:14.8740350+08:00" testType="13cdc9d9-ddb5-4fa4-a97d-d965ccfc6d4b" outcome="Passed" testListId="8c84fa94-04c1-424b-9868-57a2d4851a1d" relativeResultsDirectory="ed6a2515-fd50-4ee4-a3d6-11356b1bf8dc">
      <Output>
        <StdOut>✓ 找到关键字: public
✓ 找到关键字: private
✓ 找到关键字: static</StdOut>
      </Output>
    </UnitTestResult>
    <UnitTestResult executionId="3b9e2f39-afb7-42ed-bc4b-a39f01f7708e" testId="6785aba8-f79a-26fe-6cbb-2ca18402325b" testName="Old8Lang.Tests.LanguageServer.CompletionHandler_ContextAwareTests.MixinClassAndFunction_ShouldShowBoth" computerName="lijiajundeMac-mini" duration="00:00:00.0009695" startTime="2026-01-10T19:06:14.8636350+08:00" endTime="2026-01-10T19:06:14.8645510+08:00" testType="13cdc9d9-ddb5-4fa4-a97d-d965ccfc6d4b" outcome="Failed" testListId="8c84fa94-04c1-424b-9868-57a2d4851a1d" relativeResultsDirectory="3b9e2f39-afb7-42ed-bc4b-a39f01f7708e">
      <Output>
        <ErrorInfo>
          <Message>Assert.NotNull() Failure: Value is null</Message>
          <StackTrace>   at Old8Lang.Tests.LanguageServer.CompletionHandler_ContextAwareTests.MixinClassAndFunction_ShouldShowBoth() in /Users/luckyfish/Documents/Project/Old8LangProjects/Old8Lang/Old8Lang.Tests/LanguageServer/CompletionHandler_ContextAwareTests.cs:line 530
--- End of stack trace from previous location ---</StackTrace>
        </ErrorInfo>
      </Output>
    </UnitTestResult>
    <UnitTestResult executionId="e8e89cf7-aa70-46e1-b968-b49ef60c88af" testId="68ee492b-3a63-25e1-ba3f-024544e22478" testName="Old8Lang.Tests.LanguageServer.CompletionHandler_ContextAwareTests.FunctionParameterScope_ShouldShowParameters" computerName="lijiajundeMac-mini" duration="00:00:00.0004859" startTime="2026-01-10T19:06:14.8543990+08:00" endTime="2026-01-10T19:06:14.8549120+08:00" testType="13cdc9d9-ddb5-4fa4-a97d-d965ccfc6d4b" outcome="Failed" testListId="8c84fa94-04c1-424b-9868-57a2d4851a1d" relativeResultsDirectory="e8e89cf7-aa70-46e1-b968-b49ef60c88af">
      <Output>
        <ErrorInfo>
          <Message>Assert.NotNull() Failure: Value is null</Message>
          <StackTrace>   at Old8Lang.Tests.LanguageServer.CompletionHandler_ContextAwareTests.FunctionParameterScope_ShouldShowParameters() in /Users/luckyfish/Documents/Project/Old8LangProjects/Old8Lang/Old8Lang.Tests/LanguageServer/CompletionHandler_ContextAwareTests.cs:line 160
--- End of stack trace from previous location ---</StackTrace>
        </ErrorInfo>
      </Output>
    </UnitTestResult>
[...]
[xUnit.net 00:00:00.58]       Collection: [[Keyword] not, [Keyword] null, [Keyword] true, [Keyword] false, [Keyword] if, ···]
[xUnit.net 00:00:00.58]       Stack Trace:
[xUnit.net 00:00:00.58]         /Users/luckyfish/Documents/Project/Old8LangProjects/Old8Lang/Old8Lang.Tests/LanguageServer/CompletionHandler_ExpressionsTests.cs(407,0): at Old8Lang.Tests.LanguageServer.CompletionHandler_ExpressionsTests.ChainedMemberAccess_ShouldComplete()
[xUnit.net 00:00:00.58]         --- End of stack trace from previous location ---
[xUnit.net 00:00:00.58]       Assert.ThrowsAny() Failure: No exception was thrown
[xUnit.net 00:00:00.58]       Expected: typeof(System.OperationCanceledException)
[xUnit.net 00:00:00.58]       Stack Trace:
[xUnit.net 00:00:00.58]         /Users/luckyfish/Documents/Project/Old8LangProjects/Old8Lang/Old8Lang.Tests/LanguageServer/CompletionHandler_LspProtocolTests.cs(241,0): at Old8Lang.Tests.LanguageServer.CompletionHandler_LspProtocolTests.TestCancellationToken_Behavior()
[xUnit.net 00:00:00.58]         --- End of stack trace from previous location ---
[xUnit.net 00:00:00.58]   Finished:    Old8Lang.Tests
</StdOut>
    </Output>
    <RunInfos>
      <RunInfo computerName="lijiajundeMac-mini" outcome="Error" timestamp="2026-01-10T19:06:15.0045360+08:00">
        <Text>[xUnit.net 00:00:00.55]     Old8Lang.Tests.LanguageServer.CompletionHandler_ContextAwareTests.LambdaCapture_ShouldShowCapturedVariables [FAIL]</Text>
      </RunInfo>
      <RunInfo computerName="lijiajundeMac-mini" outcome="Error" timestamp="2026-01-10T19:06:15.0046400+08:00">
        <Text>[xUnit.net 00:00:00.55]     Old8Lang.Tests.LanguageServer.CompletionHandler_ExternTests.ImportWithAlias_SyntaxCompletion [FAIL]</Text>
      </RunInfo>
      <RunInfo computerName="lijiajundeMac-mini" outcome="Error" timestamp="2026-01-10T19:06:15.0047590+08:00">
        <Text>[xUnit.net 00:00:00.55]     Old8Lang.Tests.LanguageServer.CompletionHandler_BuiltInFunctionsTests.MathFunctions_ShouldBeAvailable [FAIL]</Text>
      </RunInfo>
      <RunInfo computerName="lijiajundeMac-mini" outcome="Error" timestamp="2026-01-10T19:06:15.0048390+08:00">
        <Text>[xUnit.net 00:00:00.55]     Old8Lang.Tests.LanguageServer.CompletionHandler_UnionTypesTests.AmpersandOperator_ShouldBeAvailable [FAIL]</Text>
      </RunInfo>
      <RunInfo computerName="lijiajundeMac-mini" outcome="Error" timestamp="2026-01-10T19:06:15.0048490+08:00">
        <Text>[xUnit.net 00:00:00.55]     Old8Lang.Tests.LanguageServer.CompletionHandler_BuiltInFunctionsTests.AsyncFunctions_ShouldBeAvailable [FAIL]</Text>
      </RunInfo>
      <RunInfo computerName="lijiajundeMac-mini" outcome="Error" timestamp="2026-01-10T19:06:15.0049830+08:00">
        <Text>[xUnit.net 00:00:00.55]     Old8Lang.Tests.LanguageServer.CompletionHandler_ContextAwareTests.FunctionBlockExpression_ShouldNotLeak [FAIL]</Text>
      </RunInfo>
      <RunInfo computerName="lijiajundeMac-mini" outcome="Error" timestamp="2026-01-10T19:06:15.0050670+08:00">
        <Text>[xUnit.net 00:00:00.55]     Old8Lang.Tests.LanguageServer.CompletionHandler_BuiltInFunctionsTests.VectorFunctions_ShouldBeAvailable [FAIL]</Text>
      </RunInfo>
      <RunInfo computerName="lijiajundeMac-mini" outcome="Error" timestamp="2026-01-10T19:06:15.0050740+08:00">
        <Text>[xUnit.net 00:00:00.55]     Old8Lang.Tests.LanguageServer.CompletionHandler_ExternTests.ExternVariable_ShouldComplete [FAIL]</Text>
      </RunInfo>
      <RunInfo computerName="lijiajundeMac-mini" outcome="Error" timestamp="2026-01-10T19:06:15.0051350+08:00">
        <Text>[xUnit.net 00:00:00.55]     Old8Lang.Tests.LanguageServer.CompletionHandler_ContextAwareTests.ThisInBlockScope_ShouldCaptureBlockVariables [FAIL]</Text>
      </RunInfo>
      <RunInfo computerName="lijiajundeMac-mini" outcome="Error" timestamp="2026-01-10T19:06:15.0052190+08:00">
        <Text>[xUnit.net 00:00:00.56]     Old8Lang.Tests.LanguageServer.CompletionHandler_ContextAwareTests.FunctionParameterScope_ShouldShowParameters [FAIL]</Text>
      </RunInfo>
      <RunInfo computerName="lijiajundeMac-mini" outcome="Error" timestamp="2026-01-10T19:06:15.0052270+08:00">
        <Text>[xUnit.net 00:00:00.56]     Old8Lang.Tests.LanguageServer.CompletionHandler_ExternTests.NativeFunctionDeclaration_Completion [FAIL]</Text>
      </RunInfo>
      <RunInfo computerName="lijiajundeMac-mini" outcome="Error" timestamp="2026-01-10T19:06:15.0052340+08:00">
        <Text>[xUnit.net 00:00:00.56]     Old8Lang.Tests.LanguageServer.CompletionHandler_BuiltInFunctionsTests.JsonFunctions_ShouldBeAvailable [FAIL]</Text>
      </RunInfo>
      <RunInfo computerName="lijiajundeMac-mini" outcome="Error" timestamp="2026-01-10T19:06:15.0052920+08:00">
        <Text>[xUnit.net 00:00:00.56]     Old8Lang.Tests.LanguageServer.CompletionHandler_ContextAwareTests.InheritanceScope_ShouldShowBaseClassMembers [FAIL]</Text>
      </RunInfo>
      <RunInfo computerName="lijiajundeMac-mini" outcome="Error" timestamp="2026-01-10T19:06:15.0053510+08:00">
        <Text>[xUnit.net 00:00:00.56]     Old8Lang.Tests.LanguageServer.CompletionHandler_BuiltInFunctionsTests.CryptographyFunctions_ShouldBeAvailable [FAIL]</Text>
      </RunInfo>
      <RunInfo computerName="lijiajundeMac-mini" outcome="Error" timestamp="2026-01-10T19:06:15.0054200+08:00">
        <Text>[xUnit.net 00:00:00.56]     Old8Lang.Tests.LanguageServer.CompletionHandler_MemberChainTests.ThreeLevelMemberAccess_ShouldComplete [FAIL]</Text>
      </RunInfo>
      <RunInfo computerName="lijiajundeMac-mini" outcome="Error" timestamp="2026-01-10T19:06:15.0054340+08:00">
        <Text>[xUnit.net 00:00:00.56]     Old8Lang.Tests.LanguageServer.CompletionHandler_GenericsTests.GenericConstraint_WhereSyntax_ShouldComplete [FAIL]</Text>
      </RunInfo>
      <RunInfo computerName="lijiajundeMac-mini" outcome="Error" timestamp="2026-01-10T19:06:15.0054410+08:00">
        <Text>[xUnit.net 00:00:00.56]     Old8Lang.Tests.LanguageServer.CompletionHandler_UnionTypesTests.NullableTypeKeyword_ShouldBeAvailable [FAIL]</Text>
      </RunInfo>
      <RunInfo computerName="lijiajundeMac-mini" outcome="Error" timestamp="2026-01-10T19:06:15.0055090+08:00">
        <Text>[xUnit.net 00:00:00.56]     Old8Lang.Tests.LanguageServer.CompletionHandler_BuiltInFunctionsTests.RandomFunctions_ShouldBeAvailable [FAIL]</Text>
      </RunInfo>
      <RunInfo computerName="lijiajundeMac-mini" outcome="Error" timestamp="2026-01-10T19:06:15.0055160+08:00">
        <Text>[xUnit.net 00:00:00.56]     Old8Lang.Tests.LanguageServer.CompletionHandler_MemberChainTests.FourLevelDeepChain_ShouldComplete [FAIL]</Text>
      </RunInfo>
      <RunInfo computerName="lijiajundeMac-mini" outcome="Error" timestamp="2026-01-10T19:06:15.0055730+08:00">
        <Text>[xUnit.net 00:00:00.56]     Old8Lang.Tests.LanguageServer.CompletionHandler_BuiltInFunctionsTests.CollectionFunctions_ShouldBeAvailable [FAIL]</Text>
      </RunInfo>
      <RunInfo computerName="lijiajundeMac-mini" outcome="Error" timestamp="2026-01-10T19:06:15.0055810+08:00">
        <Text>[xUnit.net 00:00:00.56]     Old8Lang.Tests.LanguageServer.CompletionHandler_ContextAwareTests.StaticMemberAccess_ShouldShowOnlyFromInstance [FAIL]</Text>
      </RunInfo>
      <RunInfo computerName="lijiajundeMac-mini" outcome="Error" timestamp="2026-01-10T19:06:15.0055870+08:00">
        <Text>[xUnit.net 00:00:00.56]     Old8Lang.Tests.LanguageServer.CompletionHandler_GenericsTests.GenericFunctionDefinition_ShouldComplete [FAIL]</Text>
      </RunInfo>
      <RunInfo computerName="lijiajundeMac-mini" outcome="Error" timestamp="2026-01-10T19:06:15.0055940+08:00">
        <Text>[xUnit.net 00:00:00.56]     Old8Lang.Tests.LanguageServer.CompletionHandler_MemberChainTests.MethodCallAfterMethodCall_ShouldComplete [FAIL]</Text>
      </RunInfo>
      <RunInfo computerName="lijiajundeMac-mini" outcome="Error" timestamp="2026-01-10T19:06:15.0056750+08:00">
        <Text>[xUnit.net 00:00:00.56]     Old8Lang.Tests.LanguageServer.CompletionHandler_BuiltInFunctionsTests.FileFunctions_ShouldBeAvailable [FAIL]</Text>
      </RunInfo>
      <RunInfo computerName="lijiajundeMac-mini" outcome="Error" timestamp="2026-01-10T19:06:15.0057490+08:00">
        <Text>[xUnit.net 00:00:00.56]     Old8Lang.Tests.LanguageServer.CompletionHandler_GenericsTests.MultipleTypeParameters_ShouldComplete [FAIL]</Text>
      </RunInfo>
      <RunInfo computerName="lijiajundeMac-mini" outcome="Error" timestamp="2026-01-10T19:06:15.0057600+08:00">
        <Text>[xUnit.net 00:00:00.56]     Old8Lang.Tests.LanguageServer.CompletionHandler_MemberChainTests.MemberAccessInExpression_ShouldComplete [FAIL]</Text>
      </RunInfo>
      <RunInfo computerName="lijiajundeMac-mini" outcome="Error" timestamp="2026-01-10T19:06:15.0058110+08:00">
        <Text>[xUnit.net 00:00:00.57]     Old8Lang.Tests.LanguageServer.CompletionHandler_BuiltInFunctionsTests.StringFunctions_ShouldBeAvailable [FAIL]</Text>
      </RunInfo>
      <RunInfo computerName="lijiajundeMac-mini" outcome="Error" timestamp="2026-01-10T19:06:15.0058190+08:00">
        <Text>[xUnit.net 00:00:00.57]     Old8Lang.Tests.LanguageServer.CompletionHandler_ContextAwareTests.MixinClassAndFunction_ShouldShowBoth [FAIL]</Text>
      </RunInfo>
      <RunInfo computerName="lijiajundeMac-mini" outcome="Error" timestamp="2026-01-10T19:06:15.0058850+08:00">
        <Text>[xUnit.net 00:00:00.57]     Old8Lang.Tests.LanguageServer.CompletionHandler_SnippetsExtendedTests.TryCatchFinallySnippet_ShouldBeAvailable [FAIL]</Text>
      </RunInfo>
      <RunInfo computerName="lijiajundeMac-mini" outcome="Error" timestamp="2026-01-10T19:06:15.0058950+08:00">
        <Text>[xUnit.net 00:00:00.57]     Old8Lang.Tests.LanguageServer.CompletionHandler_BuiltInFunctionsTests.OSFunctions_ShouldBeAvailable [FAIL]</Text>
      </RunInfo>
      <RunInfo computerName="lijiajundeMac-mini" outcome="Error" timestamp="2026-01-10T19:06:15.0059020+08:00">
        <Text>[xUnit.net 00:00:00.57]     Old8Lang.Tests.LanguageServer.CompletionHandler_MemberChainTests.ThisInChain_ShouldComplete [FAIL]</Text>
      </RunInfo>
      <RunInfo computerName="lijiajundeMac-mini" outcome="Error" timestamp="2026-01-10T19:06:15.0059620+08:00">
        <Text>[xUnit.net 00:00:00.57]     Old8Lang.Tests.LanguageServer.CompletionHandler_GenericsTests.AllGenericKeywords_ShouldBeAvailable [FAIL]</Text>
      </RunInfo>
      <RunInfo computerName="lijiajundeMac-mini" outcome="Error" timestamp="2026-01-10T19:06:15.0059710+08:00">
        <Text>[xUnit.net 00:00:00.57]     Old8Lang.Tests.LanguageServer.CompletionHandler_ContextAwareTests.LocalVariableScope_ShouldShadowGlobalVariable [FAIL]</Text>
      </RunInfo>
      <RunInfo computerName="lijiajundeMac-mini" outcome="Error" timestamp="2026-01-10T19:06:15.0059790+08:00">
        <Text>[xUnit.net 00:00:00.57]     Old8Lang.Tests.LanguageServer.CompletionHandler_BuiltInFunctionsTests.TypeFunctions_ShouldBeAvailable [FAIL]</Text>
      </RunInfo>
      <RunInfo computerName="lijiajundeMac-mini" outcome="Error" timestamp="2026-01-10T19:06:15.0059860+08:00">
        <Text>[xUnit.net 00:00:00.57]     Old8Lang.Tests.LanguageServer.CompletionHandler_SnippetsExtendedTests.MatchExpressionSnippet_ShouldBeAvailable [FAIL]</Text>
      </RunInfo>
      <RunInfo computerName="lijiajundeMac-mini" outcome="Error" timestamp="2026-01-10T19:06:15.0060470+08:00">
        <Text>[xUnit.net 00:00:00.57]     Old8Lang.Tests.LanguageServer.CompletionHandler_BuiltInFunctionsTests.ConversionFunctions_ShouldBeAvailable [FAIL]</Text>
      </RunInfo>
      <RunInfo computerName="lijiajundeMac-mini" outcome="Error" timestamp="2026-01-10T19:06:15.0060550+08:00">
        <Text>[xUnit.net 00:00:00.57]     Old8Lang.Tests.LanguageServer.CompletionHandler_ExpressionsTests.MemberAccess_DotOperator [FAIL]</Text>
      </RunInfo>
      <RunInfo computerName="lijiajundeMac-mini" outcome="Error" timestamp="2026-01-10T19:06:15.0060650+08:00">
        <Text>[xUnit.net 00:00:00.57]     Old8Lang.Tests.LanguageServer.CompletionHandler_GenericsTests.GenericClassDefinition_ShouldComplete [FAIL]</Text>
      </RunInfo>
      <RunInfo computerName="lijiajundeMac-mini" outcome="Error" timestamp="2026-01-10T19:06:15.0060720+08:00">
        <Text>[xUnit.net 00:00:00.57]     Old8Lang.Tests.LanguageServer.CompletionHandler_MemberChainTests.SuperInChain_ShouldComplete [FAIL]</Text>
      </RunInfo>
      <RunInfo computerName="lijiajundeMac-mini" outcome="Error" timestamp="2026-01-10T19:06:15.0061280+08:00">
        <Text>[xUnit.net 00:00:00.57]     Old8Lang.Tests.LanguageServer.CompletionHandler_ContextAwareTests.MixinGlobalAndLocal_ShouldPrioritizeLocal [FAIL]</Text>
      </RunInfo>
      <RunInfo computerName="lijiajundeMac-mini" outcome="Error" timestamp="2026-01-10T19:06:15.0061360+08:00">
        <Text>[xUnit.net 00:00:00.57]     Old8Lang.Tests.LanguageServer.CompletionHandler_BuiltInFunctionsTests.TerminalFunctions_ShouldBeAvailable [FAIL]</Text>
      </RunInfo>
      <RunInfo computerName="lijiajundeMac-mini" outcome="Error" timestamp="2026-01-10T19:06:15.0061420+08:00">
        <Text>[xUnit.net 00:00:00.57]     Old8Lang.Tests.LanguageServer.CompletionHandler_ContextAwareTests.NestedFunctionScope_ShouldShowAll [FAIL]</Text>
      </RunInfo>
      <RunInfo computerName="lijiajundeMac-mini" outcome="Error" timestamp="2026-01-10T19:06:15.0062170+08:00">
        <Text>[xUnit.net 00:00:00.57]     Old8Lang.Tests.LanguageServer.CompletionHandler_ContextAwareTests.ImportScope_ShouldShowImportedSymbols [FAIL]</Text>
      </RunInfo>
      <RunInfo computerName="lijiajundeMac-mini" outcome="Error" timestamp="2026-01-10T19:06:15.0062770+08:00">
        <Text>[xUnit.net 00:00:00.57]     Old8Lang.Tests.LanguageServer.CompletionHandler_MemberChainTests.NestedClassMethodCalls_ShouldComplete [FAIL]</Text>
      </RunInfo>
      <RunInfo computerName="lijiajundeMac-mini" outcome="Error" timestamp="2026-01-10T19:06:15.0062850+08:00">
        <Text>[xUnit.net 00:00:00.57]     Old8Lang.Tests.LanguageServer.CompletionHandler_GenericsTests.GenericInheritance_ShouldComplete [FAIL]</Text>
      </RunInfo>
      <RunInfo computerName="lijiajundeMac-mini" outcome="Error" timestamp="2026-01-10T19:06:15.0063780+08:00">
        <Text>[xUnit.net 00:00:00.57]     Old8Lang.Tests.LanguageServer.CompletionHandler_ContextAwareTests.CommentInCode_ShouldNotAffectCompletion [FAIL]</Text>
      </RunInfo>
      <RunInfo computerName="lijiajundeMac-mini" outcome="Error" timestamp="2026-01-10T19:06:15.0063860+08:00">
        <Text>[xUnit.net 00:00:00.57]     Old8Lang.Tests.LanguageServer.CompletionHandler_MemberChainTests.ChainOfPropertyAccess_ShouldComplete [FAIL]</Text>
      </RunInfo>
      <RunInfo computerName="lijiajundeMac-mini" outcome="Error" timestamp="2026-01-10T19:06:15.0063930+08:00">
        <Text>[xUnit.net 00:00:00.57]     Old8Lang.Tests.LanguageServer.CompletionHandler_BuiltInFunctionsTests.TimeFunctions_ShouldBeAvailable [FAIL]</Text>
      </RunInfo>
      <RunInfo computerName="lijiajundeMac-mini" outcome="Error" timestamp="2026-01-10T19:06:15.0064500+08:00">
        <Text>[xUnit.net 00:00:00.57]     Old8Lang.Tests.LanguageServer.CompletionHandler_GenericsTests.GenericConstraint_ColonSyntax_ShouldComplete [FAIL]</Text>
      </RunInfo>
      <RunInfo computerName="lijiajundeMac-mini" outcome="Error" timestamp="2026-01-10T19:06:15.0064590+08:00">
        <Text>[xUnit.net 00:00:00.57]     Old8Lang.Tests.LanguageServer.CompletionHandler_MemberChainTests.ChainWithMethodParameters_ShouldComplete [FAIL]</Text>
      </RunInfo>
      <RunInfo computerName="lijiajundeMac-mini" outcome="Error" timestamp="2026-01-10T19:06:15.0065270+08:00">
        <Text>[xUnit.net 00:00:00.57]     Old8Lang.Tests.LanguageServer.CompletionHandler_ContextAwareTests.GlobalScope_ShouldHaveAllCompletions [FAIL]</Text>
      </RunInfo>
      <RunInfo computerName="lijiajundeMac-mini" outcome="Error" timestamp="2026-01-10T19:06:15.0065380+08:00">
        <Text>[xUnit.net 00:00:00.57]     Old8Lang.Tests.LanguageServer.CompletionHandler_MemberChainTests.StaticMethodChain_ShouldComplete [FAIL]</Text>
      </RunInfo>
      <RunInfo computerName="lijiajundeMac-mini" outcome="Error" timestamp="2026-01-10T19:06:15.0065440+08:00">
        <Text>[xUnit.net 00:00:00.57]     Old8Lang.Tests.LanguageServer.CompletionHandler_SnippetsExtendedTests.EnumSnippet_ShouldBeAvailable [FAIL]</Text>
      </RunInfo>
      <RunInfo computerName="lijiajundeMac-mini" outcome="Error" timestamp="2026-01-10T19:06:15.0066050+08:00">
        <Text>[xUnit.net 00:00:00.57]     Old8Lang.Tests.LanguageServer.CompletionHandler_GenericsTests.GenericMemberAccess_ShouldComplete [FAIL]</Text>
      </RunInfo>
      <RunInfo computerName="lijiajundeMac-mini" outcome="Error" timestamp="2026-01-10T19:06:15.0066140+08:00">
        <Text>[xUnit.net 00:00:00.57]     Old8Lang.Tests.LanguageServer.CompletionHandler_ContextAwareTests.ForLoopScope_ShouldShowIterationVariable [FAIL]</Text>
      </RunInfo>
      <RunInfo computerName="lijiajundeMac-mini" outcome="Error" timestamp="2026-01-10T19:06:15.0066860+08:00">
        <Text>[xUnit.net 00:00:00.57]     Old8Lang.Tests.LanguageServer.CompletionHandler_SnippetsExtendedTests.Snippets_ShouldHavePlaceholders [FAIL]</Text>
      </RunInfo>
      <RunInfo computerName="lijiajundeMac-mini" outcome="Error" timestamp="2026-01-10T19:06:15.0067630+08:00">
        <Text>[xUnit.net 00:00:00.57]     Old8Lang.Tests.LanguageServer.CompletionHandler_AsyncFuncTests.AsyncFuncKeyword_ShouldBeAvailable [FAIL]</Text>
      </RunInfo>
      <RunInfo computerName="lijiajundeMac-mini" outcome="Error" timestamp="2026-01-10T19:06:15.0068350+08:00">
        <Text>[xUnit.net 00:00:00.58]     Old8Lang.Tests.LanguageServer.CompletionHandler_ContextAwareTests.ClassMethodScope_ShouldHaveMethodAndProperty [FAIL]</Text>
      </RunInfo>
      <RunInfo computerName="lijiajundeMac-mini" outcome="Error" timestamp="2026-01-10T19:06:15.0068430+08:00">
        <Text>[xUnit.net 00:00:00.58]     Old8Lang.Tests.LanguageServer.CompletionHandler_SnippetsExtendedTests.AsyncFunctionSnippet_ShouldBeAvailable [FAIL]</Text>
      </RunInfo>
      <RunInfo computerName="lijiajundeMac-mini" outcome="Error" timestamp="2026-01-10T19:06:15.0069090+08:00">
        <Text>[xUnit.net 00:00:00.58]     Old8Lang.Tests.LanguageServer.CompletionHandler_AsyncFuncTests.AsyncFuncSnippet_ShouldBeAvailable [FAIL]</Text>
      </RunInfo>
      <RunInfo computerName="lijiajundeMac-mini" outcome="Error" timestamp="2026-01-10T19:06:15.0069190+08:00">
        <Text>[xUnit.net 00:00:00.58]     Old8Lang.Tests.LanguageServer.CompletionHandler_ContextAwareTests.MemberAccessInsideMethod_ShouldNotShowGlobal [FAIL]</Text>
      </RunInfo>
      <RunInfo computerName="lijiajundeMac-mini" outcome="Error" timestamp="2026-01-10T19:06:15.0069890+08:00">
        <Text>[xUnit.net 00:00:00.58]     Old8Lang.Tests.LanguageServer.CompletionHandler_SnippetsExtendedTests.InterfaceSnippet_ShouldBeAvailable [FAIL]</Text>
      </RunInfo>
      <RunInfo computerName="lijiajundeMac-mini" outcome="Error" timestamp="2026-01-10T19:06:15.0070470+08:00">
        <Text>[xUnit.net 00:00:00.58]     Old8Lang.Tests.LanguageServer.CompletionHandler_SnippetsExtendedTests.DeferStatementSnippet_ShouldBeAvailable [FAIL]</Text>
      </RunInfo>
      <RunInfo computerName="lijiajundeMac-mini" outcome="Error" timestamp="2026-01-10T19:06:15.0071220+08:00">
        <Text>[xUnit.net 00:00:00.58]     Old8Lang.Tests.LanguageServer.CompletionHandler_ExpressionsTests.ChainedMemberAccess_ShouldComplete [FAIL]</Text>
      </RunInfo>
      <RunInfo computerName="lijiajundeMac-mini" outcome="Error" timestamp="2026-01-10T19:06:15.0071300+08:00">
        <Text>[xUnit.net 00:00:00.58]     Old8Lang.Tests.LanguageServer.CompletionHandler_LspProtocolTests.TestCancellationToken_Behavior [FAIL]</Text>
      </RunInfo>
    </RunInfos>
  </ResultSummary>
</TestRun>